[ 2017-03-23T09:12:34+08:00 ] ::1 /index.php?c=index&a=buid_html
ERR: 非法操作:buid_html

[ 2017-03-23T09:13:16+08:00 ] ::1 /index.php?c=index&a=getCount
INFO: [ app_begin ] --START--
INFO: Run Behavior\ReadHtmlCacheBehavior [ RunTime:0.000503s ]
INFO: [ app_begin ] --END-- [ RunTime:0.001072s ]
ERR: 非法操作:getCount

[ 2017-03-23T09:13:25+08:00 ] ::1 /index.php?c=index&a=getCount
INFO: [ app_begin ] --START--
INFO: Run Behavior\ReadHtmlCacheBehavior [ RunTime:0.000469s ]
INFO: [ app_begin ] --END-- [ RunTime:0.000977s ]
ERR: 非法操作:getCount

[ 2017-03-23T09:13:32+08:00 ] ::1 /index.php?c=index&a=getCount
INFO: [ app_begin ] --START--
INFO: Run Behavior\ReadHtmlCacheBehavior [ RunTime:0.000469s ]
INFO: [ app_begin ] --END-- [ RunTime:0.000857s ]
ERR: 非法操作:getCount

[ 2017-03-23T09:13:35+08:00 ] ::1 /index.php?c=index&a=getCount
INFO: [ app_begin ] --START--
INFO: Run Behavior\ReadHtmlCacheBehavior [ RunTime:0.000472s ]
INFO: [ app_begin ] --END-- [ RunTime:0.000833s ]
ERR: 非法操作:getCount

[ 2017-03-23T09:13:39+08:00 ] ::1 /index.php?c=index&a=getCount
INFO: [ app_begin ] --START--
INFO: Run Behavior\ReadHtmlCacheBehavior [ RunTime:0.000475s ]
INFO: [ app_begin ] --END-- [ RunTime:0.000891s ]
ERR: 非法操作:getCount

[ 2017-03-23T09:13:44+08:00 ] ::1 /index.php?c=index&a=getCount
INFO: [ app_begin ] --START--
INFO: Run Behavior\ReadHtmlCacheBehavior [ RunTime:0.000694s ]
INFO: [ app_begin ] --END-- [ RunTime:0.001256s ]
ERR: 非法操作:getCount

[ 2017-03-23T09:17:21+08:00 ] ::1 /index.php?c=index&a=getCount
INFO: [ app_begin ] --START--
INFO: Run Behavior\ReadHtmlCacheBehavior [ RunTime:0.000780s ]
INFO: [ app_begin ] --END-- [ RunTime:0.001351s ]
ERR: 非法操作:getCount

[ 2017-03-23T09:17:28+08:00 ] ::1 /index.php?c=index&a=getCount
INFO: [ app_begin ] --START--
INFO: Run Behavior\ReadHtmlCacheBehavior [ RunTime:0.000734s ]
INFO: [ app_begin ] --END-- [ RunTime:0.001185s ]
ERR: 非法操作:getCount

[ 2017-03-23T09:17:33+08:00 ] ::1 /index.php?c=detail&id=11
ERR: 三个月好友

[ 2017-03-23T09:22:53+08:00 ] ::1 /index.php?c=detail&ia
ERR: 1064:You have an error in your SQL syntax; check the manual that corresponds to your MySQL server version for the right syntax to use near ') AND `status` = 1 ORDER BY counts desc ,news_id desc LIMIT 10' at line 1
 [ SQL语句 ] : SELECT * FROM `cms_news` WHERE ( news_id= ) AND `status` = 1 ORDER BY counts desc ,news_id desc LIMIT 10  

[ 2017-03-23T09:22:56+08:00 ] ::1 /index.php?c=index&a=getCount
INFO: [ app_begin ] --START--
INFO: Run Behavior\ReadHtmlCacheBehavior [ RunTime:0.000473s ]
INFO: [ app_begin ] --END-- [ RunTime:0.000838s ]
ERR: 非法操作:getCount

[ 2017-03-23T09:23:09+08:00 ] ::1 /index.php?c=detail&a=build_html
ERR: 1064:You have an error in your SQL syntax; check the manual that corresponds to your MySQL server version for the right syntax to use near ') AND `status` = 1 ORDER BY counts desc ,news_id desc LIMIT 10' at line 1
 [ SQL语句 ] : SELECT * FROM `cms_news` WHERE ( news_id= ) AND `status` = 1 ORDER BY counts desc ,news_id desc LIMIT 10  

[ 2017-03-23T09:23:12+08:00 ] ::1 /index.php?c=index&a=getCount
INFO: [ app_begin ] --START--
INFO: Run Behavior\ReadHtmlCacheBehavior [ RunTime:0.000512s ]
INFO: [ app_begin ] --END-- [ RunTime:0.000942s ]
ERR: 非法操作:getCount

[ 2017-03-23T09:24:05+08:00 ] ::1 /index.php?c=index&a=getCount
INFO: [ app_begin ] --START--
INFO: Run Behavior\ReadHtmlCacheBehavior [ RunTime:0.000858s ]
INFO: [ app_begin ] --END-- [ RunTime:0.001315s ]
ERR: 非法操作:getCount

[ 2017-03-23T09:24:17+08:00 ] ::1 /index.php?c=index&a=getCount
INFO: [ app_begin ] --START--
INFO: Run Behavior\ReadHtmlCacheBehavior [ RunTime:0.000557s ]
INFO: [ app_begin ] --END-- [ RunTime:0.000910s ]
ERR: 非法操作:getCount

[ 2017-03-23T09:25:10+08:00 ] ::1 /index.php?c=detail&id=build_html
ERR: 1064:You have an error in your SQL syntax; check the manual that corresponds to your MySQL server version for the right syntax to use near ') AND `status` = 1 ORDER BY counts desc ,news_id desc LIMIT 10' at line 1
 [ SQL语句 ] : SELECT * FROM `cms_news` WHERE ( news_id= ) AND `status` = 1 ORDER BY counts desc ,news_id desc LIMIT 10  

[ 2017-03-23T09:25:13+08:00 ] ::1 /index.php?c=index&a=getCount
INFO: [ app_begin ] --START--
INFO: Run Behavior\ReadHtmlCacheBehavior [ RunTime:0.000650s ]
INFO: [ app_begin ] --END-- [ RunTime:0.001020s ]
ERR: 非法操作:getCount

[ 2017-03-23T09:25:17+08:00 ] ::1 /index.php?c=index&a=getCount
INFO: [ app_begin ] --START--
INFO: Run Behavior\ReadHtmlCacheBehavior [ RunTime:0.000463s ]
INFO: [ app_begin ] --END-- [ RunTime:0.000827s ]
ERR: 非法操作:getCount

[ 2017-03-23T09:25:37+08:00 ] ::1 /index.php?c=detail&a=build_html
ERR: 1064:You have an error in your SQL syntax; check the manual that corresponds to your MySQL server version for the right syntax to use near ') AND `status` = 1 ORDER BY counts desc ,news_id desc LIMIT 10' at line 1
 [ SQL语句 ] : SELECT * FROM `cms_news` WHERE ( news_id= ) AND `status` = 1 ORDER BY counts desc ,news_id desc LIMIT 10  

[ 2017-03-23T09:25:39+08:00 ] ::1 /index.php?c=index&a=getCount
INFO: [ app_begin ] --START--
INFO: Run Behavior\ReadHtmlCacheBehavior [ RunTime:0.000466s ]
INFO: [ app_begin ] --END-- [ RunTime:0.000826s ]
ERR: 非法操作:getCount

[ 2017-03-23T09:31:04+08:00 ] ::1 /index.php?c=index&a=getCount
INFO: [ app_begin ] --START--
INFO: Run Behavior\ReadHtmlCacheBehavior [ RunTime:0.000791s ]
INFO: [ app_begin ] --END-- [ RunTime:0.001416s ]
ERR: 非法操作:getCount

[ 2017-03-23T09:31:27+08:00 ] ::1 /index.php?c=index&a=build_html
ERR: 模板不存在:./Apps/Home/View/Index/build_html.html

[ 2017-03-23T09:32:01+08:00 ] ::1 /index.php?c=index&a=build_html
ERR: 模板不存在:./Apps/Home/View/Index/build_html.html

[ 2017-03-23T09:33:55+08:00 ] ::1 /index.php?c=index&a=getCount
INFO: [ app_begin ] --START--
INFO: Run Behavior\ReadHtmlCacheBehavior [ RunTime:0.000525s ]
INFO: [ app_begin ] --END-- [ RunTime:0.001086s ]
ERR: 非法操作:getCount

[ 2017-03-23T09:36:08+08:00 ] ::1 /index.php?m=Home&c=Index&a=index.html
ERR: 非法操作:index.html

[ 2017-03-23T09:43:34+08:00 ] ::1 /index.php?c=index&a=getCount
INFO: [ app_begin ] --START--
INFO: Run Behavior\ReadHtmlCacheBehavior [ RunTime:0.000471s ]
INFO: [ app_begin ] --END-- [ RunTime:0.000875s ]
ERR: 非法操作:getCount

[ 2017-03-23T09:43:53+08:00 ] ::1 /index.php?m=Home&c=index&a=detail
ERR: 非法操作:detail

[ 2017-03-23T09:44:04+08:00 ] ::1 /index.php?m=Home&c=index&a=detail
ERR: 非法操作:detail

[ 2017-03-23T09:44:21+08:00 ] ::1 /index.php?c=index&a=getCount
INFO: [ app_begin ] --START--
INFO: Run Behavior\ReadHtmlCacheBehavior [ RunTime:0.000709s ]
INFO: [ app_begin ] --END-- [ RunTime:0.001302s ]
ERR: 非法操作:getCount

[ 2017-03-23T09:44:23+08:00 ] ::1 /index.php?m=home&c=index&a=detail
ERR: 非法操作:detail

[ 2017-03-23T09:44:51+08:00 ] ::1 /index.php?c=index&a=getCount
INFO: [ app_begin ] --START--
INFO: Run Behavior\ReadHtmlCacheBehavior [ RunTime:0.000705s ]
INFO: [ app_begin ] --END-- [ RunTime:0.001269s ]
ERR: 非法操作:getCount

[ 2017-03-23T09:45:34+08:00 ] ::1 /index.php?c=index&a=getCount
INFO: [ app_begin ] --START--
INFO: Run Behavior\ReadHtmlCacheBehavior [ RunTime:0.000918s ]
INFO: [ app_begin ] --END-- [ RunTime:0.001527s ]
ERR: 非法操作:getCount

[ 2017-03-23T09:45:49+08:00 ] ::1 /index.php?c=index&a=getCount
INFO: [ app_begin ] --START--
INFO: Run Behavior\ReadHtmlCacheBehavior [ RunTime:0.000523s ]
INFO: [ app_begin ] --END-- [ RunTime:0.000980s ]
ERR: 非法操作:getCount

[ 2017-03-23T09:48:29+08:00 ] ::1 /index.php?c=index&a=getCount
INFO: [ app_begin ] --START--
INFO: Run Behavior\ReadHtmlCacheBehavior [ RunTime:0.000707s ]
INFO: [ app_begin ] --END-- [ RunTime:0.001256s ]
ERR: 非法操作:getCount

[ 2017-03-23T09:49:33+08:00 ] ::1 /index.php?c=index&a=getCount
INFO: [ app_begin ] --START--
INFO: Run Behavior\ReadHtmlCacheBehavior [ RunTime:0.000516s ]
INFO: [ app_begin ] --END-- [ RunTime:0.001090s ]
ERR: 非法操作:getCount

[ 2017-03-23T09:49:37+08:00 ] ::1 /index.php?m=home&c=index&a=detial&id=13
ERR: 非法操作:detial

[ 2017-03-23T09:49:53+08:00 ] ::1 /index.php?c=index&a=getCount
INFO: [ app_begin ] --START--
INFO: Run Behavior\ReadHtmlCacheBehavior [ RunTime:0.000736s ]
INFO: [ app_begin ] --END-- [ RunTime:0.001327s ]
ERR: 非法操作:getCount

[ 2017-03-23T09:49:56+08:00 ] ::1 /index.php?m=home&c=index&a=detial&id=15
ERR: 非法操作:detial

[ 2017-03-23T09:50:06+08:00 ] ::1 /index.php?c=index&a=getCount
INFO: [ app_begin ] --START--
INFO: Run Behavior\ReadHtmlCacheBehavior [ RunTime:0.000751s ]
INFO: [ app_begin ] --END-- [ RunTime:0.001348s ]
ERR: 非法操作:getCount

[ 2017-03-23T09:50:06+08:00 ] ::1 /index.php?m=home&c=index&a=detail&id=16
ERR: 非法操作:detail

[ 2017-03-23T09:50:45+08:00 ] ::1 /index.php?m=home&c=index&a=detail&id=13
ERR: 非法操作:detail

[ 2017-03-23T09:50:53+08:00 ] ::1 /index.php?c=index&a=getCount
INFO: [ app_begin ] --START--
INFO: Run Behavior\ReadHtmlCacheBehavior [ RunTime:0.000477s ]
INFO: [ app_begin ] --END-- [ RunTime:0.000843s ]
ERR: 非法操作:getCount

[ 2017-03-23T09:51:00+08:00 ] ::1 /index.php?c=index&a=getCount
INFO: [ app_begin ] --START--
INFO: Run Behavior\ReadHtmlCacheBehavior [ RunTime:0.000705s ]
INFO: [ app_begin ] --END-- [ RunTime:0.001294s ]
ERR: 非法操作:getCount

[ 2017-03-23T09:53:49+08:00 ] ::1 /index.php?c=index&a=getCount
INFO: [ app_begin ] --START--
INFO: Run Behavior\ReadHtmlCacheBehavior [ RunTime:0.000731s ]
INFO: [ app_begin ] --END-- [ RunTime:0.001306s ]
ERR: 非法操作:getCount

[ 2017-03-23T09:54:06+08:00 ] ::1 /index.php?c=index&a=getCount
INFO: [ app_begin ] --START--
INFO: Run Behavior\ReadHtmlCacheBehavior [ RunTime:0.000758s ]
INFO: [ app_begin ] --END-- [ RunTime:0.001567s ]
ERR: 非法操作:getCount

[ 2017-03-23T09:54:08+08:00 ] ::1 /index.php?m=Home&c=index&a=detailid=9
ERR: 非法操作:detailid=9

[ 2017-03-23T09:54:20+08:00 ] ::1 /index.php?c=index&a=getCount
INFO: [ app_begin ] --START--
INFO: Run Behavior\ReadHtmlCacheBehavior [ RunTime:0.000781s ]
INFO: [ app_begin ] --END-- [ RunTime:0.001432s ]
ERR: 非法操作:getCount

[ 2017-03-23T09:54:25+08:00 ] ::1 /index.php?m=Home&c=index&a=detail&id=11
ERR: 非法操作:detail

[ 2017-03-23T09:54:56+08:00 ] ::1 /index.php?c=index&a=getCount
INFO: [ app_begin ] --START--
INFO: Run Behavior\ReadHtmlCacheBehavior [ RunTime:0.000718s ]
INFO: [ app_begin ] --END-- [ RunTime:0.001441s ]
ERR: 非法操作:getCount

[ 2017-03-23T09:55:07+08:00 ] ::1 /index.php?c=index&a=getCount
INFO: [ app_begin ] --START--
INFO: Run Behavior\ReadHtmlCacheBehavior [ RunTime:0.000574s ]
INFO: [ app_begin ] --END-- [ RunTime:0.001184s ]
ERR: 非法操作:getCount

[ 2017-03-23T09:55:34+08:00 ] ::1 /index.php?c=index&a=getCount
INFO: [ app_begin ] --START--
INFO: Run Behavior\ReadHtmlCacheBehavior [ RunTime:0.000491s ]
INFO: [ app_begin ] --END-- [ RunTime:0.000857s ]
ERR: 非法操作:getCount

[ 2017-03-23T09:56:06+08:00 ] ::1 /index.php?c=index&a=getCount
INFO: [ app_begin ] --START--
INFO: Run Behavior\ReadHtmlCacheBehavior [ RunTime:0.001161s ]
INFO: [ app_begin ] --END-- [ RunTime:0.001869s ]
ERR: 非法操作:getCount

[ 2017-03-23T09:57:56+08:00 ] ::1 /index.php?c=index&a=getCount
INFO: [ app_begin ] --START--
INFO: Run Behavior\ReadHtmlCacheBehavior [ RunTime:0.000730s ]
INFO: [ app_begin ] --END-- [ RunTime:0.001189s ]
ERR: 非法操作:getCount

[ 2017-03-23T09:59:47+08:00 ] ::1 /index.php?c=index&a=getCount
INFO: [ app_begin ] --START--
INFO: Run Behavior\ReadHtmlCacheBehavior [ RunTime:0.000476s ]
INFO: [ app_begin ] --END-- [ RunTime:0.000881s ]
ERR: 非法操作:getCount

[ 2017-03-23T10:00:28+08:00 ] ::1 /index.php?c=index&a=getCount
INFO: [ app_begin ] --START--
INFO: Run Behavior\ReadHtmlCacheBehavior [ RunTime:0.000743s ]
INFO: [ app_begin ] --END-- [ RunTime:0.001201s ]
ERR: 非法操作:getCount

[ 2017-03-23T10:02:45+08:00 ] ::1 /index.php?c=index&a=getCount
INFO: [ app_begin ] --START--
INFO: Run Behavior\ReadHtmlCacheBehavior [ RunTime:0.000758s ]
INFO: [ app_begin ] --END-- [ RunTime:0.001229s ]
ERR: 非法操作:getCount

[ 2017-03-23T10:03:59+08:00 ] ::1 /index.php/Home/detail/index.html&id=13
ERR: 非法操作:index.html&id=13

[ 2017-03-23T10:04:59+08:00 ] ::1 /index.php?c=index&a=getCount
INFO: [ app_begin ] --START--
INFO: Run Behavior\ReadHtmlCacheBehavior [ RunTime:0.000671s ]
INFO: [ app_begin ] --END-- [ RunTime:0.001191s ]
ERR: 非法操作:getCount

[ 2017-03-23T10:05:04+08:00 ] ::1 /index.php?c=index&a=getCount
INFO: [ app_begin ] --START--
INFO: Run Behavior\ReadHtmlCacheBehavior [ RunTime:0.000477s ]
INFO: [ app_begin ] --END-- [ RunTime:0.000856s ]
ERR: 非法操作:getCount

[ 2017-03-23T10:07:48+08:00 ] ::1 /index.php?c=index&a=build_html
INFO: [ app_begin ] --START--
INFO: Run Behavior\ReadHtmlCacheBehavior [ RunTime:0.000565s ]
INFO: [ app_begin ] --END-- [ RunTime:0.001006s ]
SQL: SELECT * FROM `cms_position_content` WHERE `status` = 1 AND `position_id` = 1 LIMIT 3   [ RunTime:0.0019s ]
SQL: SELECT * FROM `cms_position_content` WHERE `status` = 1 AND `position_id` = 3 LIMIT 3   [ RunTime:0.0015s ]
SQL: SELECT * FROM `cms_news` WHERE `status` = 1 AND `thumb` <> '' LIMIT 30   [ RunTime:0.0010s ]
SQL: SELECT * FROM `cms_news` WHERE `status` = 1 ORDER BY counts desc ,news_id desc LIMIT 10   [ RunTime:0.0010s ]
SQL: SELECT * FROM `cms_position_content` WHERE `status` = 1 AND `position_id` = 4 LIMIT 2   [ RunTime:0.0005s ]
INFO: [ view_parse ] --START--
INFO: [ template_filter ] --START--
INFO: Run Behavior\ContentReplaceBehavior [ RunTime:0.000105s ]
INFO: [ template_filter ] --END-- [ RunTime:0.000271s ]
SQL: SELECT * FROM `cms_menu` WHERE `status` <> -1 AND `type` = 0 ORDER BY listorder ,menu_id   [ RunTime:0.0004s ]
NOTIC: [8] Undefined index: count D:\phpStudy\WWW\ThinkPHP-for-Web\Apps\Runtime\Cache\Home\400c995c330f1f6ecac6b9102849eb7e.php 第 69 行.
NOTIC: [8] Undefined index: count D:\phpStudy\WWW\ThinkPHP-for-Web\Apps\Runtime\Cache\Home\400c995c330f1f6ecac6b9102849eb7e.php 第 69 行.
NOTIC: [8] Undefined index: count D:\phpStudy\WWW\ThinkPHP-for-Web\Apps\Runtime\Cache\Home\400c995c330f1f6ecac6b9102849eb7e.php 第 69 行.
NOTIC: [8] Undefined index: count D:\phpStudy\WWW\ThinkPHP-for-Web\Apps\Runtime\Cache\Home\400c995c330f1f6ecac6b9102849eb7e.php 第 69 行.
NOTIC: [8] Undefined index: count D:\phpStudy\WWW\ThinkPHP-for-Web\Apps\Runtime\Cache\Home\400c995c330f1f6ecac6b9102849eb7e.php 第 69 行.
NOTIC: [8] Undefined index: count D:\phpStudy\WWW\ThinkPHP-for-Web\Apps\Runtime\Cache\Home\400c995c330f1f6ecac6b9102849eb7e.php 第 69 行.
NOTIC: [8] Undefined index: count D:\phpStudy\WWW\ThinkPHP-for-Web\Apps\Runtime\Cache\Home\400c995c330f1f6ecac6b9102849eb7e.php 第 69 行.
NOTIC: [8] Undefined index: count D:\phpStudy\WWW\ThinkPHP-for-Web\Apps\Runtime\Cache\Home\400c995c330f1f6ecac6b9102849eb7e.php 第 69 行.
NOTIC: [8] Undefined index: name D:\phpStudy\WWW\ThinkPHP-for-Web\Apps\Runtime\Cache\Home\400c995c330f1f6ecac6b9102849eb7e.php 第 95 行.
NOTIC: [8] Undefined index: name D:\phpStudy\WWW\ThinkPHP-for-Web\Apps\Runtime\Cache\Home\400c995c330f1f6ecac6b9102849eb7e.php 第 95 行.
INFO: Run Behavior\ParseTemplateBehavior [ RunTime:0.030159s ]
INFO: [ view_parse ] --END-- [ RunTime:0.030226s ]
INFO: [ view_filter ] --START--
INFO: Run Behavior\WriteHtmlCacheBehavior [ RunTime:0.000307s ]
INFO: [ view_filter ] --END-- [ RunTime:0.000342s ]
INFO: [ app_end ] --START--
INFO: Run Behavior\ShowPageTraceBehavior [ RunTime:0.000693s ]
INFO: [ app_end ] --END-- [ RunTime:0.000757s ]

[ 2017-03-23T10:08:04+08:00 ] ::1 /index.php?c=index&a=build_html
INFO: [ app_begin ] --START--
INFO: Run Behavior\ReadHtmlCacheBehavior [ RunTime:0.000610s ]
INFO: [ app_begin ] --END-- [ RunTime:0.001157s ]
SQL: SELECT * FROM `cms_position_content` WHERE `status` = 1 AND `position_id` = 1 LIMIT 3   [ RunTime:0.0009s ]
SQL: SELECT * FROM `cms_position_content` WHERE `status` = 1 AND `position_id` = 3 LIMIT 3   [ RunTime:0.0006s ]
SQL: SELECT * FROM `cms_news` WHERE `status` = 1 AND `thumb` <> '' LIMIT 30   [ RunTime:0.0008s ]
SQL: SELECT * FROM `cms_news` WHERE `status` = 1 ORDER BY counts desc ,news_id desc LIMIT 10   [ RunTime:0.0009s ]
SQL: SELECT * FROM `cms_position_content` WHERE `status` = 1 AND `position_id` = 4 LIMIT 2   [ RunTime:0.0005s ]
INFO: [ view_parse ] --START--
INFO: [ template_filter ] --START--
INFO: Run Behavior\ContentReplaceBehavior [ RunTime:0.000112s ]
INFO: [ template_filter ] --END-- [ RunTime:0.000221s ]
SQL: SELECT * FROM `cms_menu` WHERE `status` <> -1 AND `type` = 0 ORDER BY listorder ,menu_id   [ RunTime:0.0005s ]
NOTIC: [8] Undefined index: count D:\phpStudy\WWW\ThinkPHP-for-Web\Apps\Runtime\Cache\Home\400c995c330f1f6ecac6b9102849eb7e.php 第 69 行.
NOTIC: [8] Undefined index: count D:\phpStudy\WWW\ThinkPHP-for-Web\Apps\Runtime\Cache\Home\400c995c330f1f6ecac6b9102849eb7e.php 第 69 行.
NOTIC: [8] Undefined index: count D:\phpStudy\WWW\ThinkPHP-for-Web\Apps\Runtime\Cache\Home\400c995c330f1f6ecac6b9102849eb7e.php 第 69 行.
NOTIC: [8] Undefined index: count D:\phpStudy\WWW\ThinkPHP-for-Web\Apps\Runtime\Cache\Home\400c995c330f1f6ecac6b9102849eb7e.php 第 69 行.
NOTIC: [8] Undefined index: count D:\phpStudy\WWW\ThinkPHP-for-Web\Apps\Runtime\Cache\Home\400c995c330f1f6ecac6b9102849eb7e.php 第 69 行.
NOTIC: [8] Undefined index: count D:\phpStudy\WWW\ThinkPHP-for-Web\Apps\Runtime\Cache\Home\400c995c330f1f6ecac6b9102849eb7e.php 第 69 行.
NOTIC: [8] Undefined index: count D:\phpStudy\WWW\ThinkPHP-for-Web\Apps\Runtime\Cache\Home\400c995c330f1f6ecac6b9102849eb7e.php 第 69 行.
NOTIC: [8] Undefined index: count D:\phpStudy\WWW\ThinkPHP-for-Web\Apps\Runtime\Cache\Home\400c995c330f1f6ecac6b9102849eb7e.php 第 69 行.
NOTIC: [8] Undefined index: name D:\phpStudy\WWW\ThinkPHP-for-Web\Apps\Runtime\Cache\Home\400c995c330f1f6ecac6b9102849eb7e.php 第 95 行.
NOTIC: [8] Undefined index: name D:\phpStudy\WWW\ThinkPHP-for-Web\Apps\Runtime\Cache\Home\400c995c330f1f6ecac6b9102849eb7e.php 第 95 行.
INFO: Run Behavior\ParseTemplateBehavior [ RunTime:0.029141s ]
INFO: [ view_parse ] --END-- [ RunTime:0.029216s ]
INFO: [ view_filter ] --START--
INFO: Run Behavior\WriteHtmlCacheBehavior [ RunTime:0.000451s ]
INFO: [ view_filter ] --END-- [ RunTime:0.000502s ]
INFO: [ app_end ] --START--
INFO: Run Behavior\ShowPageTraceBehavior [ RunTime:0.000714s ]
INFO: [ app_end ] --END-- [ RunTime:0.000783s ]

[ 2017-03-23T10:10:55+08:00 ] ::1 /index.php?c=index&a=build_html
INFO: [ app_begin ] --START--
INFO: Run Behavior\ReadHtmlCacheBehavior [ RunTime:0.000600s ]
INFO: [ app_begin ] --END-- [ RunTime:0.001112s ]
SQL: SELECT * FROM `cms_position_content` WHERE `status` = 1 AND `position_id` = 1 LIMIT 3   [ RunTime:0.0011s ]
SQL: SELECT * FROM `cms_position_content` WHERE `status` = 1 AND `position_id` = 3 LIMIT 3   [ RunTime:0.0006s ]
SQL: SELECT * FROM `cms_news` WHERE `status` = 1 AND `thumb` <> '' LIMIT 30   [ RunTime:0.0008s ]
SQL: SELECT * FROM `cms_news` WHERE `status` = 1 ORDER BY counts desc ,news_id desc LIMIT 10   [ RunTime:0.0009s ]
SQL: SELECT * FROM `cms_position_content` WHERE `status` = 1 AND `position_id` = 4 LIMIT 2   [ RunTime:0.0005s ]
INFO: [ view_parse ] --START--
INFO: [ template_filter ] --START--
INFO: Run Behavior\ContentReplaceBehavior [ RunTime:0.000057s ]
INFO: [ template_filter ] --END-- [ RunTime:0.000105s ]
SQL: SELECT * FROM `cms_menu` WHERE `status` <> -1 AND `type` = 0 ORDER BY listorder ,menu_id   [ RunTime:0.0004s ]
NOTIC: [8] Undefined index: count D:\phpStudy\WWW\ThinkPHP-for-Web\Apps\Runtime\Cache\Home\400c995c330f1f6ecac6b9102849eb7e.php 第 69 行.
NOTIC: [8] Undefined index: count D:\phpStudy\WWW\ThinkPHP-for-Web\Apps\Runtime\Cache\Home\400c995c330f1f6ecac6b9102849eb7e.php 第 69 行.
NOTIC: [8] Undefined index: count D:\phpStudy\WWW\ThinkPHP-for-Web\Apps\Runtime\Cache\Home\400c995c330f1f6ecac6b9102849eb7e.php 第 69 行.
NOTIC: [8] Undefined index: count D:\phpStudy\WWW\ThinkPHP-for-Web\Apps\Runtime\Cache\Home\400c995c330f1f6ecac6b9102849eb7e.php 第 69 行.
NOTIC: [8] Undefined index: count D:\phpStudy\WWW\ThinkPHP-for-Web\Apps\Runtime\Cache\Home\400c995c330f1f6ecac6b9102849eb7e.php 第 69 行.
NOTIC: [8] Undefined index: count D:\phpStudy\WWW\ThinkPHP-for-Web\Apps\Runtime\Cache\Home\400c995c330f1f6ecac6b9102849eb7e.php 第 69 行.
NOTIC: [8] Undefined index: count D:\phpStudy\WWW\ThinkPHP-for-Web\Apps\Runtime\Cache\Home\400c995c330f1f6ecac6b9102849eb7e.php 第 69 行.
NOTIC: [8] Undefined index: count D:\phpStudy\WWW\ThinkPHP-for-Web\Apps\Runtime\Cache\Home\400c995c330f1f6ecac6b9102849eb7e.php 第 69 行.
NOTIC: [8] Undefined index: name D:\phpStudy\WWW\ThinkPHP-for-Web\Apps\Runtime\Cache\Home\400c995c330f1f6ecac6b9102849eb7e.php 第 95 行.
NOTIC: [8] Undefined index: name D:\phpStudy\WWW\ThinkPHP-for-Web\Apps\Runtime\Cache\Home\400c995c330f1f6ecac6b9102849eb7e.php 第 95 行.
INFO: Run Behavior\ParseTemplateBehavior [ RunTime:0.123664s ]
INFO: [ view_parse ] --END-- [ RunTime:0.123731s ]
INFO: [ view_filter ] --START--
INFO: Run Behavior\WriteHtmlCacheBehavior [ RunTime:0.000316s ]
INFO: [ view_filter ] --END-- [ RunTime:0.000352s ]
INFO: [ app_end ] --START--
INFO: Run Behavior\ShowPageTraceBehavior [ RunTime:0.002022s ]
INFO: [ app_end ] --END-- [ RunTime:0.002231s ]

[ 2017-03-23T10:17:25+08:00 ] ::1 /index.php?c=index&a=build_html
INFO: [ app_begin ] --START--
INFO: Run Behavior\ReadHtmlCacheBehavior [ RunTime:0.000738s ]
INFO: [ app_begin ] --END-- [ RunTime:0.001187s ]
NOTIC: [8] Undefined index: verify D:\phpStudy\WWW\ThinkPHP-for-Web\Apps\Home\Controller\IndexController.class.php 第 38 行.

[ 2017-03-23T10:17:31+08:00 ] ::1 /index.php?c=index&a=build_html
INFO: [ app_begin ] --START--
INFO: Run Behavior\ReadHtmlCacheBehavior [ RunTime:0.000581s ]
INFO: [ app_begin ] --END-- [ RunTime:0.001019s ]
NOTIC: [8] Undefined index: verify D:\phpStudy\WWW\ThinkPHP-for-Web\Apps\Home\Controller\IndexController.class.php 第 38 行.

[ 2017-03-23T10:17:55+08:00 ] ::1 /index.php?c=index&a=build_html
INFO: [ app_begin ] --START--
INFO: Run Behavior\ReadHtmlCacheBehavior [ RunTime:0.000711s ]
INFO: [ app_begin ] --END-- [ RunTime:0.001372s ]
NOTIC: [8] Undefined index: verify D:\phpStudy\WWW\ThinkPHP-for-Web\Apps\Home\Controller\IndexController.class.php 第 38 行.

[ 2017-03-23T10:19:11+08:00 ] ::1 /index.php?c=index&a=build_html&verify=1
INFO: [ app_begin ] --START--
INFO: Run Behavior\ReadHtmlCacheBehavior [ RunTime:0.000749s ]
INFO: [ app_begin ] --END-- [ RunTime:0.001252s ]
NOTIC: [8] Undefined index: verify D:\phpStudy\WWW\ThinkPHP-for-Web\Apps\Home\Controller\IndexController.class.php 第 38 行.

[ 2017-03-23T10:19:26+08:00 ] ::1 /index.php?c=index&a=build_html&verify=1
INFO: [ app_begin ] --START--
INFO: Run Behavior\ReadHtmlCacheBehavior [ RunTime:0.000930s ]
INFO: [ app_begin ] --END-- [ RunTime:0.001531s ]
NOTIC: [8] Undefined index: verify D:\phpStudy\WWW\ThinkPHP-for-Web\Apps\Home\Controller\IndexController.class.php 第 38 行.
NOTIC: [8] Undefined index: verify D:\phpStudy\WWW\ThinkPHP-for-Web\Apps\Home\Controller\IndexController.class.php 第 41 行.

[ 2017-03-23T10:20:15+08:00 ] ::1 /index.php?c=index&a=build_html&verify=1
INFO: [ app_begin ] --START--
INFO: Run Behavior\ReadHtmlCacheBehavior [ RunTime:0.000496s ]
INFO: [ app_begin ] --END-- [ RunTime:0.000869s ]
NOTIC: [8] Undefined index: verify D:\phpStudy\WWW\ThinkPHP-for-Web\Apps\Home\Controller\IndexController.class.php 第 38 行.
NOTIC: [8] Undefined index: verify D:\phpStudy\WWW\ThinkPHP-for-Web\Apps\Home\Controller\IndexController.class.php 第 42 行.
INFO: [ app_end ] --START--
INFO: Run Behavior\ShowPageTraceBehavior [ RunTime:0.000577s ]
INFO: [ app_end ] --END-- [ RunTime:0.000622s ]

[ 2017-03-23T10:20:39+08:00 ] ::1 /index.php?c=index&a=build_html&verify=1
INFO: [ app_begin ] --START--
INFO: Run Behavior\ReadHtmlCacheBehavior [ RunTime:0.000489s ]
INFO: [ app_begin ] --END-- [ RunTime:0.001001s ]
NOTIC: [8] Undefined index: verify D:\phpStudy\WWW\ThinkPHP-for-Web\Apps\Home\Controller\IndexController.class.php 第 38 行.

[ 2017-03-23T10:21:18+08:00 ] ::1 /index.php?c=index&a=build_html&verify=1
INFO: [ app_begin ] --START--
INFO: Run Behavior\ReadHtmlCacheBehavior [ RunTime:0.000599s ]
INFO: [ app_begin ] --END-- [ RunTime:0.001064s ]
NOTIC: [8] Undefined index: verify D:\phpStudy\WWW\ThinkPHP-for-Web\Apps\Home\Controller\IndexController.class.php 第 38 行.

[ 2017-03-23T10:22:20+08:00 ] ::1 /index.php?c=index&a=build_html&verify=1
INFO: [ app_begin ] --START--
INFO: Run Behavior\ReadHtmlCacheBehavior [ RunTime:0.000908s ]
INFO: [ app_begin ] --END-- [ RunTime:0.001477s ]
SQL: SELECT * FROM `cms_position_content` WHERE `status` = 1 AND `position_id` = 1 LIMIT 3   [ RunTime:0.0011s ]
SQL: SELECT * FROM `cms_position_content` WHERE `status` = 1 AND `position_id` = 3 LIMIT 3   [ RunTime:0.0006s ]
SQL: SELECT * FROM `cms_news` WHERE `status` = 1 AND `thumb` <> '' LIMIT 30   [ RunTime:0.0009s ]
SQL: SELECT * FROM `cms_news` WHERE `status` = 1 ORDER BY counts desc ,news_id desc LIMIT 10   [ RunTime:0.0010s ]
SQL: SELECT * FROM `cms_position_content` WHERE `status` = 1 AND `position_id` = 4 LIMIT 2   [ RunTime:0.0006s ]
INFO: [ view_parse ] --START--
INFO: [ template_filter ] --START--
INFO: Run Behavior\ContentReplaceBehavior [ RunTime:0.000133s ]
INFO: [ template_filter ] --END-- [ RunTime:0.000228s ]
SQL: SELECT * FROM `cms_menu` WHERE `status` <> -1 AND `type` = 0 ORDER BY listorder ,menu_id   [ RunTime:0.0004s ]
NOTIC: [8] Undefined index: count D:\phpStudy\WWW\ThinkPHP-for-Web\Apps\Runtime\Cache\Home\400c995c330f1f6ecac6b9102849eb7e.php 第 69 行.
NOTIC: [8] Undefined index: count D:\phpStudy\WWW\ThinkPHP-for-Web\Apps\Runtime\Cache\Home\400c995c330f1f6ecac6b9102849eb7e.php 第 69 行.
NOTIC: [8] Undefined index: count D:\phpStudy\WWW\ThinkPHP-for-Web\Apps\Runtime\Cache\Home\400c995c330f1f6ecac6b9102849eb7e.php 第 69 行.
NOTIC: [8] Undefined index: count D:\phpStudy\WWW\ThinkPHP-for-Web\Apps\Runtime\Cache\Home\400c995c330f1f6ecac6b9102849eb7e.php 第 69 行.
NOTIC: [8] Undefined index: count D:\phpStudy\WWW\ThinkPHP-for-Web\Apps\Runtime\Cache\Home\400c995c330f1f6ecac6b9102849eb7e.php 第 69 行.
NOTIC: [8] Undefined index: count D:\phpStudy\WWW\ThinkPHP-for-Web\Apps\Runtime\Cache\Home\400c995c330f1f6ecac6b9102849eb7e.php 第 69 行.
NOTIC: [8] Undefined index: count D:\phpStudy\WWW\ThinkPHP-for-Web\Apps\Runtime\Cache\Home\400c995c330f1f6ecac6b9102849eb7e.php 第 69 行.
NOTIC: [8] Undefined index: count D:\phpStudy\WWW\ThinkPHP-for-Web\Apps\Runtime\Cache\Home\400c995c330f1f6ecac6b9102849eb7e.php 第 69 行.
NOTIC: [8] Undefined index: name D:\phpStudy\WWW\ThinkPHP-for-Web\Apps\Runtime\Cache\Home\400c995c330f1f6ecac6b9102849eb7e.php 第 95 行.
NOTIC: [8] Undefined index: name D:\phpStudy\WWW\ThinkPHP-for-Web\Apps\Runtime\Cache\Home\400c995c330f1f6ecac6b9102849eb7e.php 第 95 行.
INFO: Run Behavior\ParseTemplateBehavior [ RunTime:0.110813s ]
INFO: [ view_parse ] --END-- [ RunTime:0.110878s ]
INFO: [ view_filter ] --START--
INFO: Run Behavior\WriteHtmlCacheBehavior [ RunTime:0.000535s ]
INFO: [ view_filter ] --END-- [ RunTime:0.000571s ]

[ 2017-03-23T10:23:07+08:00 ] ::1 /index.php?c=index&a=build_html
INFO: [ app_begin ] --START--
INFO: Run Behavior\ReadHtmlCacheBehavior [ RunTime:0.000667s ]
INFO: [ app_begin ] --END-- [ RunTime:0.001633s ]
SQL: SELECT * FROM `cms_position_content` WHERE `status` = 1 AND `position_id` = 1 LIMIT 3   [ RunTime:0.0010s ]
SQL: SELECT * FROM `cms_position_content` WHERE `status` = 1 AND `position_id` = 3 LIMIT 3   [ RunTime:0.0006s ]
SQL: SELECT * FROM `cms_news` WHERE `status` = 1 AND `thumb` <> '' LIMIT 30   [ RunTime:0.0011s ]
SQL: SELECT * FROM `cms_news` WHERE `status` = 1 ORDER BY counts desc ,news_id desc LIMIT 10   [ RunTime:0.0010s ]
SQL: SELECT * FROM `cms_position_content` WHERE `status` = 1 AND `position_id` = 4 LIMIT 2   [ RunTime:0.0006s ]
INFO: [ view_parse ] --START--
INFO: [ template_filter ] --START--
INFO: Run Behavior\ContentReplaceBehavior [ RunTime:0.000124s ]
INFO: [ template_filter ] --END-- [ RunTime:0.000224s ]
SQL: SELECT * FROM `cms_menu` WHERE `status` <> -1 AND `type` = 0 ORDER BY listorder ,menu_id   [ RunTime:0.0015s ]
NOTIC: [8] Undefined index: count D:\phpStudy\WWW\ThinkPHP-for-Web\Apps\Runtime\Cache\Home\400c995c330f1f6ecac6b9102849eb7e.php 第 69 行.
NOTIC: [8] Undefined index: count D:\phpStudy\WWW\ThinkPHP-for-Web\Apps\Runtime\Cache\Home\400c995c330f1f6ecac6b9102849eb7e.php 第 69 行.
NOTIC: [8] Undefined index: count D:\phpStudy\WWW\ThinkPHP-for-Web\Apps\Runtime\Cache\Home\400c995c330f1f6ecac6b9102849eb7e.php 第 69 行.
NOTIC: [8] Undefined index: count D:\phpStudy\WWW\ThinkPHP-for-Web\Apps\Runtime\Cache\Home\400c995c330f1f6ecac6b9102849eb7e.php 第 69 行.
NOTIC: [8] Undefined index: count D:\phpStudy\WWW\ThinkPHP-for-Web\Apps\Runtime\Cache\Home\400c995c330f1f6ecac6b9102849eb7e.php 第 69 行.
NOTIC: [8] Undefined index: count D:\phpStudy\WWW\ThinkPHP-for-Web\Apps\Runtime\Cache\Home\400c995c330f1f6ecac6b9102849eb7e.php 第 69 行.
NOTIC: [8] Undefined index: count D:\phpStudy\WWW\ThinkPHP-for-Web\Apps\Runtime\Cache\Home\400c995c330f1f6ecac6b9102849eb7e.php 第 69 行.
NOTIC: [8] Undefined index: count D:\phpStudy\WWW\ThinkPHP-for-Web\Apps\Runtime\Cache\Home\400c995c330f1f6ecac6b9102849eb7e.php 第 69 行.
NOTIC: [8] Undefined index: name D:\phpStudy\WWW\ThinkPHP-for-Web\Apps\Runtime\Cache\Home\400c995c330f1f6ecac6b9102849eb7e.php 第 95 行.
NOTIC: [8] Undefined index: name D:\phpStudy\WWW\ThinkPHP-for-Web\Apps\Runtime\Cache\Home\400c995c330f1f6ecac6b9102849eb7e.php 第 95 行.
INFO: Run Behavior\ParseTemplateBehavior [ RunTime:0.043679s ]
INFO: [ view_parse ] --END-- [ RunTime:0.043781s ]
INFO: [ view_filter ] --START--
INFO: Run Behavior\WriteHtmlCacheBehavior [ RunTime:0.001500s ]
INFO: [ view_filter ] --END-- [ RunTime:0.001587s ]

[ 2017-03-23T10:24:34+08:00 ] ::1 /index.php?c=index&a=build_html
INFO: [ app_begin ] --START--
INFO: Run Behavior\ReadHtmlCacheBehavior [ RunTime:0.000515s ]
INFO: [ app_begin ] --END-- [ RunTime:0.001009s ]
SQL: SELECT * FROM `cms_position_content` WHERE `status` = 1 AND `position_id` = 1 LIMIT 3   [ RunTime:0.0009s ]
SQL: SELECT * FROM `cms_position_content` WHERE `status` = 1 AND `position_id` = 3 LIMIT 3   [ RunTime:0.0006s ]
SQL: SELECT * FROM `cms_news` WHERE `status` = 1 AND `thumb` <> '' LIMIT 30   [ RunTime:0.0009s ]
SQL: SELECT * FROM `cms_news` WHERE `status` = 1 ORDER BY counts desc ,news_id desc LIMIT 10   [ RunTime:0.0010s ]
SQL: SELECT * FROM `cms_position_content` WHERE `status` = 1 AND `position_id` = 4 LIMIT 2   [ RunTime:0.0006s ]
INFO: [ view_parse ] --START--
INFO: [ template_filter ] --START--
INFO: Run Behavior\ContentReplaceBehavior [ RunTime:0.000121s ]
INFO: [ template_filter ] --END-- [ RunTime:0.000210s ]
SQL: SELECT * FROM `cms_menu` WHERE `status` <> -1 AND `type` = 0 ORDER BY listorder ,menu_id   [ RunTime:0.0004s ]
NOTIC: [8] Undefined index: count D:\phpStudy\WWW\ThinkPHP-for-Web\Apps\Runtime\Cache\Home\400c995c330f1f6ecac6b9102849eb7e.php 第 69 行.
NOTIC: [8] Undefined index: count D:\phpStudy\WWW\ThinkPHP-for-Web\Apps\Runtime\Cache\Home\400c995c330f1f6ecac6b9102849eb7e.php 第 69 行.
NOTIC: [8] Undefined index: count D:\phpStudy\WWW\ThinkPHP-for-Web\Apps\Runtime\Cache\Home\400c995c330f1f6ecac6b9102849eb7e.php 第 69 行.
NOTIC: [8] Undefined index: count D:\phpStudy\WWW\ThinkPHP-for-Web\Apps\Runtime\Cache\Home\400c995c330f1f6ecac6b9102849eb7e.php 第 69 行.
NOTIC: [8] Undefined index: count D:\phpStudy\WWW\ThinkPHP-for-Web\Apps\Runtime\Cache\Home\400c995c330f1f6ecac6b9102849eb7e.php 第 69 行.
NOTIC: [8] Undefined index: count D:\phpStudy\WWW\ThinkPHP-for-Web\Apps\Runtime\Cache\Home\400c995c330f1f6ecac6b9102849eb7e.php 第 69 行.
NOTIC: [8] Undefined index: count D:\phpStudy\WWW\ThinkPHP-for-Web\Apps\Runtime\Cache\Home\400c995c330f1f6ecac6b9102849eb7e.php 第 69 行.
NOTIC: [8] Undefined index: count D:\phpStudy\WWW\ThinkPHP-for-Web\Apps\Runtime\Cache\Home\400c995c330f1f6ecac6b9102849eb7e.php 第 69 行.
NOTIC: [8] Undefined index: name D:\phpStudy\WWW\ThinkPHP-for-Web\Apps\Runtime\Cache\Home\400c995c330f1f6ecac6b9102849eb7e.php 第 95 行.
NOTIC: [8] Undefined index: name D:\phpStudy\WWW\ThinkPHP-for-Web\Apps\Runtime\Cache\Home\400c995c330f1f6ecac6b9102849eb7e.php 第 95 行.
INFO: Run Behavior\ParseTemplateBehavior [ RunTime:0.037263s ]
INFO: [ view_parse ] --END-- [ RunTime:0.037342s ]
INFO: [ view_filter ] --START--
INFO: Run Behavior\WriteHtmlCacheBehavior [ RunTime:0.000391s ]
INFO: [ view_filter ] --END-- [ RunTime:0.000438s ]

[ 2017-03-23T10:36:23+08:00 ] ::1 /index.php?c=index&a=getCount
INFO: [ app_begin ] --START--
INFO: Run Behavior\ReadHtmlCacheBehavior [ RunTime:0.000938s ]
INFO: [ app_begin ] --END-- [ RunTime:0.001429s ]
ERR: 非法操作:getCount

[ 2017-03-23T11:44:20+08:00 ] ::1 /index.php?c=index&a=getCount
INFO: [ app_begin ] --START--
INFO: Run Behavior\ReadHtmlCacheBehavior [ RunTime:0.000467s ]
INFO: [ app_begin ] --END-- [ RunTime:0.000838s ]
ERR: 非法操作:getCount

[ 2017-03-23T11:44:32+08:00 ] ::1 /index.php?c=index&a=getCount
INFO: [ app_begin ] --START--
INFO: Run Behavior\ReadHtmlCacheBehavior [ RunTime:0.000671s ]
INFO: [ app_begin ] --END-- [ RunTime:0.001192s ]
ERR: 非法操作:getCount

[ 2017-03-23T12:03:13+08:00 ] ::1 /index.php?c=index&a=getCount
INFO: [ app_begin ] --START--
INFO: Run Behavior\ReadHtmlCacheBehavior [ RunTime:0.000680s ]
INFO: [ app_begin ] --END-- [ RunTime:0.001217s ]
ERR: 非法操作:getCount

[ 2017-03-23T12:03:22+08:00 ] ::1 /index.php?c=index&a=getCount
INFO: [ app_begin ] --START--
INFO: Run Behavior\ReadHtmlCacheBehavior [ RunTime:0.000542s ]
INFO: [ app_begin ] --END-- [ RunTime:0.000999s ]
ERR: 非法操作:getCount

[ 2017-03-23T12:03:31+08:00 ] ::1 /index.php?c=index&a=getCount
INFO: [ app_begin ] --START--
INFO: Run Behavior\ReadHtmlCacheBehavior [ RunTime:0.000683s ]
INFO: [ app_begin ] --END-- [ RunTime:0.001170s ]
ERR: 非法操作:getCount

[ 2017-03-23T12:05:00+08:00 ] ::1 /index.php?c=index&a=getCount
INFO: [ app_begin ] --START--
INFO: Run Behavior\ReadHtmlCacheBehavior [ RunTime:0.000756s ]
INFO: [ app_begin ] --END-- [ RunTime:0.001411s ]
ERR: 非法操作:getCount

[ 2017-03-23T12:05:16+08:00 ] ::1 /index.php?c=index&a=getCount
INFO: [ app_begin ] --START--
INFO: Run Behavior\ReadHtmlCacheBehavior [ RunTime:0.000732s ]
INFO: [ app_begin ] --END-- [ RunTime:0.001344s ]
ERR: 非法操作:getCount

[ 2017-03-23T12:05:30+08:00 ] ::1 /index.php?c=index&a=getCount
INFO: [ app_begin ] --START--
INFO: Run Behavior\ReadHtmlCacheBehavior [ RunTime:0.000664s ]
INFO: [ app_begin ] --END-- [ RunTime:0.001154s ]
ERR: 非法操作:getCount

[ 2017-03-23T12:07:51+08:00 ] ::1 /index.php?c=index&a=getCount
INFO: [ app_begin ] --START--
INFO: Run Behavior\ReadHtmlCacheBehavior [ RunTime:0.001121s ]
INFO: [ app_begin ] --END-- [ RunTime:0.001812s ]
NOTIC: [8] Undefined index:  D:\phpStudy\WWW\ThinkPHP-for-Web\Apps\Home\Controller\IndexController.class.php 第 34 行.
INFO: [ app_end ] --START--
INFO: Run Behavior\ShowPageTraceBehavior [ RunTime:0.001294s ]
INFO: [ app_end ] --END-- [ RunTime:0.001384s ]

[ 2017-03-23T12:08:26+08:00 ] ::1 /index.php?c=index&a=getCount
INFO: [ app_begin ] --START--
INFO: Run Behavior\ReadHtmlCacheBehavior [ RunTime:0.000968s ]
INFO: [ app_begin ] --END-- [ RunTime:0.001675s ]
NOTIC: [8] Undefined index: newsId D:\phpStudy\WWW\ThinkPHP-for-Web\Apps\Home\Controller\IndexController.class.php 第 34 行.
INFO: [ app_end ] --START--
INFO: Run Behavior\ShowPageTraceBehavior [ RunTime:0.001423s ]
INFO: [ app_end ] --END-- [ RunTime:0.001507s ]

[ 2017-03-23T12:08:46+08:00 ] ::1 /index.php?c=index&a=getCount
INFO: [ app_begin ] --START--
INFO: Run Behavior\ReadHtmlCacheBehavior [ RunTime:0.001936s ]
INFO: [ app_begin ] --END-- [ RunTime:0.002874s ]
INFO: [ app_end ] --START--
INFO: Run Behavior\ShowPageTraceBehavior [ RunTime:0.000728s ]
INFO: [ app_end ] --END-- [ RunTime:0.000815s ]

[ 2017-03-23T12:08:51+08:00 ] ::1 /index.php?c=index&a=getCount
INFO: [ app_begin ] --START--
INFO: Run Behavior\ReadHtmlCacheBehavior [ RunTime:0.000960s ]
INFO: [ app_begin ] --END-- [ RunTime:0.001686s ]
INFO: [ app_end ] --START--
INFO: Run Behavior\ShowPageTraceBehavior [ RunTime:0.000839s ]
INFO: [ app_end ] --END-- [ RunTime:0.000940s ]

[ 2017-03-23T12:09:11+08:00 ] ::1 /index.php?c=index&a=getCount
INFO: [ app_begin ] --START--
INFO: Run Behavior\ReadHtmlCacheBehavior [ RunTime:0.000709s ]
INFO: [ app_begin ] --END-- [ RunTime:0.001947s ]
INFO: [ app_end ] --START--
INFO: Run Behavior\ShowPageTraceBehavior [ RunTime:0.001274s ]
INFO: [ app_end ] --END-- [ RunTime:0.001353s ]

[ 2017-03-23T12:09:16+08:00 ] ::1 /index.php?c=index&a=getCount
INFO: [ app_begin ] --START--
INFO: Run Behavior\ReadHtmlCacheBehavior [ RunTime:0.001680s ]
INFO: [ app_begin ] --END-- [ RunTime:0.002626s ]
INFO: [ app_end ] --START--
INFO: Run Behavior\ShowPageTraceBehavior [ RunTime:0.002308s ]
INFO: [ app_end ] --END-- [ RunTime:0.002407s ]

[ 2017-03-23T12:09:22+08:00 ] ::1 /index.php?c=index&a=getCount
INFO: [ app_begin ] --START--
INFO: Run Behavior\ReadHtmlCacheBehavior [ RunTime:0.001819s ]
INFO: [ app_begin ] --END-- [ RunTime:0.003257s ]
INFO: [ app_end ] --START--
INFO: Run Behavior\ShowPageTraceBehavior [ RunTime:0.002397s ]
INFO: [ app_end ] --END-- [ RunTime:0.002500s ]

[ 2017-03-23T12:09:42+08:00 ] ::1 /index.php?c=index&a=getCount
INFO: [ app_begin ] --START--
INFO: Run Behavior\ReadHtmlCacheBehavior [ RunTime:0.000888s ]
INFO: [ app_begin ] --END-- [ RunTime:0.001716s ]
INFO: [ app_end ] --START--
INFO: Run Behavior\ShowPageTraceBehavior [ RunTime:0.001540s ]
INFO: [ app_end ] --END-- [ RunTime:0.001714s ]

[ 2017-03-23T12:09:52+08:00 ] ::1 /index.php?c=index&a=getCount
INFO: [ app_begin ] --START--
INFO: Run Behavior\ReadHtmlCacheBehavior [ RunTime:0.000654s ]
INFO: [ app_begin ] --END-- [ RunTime:0.001106s ]
INFO: [ app_end ] --START--
INFO: Run Behavior\ShowPageTraceBehavior [ RunTime:0.001395s ]
INFO: [ app_end ] --END-- [ RunTime:0.001477s ]

[ 2017-03-23T12:13:27+08:00 ] ::1 /index.php?c=index&a=getCount
INFO: [ app_begin ] --START--
INFO: Run Behavior\ReadHtmlCacheBehavior [ RunTime:0.000784s ]
INFO: [ app_begin ] --END-- [ RunTime:0.001432s ]

[ 2017-03-23T12:13:39+08:00 ] ::1 /index.php?c=index&a=getCount
INFO: [ app_begin ] --START--
INFO: Run Behavior\ReadHtmlCacheBehavior [ RunTime:0.007282s ]
INFO: [ app_begin ] --END-- [ RunTime:0.008403s ]

[ 2017-03-23T12:13:54+08:00 ] ::1 /index.php?c=index&a=getCount
INFO: [ app_begin ] --START--
INFO: Run Behavior\ReadHtmlCacheBehavior [ RunTime:0.000504s ]
INFO: [ app_begin ] --END-- [ RunTime:0.000953s ]
SQL: SELECT * FROM `cms_news` WHERE `news_id` = 11 LIMIT 1   [ RunTime:0.0008s ]
SQL: SELECT * FROM `cms_news` WHERE `news_id` = 13 LIMIT 1   [ RunTime:0.0006s ]
SQL: SELECT * FROM `cms_news` WHERE `news_id` = 14 LIMIT 1   [ RunTime:0.0005s ]
SQL: SELECT * FROM `cms_news` WHERE `news_id` = 15 LIMIT 1   [ RunTime:0.0005s ]
SQL: SELECT * FROM `cms_news` WHERE `news_id` = 16 LIMIT 1   [ RunTime:0.0005s ]
SQL: SELECT * FROM `cms_news` WHERE `news_id` = 9 LIMIT 1   [ RunTime:0.0004s ]
SQL: SELECT * FROM `cms_news` WHERE `news_id` = 11 LIMIT 1   [ RunTime:0.0004s ]
SQL: SELECT * FROM `cms_news` WHERE `news_id` = 12 LIMIT 1   [ RunTime:0.0004s ]
SQL: SELECT * FROM `cms_news` WHERE `news_id` = 5 LIMIT 1   [ RunTime:0.0005s ]
INFO: [ app_end ] --START--
INFO: Run Behavior\ShowPageTraceBehavior [ RunTime:0.002202s ]
INFO: [ app_end ] --END-- [ RunTime:0.002304s ]

[ 2017-03-23T12:14:21+08:00 ] ::1 /index.php?c=index&a=getCount
INFO: [ app_begin ] --START--
INFO: Run Behavior\ReadHtmlCacheBehavior [ RunTime:0.000743s ]
INFO: [ app_begin ] --END-- [ RunTime:0.001422s ]
SQL: SELECT * FROM `cms_news` WHERE `news_id` = 11 LIMIT 1   [ RunTime:0.0008s ]
SQL: SELECT * FROM `cms_news` WHERE `news_id` = 13 LIMIT 1   [ RunTime:0.0006s ]
SQL: SELECT * FROM `cms_news` WHERE `news_id` = 14 LIMIT 1   [ RunTime:0.0005s ]
SQL: SELECT * FROM `cms_news` WHERE `news_id` = 15 LIMIT 1   [ RunTime:0.0005s ]
SQL: SELECT * FROM `cms_news` WHERE `news_id` = 16 LIMIT 1   [ RunTime:0.0004s ]
SQL: SELECT * FROM `cms_news` WHERE `news_id` = 9 LIMIT 1   [ RunTime:0.0005s ]
SQL: SELECT * FROM `cms_news` WHERE `news_id` = 11 LIMIT 1   [ RunTime:0.0004s ]
SQL: SELECT * FROM `cms_news` WHERE `news_id` = 12 LIMIT 1   [ RunTime:0.0004s ]
SQL: SELECT * FROM `cms_news` WHERE `news_id` = 5 LIMIT 1   [ RunTime:0.0004s ]
INFO: [ app_end ] --START--
INFO: Run Behavior\ShowPageTraceBehavior [ RunTime:0.002196s ]
INFO: [ app_end ] --END-- [ RunTime:0.002293s ]

[ 2017-03-23T12:14:37+08:00 ] ::1 /index.php?c=index&a=getCount
INFO: [ app_begin ] --START--
INFO: Run Behavior\ReadHtmlCacheBehavior [ RunTime:0.000870s ]
INFO: [ app_begin ] --END-- [ RunTime:0.001480s ]
SQL: SELECT * FROM `cms_news` WHERE `news_id` = 11 LIMIT 1   [ RunTime:0.0009s ]
SQL: SELECT * FROM `cms_news` WHERE `news_id` = 13 LIMIT 1   [ RunTime:0.0005s ]
SQL: SELECT * FROM `cms_news` WHERE `news_id` = 14 LIMIT 1   [ RunTime:0.0005s ]
SQL: SELECT * FROM `cms_news` WHERE `news_id` = 15 LIMIT 1   [ RunTime:0.0005s ]
SQL: SELECT * FROM `cms_news` WHERE `news_id` = 16 LIMIT 1   [ RunTime:0.0006s ]
SQL: SELECT * FROM `cms_news` WHERE `news_id` = 9 LIMIT 1   [ RunTime:0.0005s ]
SQL: SELECT * FROM `cms_news` WHERE `news_id` = 11 LIMIT 1   [ RunTime:0.0005s ]
SQL: SELECT * FROM `cms_news` WHERE `news_id` = 12 LIMIT 1   [ RunTime:0.0005s ]
SQL: SELECT * FROM `cms_news` WHERE `news_id` = 5 LIMIT 1   [ RunTime:0.0005s ]
INFO: [ app_end ] --START--
INFO: Run Behavior\ShowPageTraceBehavior [ RunTime:0.002273s ]
INFO: [ app_end ] --END-- [ RunTime:0.002376s ]

[ 2017-03-23T12:15:28+08:00 ] ::1 /index.php?c=index&a=getCount
INFO: [ app_begin ] --START--
INFO: Run Behavior\ReadHtmlCacheBehavior [ RunTime:0.000667s ]
INFO: [ app_begin ] --END-- [ RunTime:0.001070s ]
SQL: SELECT * FROM `cms_news` WHERE `news_id` = 11 LIMIT 1   [ RunTime:0.0006s ]
SQL: SELECT * FROM `cms_news` WHERE `news_id` = 13 LIMIT 1   [ RunTime:0.0004s ]
SQL: SELECT * FROM `cms_news` WHERE `news_id` = 14 LIMIT 1   [ RunTime:0.0003s ]
SQL: SELECT * FROM `cms_news` WHERE `news_id` = 15 LIMIT 1   [ RunTime:0.0003s ]
SQL: SELECT * FROM `cms_news` WHERE `news_id` = 16 LIMIT 1   [ RunTime:0.0003s ]
SQL: SELECT * FROM `cms_news` WHERE `news_id` = 9 LIMIT 1   [ RunTime:0.0003s ]
SQL: SELECT * FROM `cms_news` WHERE `news_id` = 11 LIMIT 1   [ RunTime:0.0003s ]
SQL: SELECT * FROM `cms_news` WHERE `news_id` = 12 LIMIT 1   [ RunTime:0.0003s ]
SQL: SELECT * FROM `cms_news` WHERE `news_id` = 5 LIMIT 1   [ RunTime:0.0004s ]
INFO: [ app_end ] --START--
INFO: Run Behavior\ShowPageTraceBehavior [ RunTime:0.001351s ]
INFO: [ app_end ] --END-- [ RunTime:0.001428s ]

[ 2017-03-23T12:16:32+08:00 ] ::1 /index.php?c=index&a=getCount
INFO: [ app_begin ] --START--
INFO: Run Behavior\ReadHtmlCacheBehavior [ RunTime:0.000747s ]
INFO: [ app_begin ] --END-- [ RunTime:0.001398s ]
SQL: SELECT * FROM `cms_news` WHERE `news_id` = 11 LIMIT 1   [ RunTime:0.0009s ]
SQL: SELECT * FROM `cms_news` WHERE `news_id` = 13 LIMIT 1   [ RunTime:0.0006s ]
SQL: SELECT * FROM `cms_news` WHERE `news_id` = 14 LIMIT 1   [ RunTime:0.0006s ]
SQL: SELECT * FROM `cms_news` WHERE `news_id` = 15 LIMIT 1   [ RunTime:0.0005s ]
SQL: SELECT * FROM `cms_news` WHERE `news_id` = 16 LIMIT 1   [ RunTime:0.0005s ]
SQL: SELECT * FROM `cms_news` WHERE `news_id` = 9 LIMIT 1   [ RunTime:0.0004s ]
SQL: SELECT * FROM `cms_news` WHERE `news_id` = 11 LIMIT 1   [ RunTime:0.0004s ]
SQL: SELECT * FROM `cms_news` WHERE `news_id` = 12 LIMIT 1   [ RunTime:0.0004s ]
SQL: SELECT * FROM `cms_news` WHERE `news_id` = 5 LIMIT 1   [ RunTime:0.0004s ]

[ 2017-03-23T12:18:06+08:00 ] ::1 /index.php?c=index&a=getCount
INFO: [ app_begin ] --START--
INFO: Run Behavior\ReadHtmlCacheBehavior [ RunTime:0.000857s ]
INFO: [ app_begin ] --END-- [ RunTime:0.001587s ]
SQL: SELECT * FROM `cms_news` WHERE `news_id` = 11 LIMIT 1   [ RunTime:0.0011s ]
SQL: SELECT * FROM `cms_news` WHERE `news_id` = 13 LIMIT 1   [ RunTime:0.0006s ]
SQL: SELECT * FROM `cms_news` WHERE `news_id` = 14 LIMIT 1   [ RunTime:0.0006s ]
SQL: SELECT * FROM `cms_news` WHERE `news_id` = 15 LIMIT 1   [ RunTime:0.0006s ]
SQL: SELECT * FROM `cms_news` WHERE `news_id` = 16 LIMIT 1   [ RunTime:0.0006s ]
SQL: SELECT * FROM `cms_news` WHERE `news_id` = 9 LIMIT 1   [ RunTime:0.0006s ]
SQL: SELECT * FROM `cms_news` WHERE `news_id` = 11 LIMIT 1   [ RunTime:0.0005s ]
SQL: SELECT * FROM `cms_news` WHERE `news_id` = 12 LIMIT 1   [ RunTime:0.0006s ]
SQL: SELECT * FROM `cms_news` WHERE `news_id` = 5 LIMIT 1   [ RunTime:0.0005s ]

[ 2017-03-23T12:18:17+08:00 ] ::1 /index.php?c=index&a=getCount
INFO: [ app_begin ] --START--
INFO: Run Behavior\ReadHtmlCacheBehavior [ RunTime:0.000718s ]
INFO: [ app_begin ] --END-- [ RunTime:0.001323s ]
SQL: SELECT * FROM `cms_news` WHERE `news_id` = 11 LIMIT 1   [ RunTime:0.0008s ]
SQL: SELECT * FROM `cms_news` WHERE `news_id` = 13 LIMIT 1   [ RunTime:0.0005s ]
SQL: SELECT * FROM `cms_news` WHERE `news_id` = 14 LIMIT 1   [ RunTime:0.0006s ]
SQL: SELECT * FROM `cms_news` WHERE `news_id` = 15 LIMIT 1   [ RunTime:0.0005s ]
SQL: SELECT * FROM `cms_news` WHERE `news_id` = 16 LIMIT 1   [ RunTime:0.0004s ]
SQL: SELECT * FROM `cms_news` WHERE `news_id` = 9 LIMIT 1   [ RunTime:0.0004s ]
SQL: SELECT * FROM `cms_news` WHERE `news_id` = 11 LIMIT 1   [ RunTime:0.0004s ]
SQL: SELECT * FROM `cms_news` WHERE `news_id` = 12 LIMIT 1   [ RunTime:0.0004s ]
SQL: SELECT * FROM `cms_news` WHERE `news_id` = 5 LIMIT 1   [ RunTime:0.0004s ]

[ 2017-03-23T12:23:44+08:00 ] ::1 /index.php?c=index&a=getCount
INFO: [ app_begin ] --START--
INFO: Run Behavior\ReadHtmlCacheBehavior [ RunTime:0.000743s ]
INFO: [ app_begin ] --END-- [ RunTime:0.001382s ]
SQL: SELECT * FROM `cms_news` WHERE `news_id` = 11 LIMIT 1   [ RunTime:0.0009s ]
SQL: SELECT * FROM `cms_news` WHERE `news_id` = 13 LIMIT 1   [ RunTime:0.0005s ]
SQL: SELECT * FROM `cms_news` WHERE `news_id` = 14 LIMIT 1   [ RunTime:0.0006s ]
SQL: SELECT * FROM `cms_news` WHERE `news_id` = 15 LIMIT 1   [ RunTime:0.0006s ]
SQL: SELECT * FROM `cms_news` WHERE `news_id` = 16 LIMIT 1   [ RunTime:0.0005s ]
SQL: SELECT * FROM `cms_news` WHERE `news_id` = 9 LIMIT 1   [ RunTime:0.0005s ]
SQL: SELECT * FROM `cms_news` WHERE `news_id` = 11 LIMIT 1   [ RunTime:0.0005s ]
SQL: SELECT * FROM `cms_news` WHERE `news_id` = 12 LIMIT 1   [ RunTime:0.0005s ]
SQL: SELECT * FROM `cms_news` WHERE `news_id` = 5 LIMIT 1   [ RunTime:0.0004s ]

[ 2017-03-23T12:25:41+08:00 ] ::1 /index.php?c=index&a=getCount
INFO: [ app_begin ] --START--
INFO: Run Behavior\ReadHtmlCacheBehavior [ RunTime:0.000845s ]
INFO: [ app_begin ] --END-- [ RunTime:0.001596s ]
SQL: SELECT * FROM `cms_news` WHERE `news_id` = 11 LIMIT 1   [ RunTime:0.0007s ]
SQL: SELECT * FROM `cms_news` WHERE `news_id` = 13 LIMIT 1   [ RunTime:0.0006s ]
SQL: SELECT * FROM `cms_news` WHERE `news_id` = 14 LIMIT 1   [ RunTime:0.0006s ]
SQL: SELECT * FROM `cms_news` WHERE `news_id` = 15 LIMIT 1   [ RunTime:0.0005s ]
SQL: SELECT * FROM `cms_news` WHERE `news_id` = 16 LIMIT 1   [ RunTime:0.0005s ]
SQL: SELECT * FROM `cms_news` WHERE `news_id` = 9 LIMIT 1   [ RunTime:0.0005s ]
SQL: SELECT * FROM `cms_news` WHERE `news_id` = 11 LIMIT 1   [ RunTime:0.0005s ]
SQL: SELECT * FROM `cms_news` WHERE `news_id` = 12 LIMIT 1   [ RunTime:0.0005s ]
SQL: SELECT * FROM `cms_news` WHERE `news_id` = 5 LIMIT 1   [ RunTime:0.0004s ]

[ 2017-03-23T12:27:58+08:00 ] ::1 /index.php?c=index&a=getCount
INFO: [ app_begin ] --START--
INFO: Run Behavior\ReadHtmlCacheBehavior [ RunTime:0.000757s ]
INFO: [ app_begin ] --END-- [ RunTime:0.001470s ]
SQL: SELECT * FROM `cms_news` WHERE `news_id` = 11 LIMIT 1   [ RunTime:0.0009s ]
SQL: SELECT * FROM `cms_news` WHERE `news_id` = 13 LIMIT 1   [ RunTime:0.0006s ]
SQL: SELECT * FROM `cms_news` WHERE `news_id` = 14 LIMIT 1   [ RunTime:0.0005s ]
SQL: SELECT * FROM `cms_news` WHERE `news_id` = 15 LIMIT 1   [ RunTime:0.0005s ]
SQL: SELECT * FROM `cms_news` WHERE `news_id` = 16 LIMIT 1   [ RunTime:0.0004s ]
SQL: SELECT * FROM `cms_news` WHERE `news_id` = 9 LIMIT 1   [ RunTime:0.0005s ]
SQL: SELECT * FROM `cms_news` WHERE `news_id` = 11 LIMIT 1   [ RunTime:0.0005s ]
SQL: SELECT * FROM `cms_news` WHERE `news_id` = 12 LIMIT 1   [ RunTime:0.0006s ]
SQL: SELECT * FROM `cms_news` WHERE `news_id` = 5 LIMIT 1   [ RunTime:0.0005s ]

[ 2017-03-23T12:28:06+08:00 ] ::1 /index.php?c=index&a=getCount
INFO: [ app_begin ] --START--
INFO: Run Behavior\ReadHtmlCacheBehavior [ RunTime:0.000748s ]
INFO: [ app_begin ] --END-- [ RunTime:0.001398s ]
SQL: SELECT * FROM `cms_news` WHERE `news_id` = 11 LIMIT 1   [ RunTime:0.0008s ]
SQL: SELECT * FROM `cms_news` WHERE `news_id` = 13 LIMIT 1   [ RunTime:0.0002s ]
SQL: SELECT * FROM `cms_news` WHERE `news_id` = 14 LIMIT 1   [ RunTime:0.0002s ]
SQL: SELECT * FROM `cms_news` WHERE `news_id` = 15 LIMIT 1   [ RunTime:0.0002s ]
SQL: SELECT * FROM `cms_news` WHERE `news_id` = 16 LIMIT 1   [ RunTime:0.0002s ]
SQL: SELECT * FROM `cms_news` WHERE `news_id` = 9 LIMIT 1   [ RunTime:0.0002s ]
SQL: SELECT * FROM `cms_news` WHERE `news_id` = 11 LIMIT 1   [ RunTime:0.0002s ]
SQL: SELECT * FROM `cms_news` WHERE `news_id` = 12 LIMIT 1   [ RunTime:0.0002s ]
SQL: SELECT * FROM `cms_news` WHERE `news_id` = 5 LIMIT 1   [ RunTime:0.0002s ]

[ 2017-03-23T12:29:35+08:00 ] ::1 /index.php?c=index&a=getCount
INFO: [ app_begin ] --START--
INFO: Run Behavior\ReadHtmlCacheBehavior [ RunTime:0.000901s ]
INFO: [ app_begin ] --END-- [ RunTime:0.001527s ]
SQL: SELECT * FROM `cms_news` WHERE `news_id` = 11 LIMIT 1   [ RunTime:0.0008s ]
SQL: SELECT * FROM `cms_news` WHERE `news_id` = 13 LIMIT 1   [ RunTime:0.0007s ]
SQL: SELECT * FROM `cms_news` WHERE `news_id` = 14 LIMIT 1   [ RunTime:0.0006s ]
SQL: SELECT * FROM `cms_news` WHERE `news_id` = 15 LIMIT 1   [ RunTime:0.0006s ]
SQL: SELECT * FROM `cms_news` WHERE `news_id` = 16 LIMIT 1   [ RunTime:0.0005s ]
SQL: SELECT * FROM `cms_news` WHERE `news_id` = 9 LIMIT 1   [ RunTime:0.0004s ]
SQL: SELECT * FROM `cms_news` WHERE `news_id` = 11 LIMIT 1   [ RunTime:0.0005s ]
SQL: SELECT * FROM `cms_news` WHERE `news_id` = 12 LIMIT 1   [ RunTime:0.0004s ]
SQL: SELECT * FROM `cms_news` WHERE `news_id` = 5 LIMIT 1   [ RunTime:0.0004s ]

[ 2017-03-23T12:30:46+08:00 ] ::1 /index.php?c=index&a=getCount
INFO: [ app_begin ] --START--
INFO: Run Behavior\ReadHtmlCacheBehavior [ RunTime:0.000568s ]
INFO: [ app_begin ] --END-- [ RunTime:0.001107s ]
SQL: SELECT * FROM `cms_news` WHERE `news_id` = 11 LIMIT 1   [ RunTime:0.0008s ]
SQL: SELECT * FROM `cms_news` WHERE `news_id` = 13 LIMIT 1   [ RunTime:0.0005s ]
SQL: SELECT * FROM `cms_news` WHERE `news_id` = 14 LIMIT 1   [ RunTime:0.0005s ]
SQL: SELECT * FROM `cms_news` WHERE `news_id` = 15 LIMIT 1   [ RunTime:0.0005s ]
SQL: SELECT * FROM `cms_news` WHERE `news_id` = 16 LIMIT 1   [ RunTime:0.0004s ]
SQL: SELECT * FROM `cms_news` WHERE `news_id` = 9 LIMIT 1   [ RunTime:0.0005s ]
SQL: SELECT * FROM `cms_news` WHERE `news_id` = 11 LIMIT 1   [ RunTime:0.0004s ]
SQL: SELECT * FROM `cms_news` WHERE `news_id` = 12 LIMIT 1   [ RunTime:0.0004s ]
SQL: SELECT * FROM `cms_news` WHERE `news_id` = 5 LIMIT 1   [ RunTime:0.0004s ]

[ 2017-03-23T12:34:16+08:00 ] ::1 /index.php?m=Home&c=detail&a=index&id=13
ERR: 1054:Unknown column 'count' in 'field list'
 [ SQL语句 ] : update cms_news set count=count+1 where news_id=13

[ 2017-03-23T12:34:27+08:00 ] ::1 /index.php?m=Home&c=detail&a=index&id=14
ERR: :
 [ SQL语句 ] : update cms_news set counts=counts+1 where news_id=14

[ 2017-03-23T12:35:13+08:00 ] ::1 /index.php?m=Home&c=detail&a=index&id=14
ERR: :
 [ SQL语句 ] : update cms_news set counts=counts+1 where news_id=14

[ 2017-03-23T12:36:26+08:00 ] ::1 /index.php?c=index&a=getCount
INFO: [ app_begin ] --START--
INFO: Run Behavior\ReadHtmlCacheBehavior [ RunTime:0.000755s ]
INFO: [ app_begin ] --END-- [ RunTime:0.001355s ]
SQL: SELECT * FROM `cms_news` WHERE `news_id` = 11 LIMIT 1   [ RunTime:0.0009s ]
SQL: SELECT * FROM `cms_news` WHERE `news_id` = 13 LIMIT 1   [ RunTime:0.0006s ]
SQL: SELECT * FROM `cms_news` WHERE `news_id` = 14 LIMIT 1   [ RunTime:0.0006s ]
SQL: SELECT * FROM `cms_news` WHERE `news_id` = 15 LIMIT 1   [ RunTime:0.0006s ]
SQL: SELECT * FROM `cms_news` WHERE `news_id` = 16 LIMIT 1   [ RunTime:0.0006s ]
SQL: SELECT * FROM `cms_news` WHERE `news_id` = 9 LIMIT 1   [ RunTime:0.0006s ]
SQL: SELECT * FROM `cms_news` WHERE `news_id` = 11 LIMIT 1   [ RunTime:0.0006s ]
SQL: SELECT * FROM `cms_news` WHERE `news_id` = 12 LIMIT 1   [ RunTime:0.0006s ]
SQL: SELECT * FROM `cms_news` WHERE `news_id` = 5 LIMIT 1   [ RunTime:0.0006s ]

[ 2017-03-23T12:38:40+08:00 ] ::1 /index.php?c=index&a=getCount
INFO: [ app_begin ] --START--
INFO: Run Behavior\ReadHtmlCacheBehavior [ RunTime:0.000736s ]
INFO: [ app_begin ] --END-- [ RunTime:0.001422s ]
SQL: SELECT * FROM `cms_news` WHERE `news_id` = 11 LIMIT 1   [ RunTime:0.0009s ]
SQL: SELECT * FROM `cms_news` WHERE `news_id` = 13 LIMIT 1   [ RunTime:0.0005s ]
SQL: SELECT * FROM `cms_news` WHERE `news_id` = 14 LIMIT 1   [ RunTime:0.0005s ]
SQL: SELECT * FROM `cms_news` WHERE `news_id` = 15 LIMIT 1   [ RunTime:0.0005s ]
SQL: SELECT * FROM `cms_news` WHERE `news_id` = 16 LIMIT 1   [ RunTime:0.0005s ]
SQL: SELECT * FROM `cms_news` WHERE `news_id` = 9 LIMIT 1   [ RunTime:0.0006s ]
SQL: SELECT * FROM `cms_news` WHERE `news_id` = 11 LIMIT 1   [ RunTime:0.0005s ]
SQL: SELECT * FROM `cms_news` WHERE `news_id` = 12 LIMIT 1   [ RunTime:0.0005s ]
SQL: SELECT * FROM `cms_news` WHERE `news_id` = 5 LIMIT 1   [ RunTime:0.0005s ]

[ 2017-03-23T12:39:33+08:00 ] ::1 /index.php?m=Home&c=detail&a=index&id=16
ERR: 1054:Unknown column 'news_id1' in 'where clause'
 [ SQL语句 ] : SELECT * FROM `cms_news` WHERE ( news_id1=16 ) AND `status` = 1 ORDER BY counts desc ,news_id desc LIMIT 10  

[ 2017-03-23T12:47:11+08:00 ] ::1 /index.php?c=index&a=getCount
INFO: [ app_begin ] --START--
INFO: Run Behavior\ReadHtmlCacheBehavior [ RunTime:0.000707s ]
INFO: [ app_begin ] --END-- [ RunTime:0.001286s ]
SQL: SELECT * FROM `cms_news` WHERE `news_id` = 11 LIMIT 1   [ RunTime:0.0009s ]
SQL: SELECT * FROM `cms_news` WHERE `news_id` = 13 LIMIT 1   [ RunTime:0.0006s ]
SQL: SELECT * FROM `cms_news` WHERE `news_id` = 14 LIMIT 1   [ RunTime:0.0005s ]
SQL: SELECT * FROM `cms_news` WHERE `news_id` = 15 LIMIT 1   [ RunTime:0.0006s ]
SQL: SELECT * FROM `cms_news` WHERE `news_id` = 16 LIMIT 1   [ RunTime:0.0006s ]
SQL: SELECT * FROM `cms_news` WHERE `news_id` = 9 LIMIT 1   [ RunTime:0.0006s ]
SQL: SELECT * FROM `cms_news` WHERE `news_id` = 11 LIMIT 1   [ RunTime:0.0006s ]
SQL: SELECT * FROM `cms_news` WHERE `news_id` = 12 LIMIT 1   [ RunTime:0.0006s ]
SQL: SELECT * FROM `cms_news` WHERE `news_id` = 5 LIMIT 1   [ RunTime:0.0006s ]

[ 2017-03-23T12:47:13+08:00 ] ::1 /index.php?c=detail&id=11
ERR: 1054:Unknown column 'news_id1' in 'where clause'
 [ SQL语句 ] : SELECT * FROM `cms_news` WHERE ( news_id1=11 ) AND `status` = 1 ORDER BY counts desc ,news_id desc LIMIT 10  

[ 2017-03-23T12:48:11+08:00 ] ::1 /index.php?c=detail&id=11
ERR: 1054:Unknown column 'news_id1' in 'where clause'
 [ SQL语句 ] : SELECT * FROM `cms_news` WHERE ( news_id1=11 ) AND `status` = 1 ORDER BY counts desc ,news_id desc LIMIT 10  

[ 2017-03-23T12:49:04+08:00 ] ::1 /index.php?c=index&a=getCount
INFO: [ app_begin ] --START--
INFO: Run Behavior\ReadHtmlCacheBehavior [ RunTime:0.000627s ]
INFO: [ app_begin ] --END-- [ RunTime:0.001224s ]
SQL: SELECT * FROM `cms_news` WHERE `news_id` = 11 LIMIT 1   [ RunTime:0.0009s ]
SQL: SELECT * FROM `cms_news` WHERE `news_id` = 13 LIMIT 1   [ RunTime:0.0006s ]
SQL: SELECT * FROM `cms_news` WHERE `news_id` = 14 LIMIT 1   [ RunTime:0.0006s ]
SQL: SELECT * FROM `cms_news` WHERE `news_id` = 15 LIMIT 1   [ RunTime:0.0005s ]
SQL: SELECT * FROM `cms_news` WHERE `news_id` = 16 LIMIT 1   [ RunTime:0.0005s ]
SQL: SELECT * FROM `cms_news` WHERE `news_id` = 9 LIMIT 1   [ RunTime:0.0006s ]
SQL: SELECT * FROM `cms_news` WHERE `news_id` = 11 LIMIT 1   [ RunTime:0.0005s ]
SQL: SELECT * FROM `cms_news` WHERE `news_id` = 12 LIMIT 1   [ RunTime:0.0004s ]
SQL: SELECT * FROM `cms_news` WHERE `news_id` = 5 LIMIT 1   [ RunTime:0.0004s ]

[ 2017-03-23T12:49:41+08:00 ] ::1 /index.php?c=index&a=getCount
INFO: [ app_begin ] --START--
INFO: Run Behavior\ReadHtmlCacheBehavior [ RunTime:0.000808s ]
INFO: [ app_begin ] --END-- [ RunTime:0.001464s ]
SQL: SELECT * FROM `cms_news` WHERE `news_id` = 11 LIMIT 1   [ RunTime:0.0009s ]
SQL: SELECT * FROM `cms_news` WHERE `news_id` = 13 LIMIT 1   [ RunTime:0.0006s ]
SQL: SELECT * FROM `cms_news` WHERE `news_id` = 14 LIMIT 1   [ RunTime:0.0007s ]
SQL: SELECT * FROM `cms_news` WHERE `news_id` = 15 LIMIT 1   [ RunTime:0.0006s ]
SQL: SELECT * FROM `cms_news` WHERE `news_id` = 16 LIMIT 1   [ RunTime:0.0005s ]
SQL: SELECT * FROM `cms_news` WHERE `news_id` = 9 LIMIT 1   [ RunTime:0.0005s ]
SQL: SELECT * FROM `cms_news` WHERE `news_id` = 11 LIMIT 1   [ RunTime:0.0005s ]
SQL: SELECT * FROM `cms_news` WHERE `news_id` = 12 LIMIT 1   [ RunTime:0.0005s ]
SQL: SELECT * FROM `cms_news` WHERE `news_id` = 5 LIMIT 1   [ RunTime:0.0005s ]

[ 2017-03-23T12:50:57+08:00 ] ::1 /index.php?c=detail&id=11
ERR: :
 [ SQL语句 ] : update cms_news set counts=counts+1 where news_id=11

[ 2017-03-23T12:51:10+08:00 ] ::1 /index.php?c=detail&id=11
ERR: :
 [ SQL语句 ] : update cms_news set counts=counts+1 where news_id=11

[ 2017-03-23T12:58:31+08:00 ] ::1 /index.php?c=index&a=getCount
INFO: [ app_begin ] --START--
INFO: Run Behavior\ReadHtmlCacheBehavior [ RunTime:0.000731s ]
INFO: [ app_begin ] --END-- [ RunTime:0.001341s ]
SQL: SELECT * FROM `cms_news` WHERE `news_id` = 11 LIMIT 1   [ RunTime:0.0008s ]
SQL: SELECT * FROM `cms_news` WHERE `news_id` = 13 LIMIT 1   [ RunTime:0.0005s ]
SQL: SELECT * FROM `cms_news` WHERE `news_id` = 14 LIMIT 1   [ RunTime:0.0005s ]
SQL: SELECT * FROM `cms_news` WHERE `news_id` = 15 LIMIT 1   [ RunTime:0.0004s ]
SQL: SELECT * FROM `cms_news` WHERE `news_id` = 16 LIMIT 1   [ RunTime:0.0004s ]
SQL: SELECT * FROM `cms_news` WHERE `news_id` = 9 LIMIT 1   [ RunTime:0.0004s ]
SQL: SELECT * FROM `cms_news` WHERE `news_id` = 11 LIMIT 1   [ RunTime:0.0004s ]
SQL: SELECT * FROM `cms_news` WHERE `news_id` = 12 LIMIT 1   [ RunTime:0.0005s ]
SQL: SELECT * FROM `cms_news` WHERE `news_id` = 5 LIMIT 1   [ RunTime:0.0005s ]

[ 2017-03-23T12:58:38+08:00 ] ::1 /index.php?c=index&a=getCount
INFO: [ app_begin ] --START--
INFO: Run Behavior\ReadHtmlCacheBehavior [ RunTime:0.000722s ]
INFO: [ app_begin ] --END-- [ RunTime:0.001421s ]
SQL: SELECT * FROM `cms_news` WHERE `news_id` = 11 LIMIT 1   [ RunTime:0.0008s ]
SQL: SELECT * FROM `cms_news` WHERE `news_id` = 13 LIMIT 1   [ RunTime:0.0005s ]
SQL: SELECT * FROM `cms_news` WHERE `news_id` = 14 LIMIT 1   [ RunTime:0.0005s ]
SQL: SELECT * FROM `cms_news` WHERE `news_id` = 15 LIMIT 1   [ RunTime:0.0005s ]
SQL: SELECT * FROM `cms_news` WHERE `news_id` = 16 LIMIT 1   [ RunTime:0.0006s ]
SQL: SELECT * FROM `cms_news` WHERE `news_id` = 9 LIMIT 1   [ RunTime:0.0005s ]
SQL: SELECT * FROM `cms_news` WHERE `news_id` = 11 LIMIT 1   [ RunTime:0.0005s ]
SQL: SELECT * FROM `cms_news` WHERE `news_id` = 12 LIMIT 1   [ RunTime:0.0005s ]
SQL: SELECT * FROM `cms_news` WHERE `news_id` = 5 LIMIT 1   [ RunTime:0.0004s ]

[ 2017-03-23T12:58:43+08:00 ] ::1 /index.php?c=index&a=getCount
INFO: [ app_begin ] --START--
INFO: Run Behavior\ReadHtmlCacheBehavior [ RunTime:0.000587s ]
INFO: [ app_begin ] --END-- [ RunTime:0.001050s ]
SQL: SELECT * FROM `cms_news` WHERE `news_id` = 11 LIMIT 1   [ RunTime:0.0010s ]
SQL: SELECT * FROM `cms_news` WHERE `news_id` = 13 LIMIT 1   [ RunTime:0.0006s ]
SQL: SELECT * FROM `cms_news` WHERE `news_id` = 14 LIMIT 1   [ RunTime:0.0006s ]
SQL: SELECT * FROM `cms_news` WHERE `news_id` = 15 LIMIT 1   [ RunTime:0.0005s ]
SQL: SELECT * FROM `cms_news` WHERE `news_id` = 16 LIMIT 1   [ RunTime:0.0005s ]
SQL: SELECT * FROM `cms_news` WHERE `news_id` = 9 LIMIT 1   [ RunTime:0.0005s ]
SQL: SELECT * FROM `cms_news` WHERE `news_id` = 11 LIMIT 1   [ RunTime:0.0005s ]
SQL: SELECT * FROM `cms_news` WHERE `news_id` = 12 LIMIT 1   [ RunTime:0.0004s ]
SQL: SELECT * FROM `cms_news` WHERE `news_id` = 5 LIMIT 1   [ RunTime:0.0004s ]

[ 2017-03-23T12:58:48+08:00 ] ::1 /index.php?c=index&a=getCount
INFO: [ app_begin ] --START--
INFO: Run Behavior\ReadHtmlCacheBehavior [ RunTime:0.000684s ]
INFO: [ app_begin ] --END-- [ RunTime:0.001252s ]
SQL: SELECT * FROM `cms_news` WHERE `news_id` = 11 LIMIT 1   [ RunTime:0.0008s ]
SQL: SELECT * FROM `cms_news` WHERE `news_id` = 13 LIMIT 1   [ RunTime:0.0005s ]
SQL: SELECT * FROM `cms_news` WHERE `news_id` = 14 LIMIT 1   [ RunTime:0.0005s ]
SQL: SELECT * FROM `cms_news` WHERE `news_id` = 15 LIMIT 1   [ RunTime:0.0005s ]
SQL: SELECT * FROM `cms_news` WHERE `news_id` = 16 LIMIT 1   [ RunTime:0.0005s ]
SQL: SELECT * FROM `cms_news` WHERE `news_id` = 9 LIMIT 1   [ RunTime:0.0005s ]
SQL: SELECT * FROM `cms_news` WHERE `news_id` = 11 LIMIT 1   [ RunTime:0.0004s ]
SQL: SELECT * FROM `cms_news` WHERE `news_id` = 12 LIMIT 1   [ RunTime:0.0005s ]
SQL: SELECT * FROM `cms_news` WHERE `news_id` = 5 LIMIT 1   [ RunTime:0.0005s ]

[ 2017-03-23T12:58:51+08:00 ] ::1 /index.php?c=index&a=getCount
INFO: [ app_begin ] --START--
INFO: Run Behavior\ReadHtmlCacheBehavior [ RunTime:0.000724s ]
INFO: [ app_begin ] --END-- [ RunTime:0.001527s ]
SQL: SELECT * FROM `cms_news` WHERE `news_id` = 11 LIMIT 1   [ RunTime:0.0009s ]
SQL: SELECT * FROM `cms_news` WHERE `news_id` = 13 LIMIT 1   [ RunTime:0.0006s ]
SQL: SELECT * FROM `cms_news` WHERE `news_id` = 14 LIMIT 1   [ RunTime:0.0005s ]
SQL: SELECT * FROM `cms_news` WHERE `news_id` = 15 LIMIT 1   [ RunTime:0.0005s ]
SQL: SELECT * FROM `cms_news` WHERE `news_id` = 16 LIMIT 1   [ RunTime:0.0004s ]
SQL: SELECT * FROM `cms_news` WHERE `news_id` = 9 LIMIT 1   [ RunTime:0.0005s ]
SQL: SELECT * FROM `cms_news` WHERE `news_id` = 11 LIMIT 1   [ RunTime:0.0005s ]
SQL: SELECT * FROM `cms_news` WHERE `news_id` = 12 LIMIT 1   [ RunTime:0.0005s ]
SQL: SELECT * FROM `cms_news` WHERE `news_id` = 5 LIMIT 1   [ RunTime:0.0006s ]

[ 2017-03-23T15:14:04+08:00 ] ::1 /index.php?c=index&a=getCount
INFO: [ app_begin ] --START--
INFO: Run Behavior\ReadHtmlCacheBehavior [ RunTime:0.001490s ]
INFO: [ app_begin ] --END-- [ RunTime:0.002405s ]
SQL: SELECT * FROM `cms_news` WHERE `news_id` = 11 LIMIT 1   [ RunTime:0.0009s ]
SQL: SELECT * FROM `cms_news` WHERE `news_id` = 13 LIMIT 1   [ RunTime:0.0006s ]
SQL: SELECT * FROM `cms_news` WHERE `news_id` = 14 LIMIT 1   [ RunTime:0.0005s ]
SQL: SELECT * FROM `cms_news` WHERE `news_id` = 15 LIMIT 1   [ RunTime:0.0005s ]
SQL: SELECT * FROM `cms_news` WHERE `news_id` = 16 LIMIT 1   [ RunTime:0.0004s ]
SQL: SELECT * FROM `cms_news` WHERE `news_id` = 9 LIMIT 1   [ RunTime:0.0005s ]
SQL: SELECT * FROM `cms_news` WHERE `news_id` = 11 LIMIT 1   [ RunTime:0.0005s ]
SQL: SELECT * FROM `cms_news` WHERE `news_id` = 12 LIMIT 1   [ RunTime:0.0004s ]
SQL: SELECT * FROM `cms_news` WHERE `news_id` = 5 LIMIT 1   [ RunTime:0.0004s ]

[ 2017-03-23T16:11:54+08:00 ] ::1 /index.php?c=index&a=getCount
INFO: [ app_begin ] --START--
INFO: Run Behavior\ReadHtmlCacheBehavior [ RunTime:0.000657s ]
INFO: [ app_begin ] --END-- [ RunTime:0.001028s ]
SQL: SELECT * FROM `cms_news` WHERE `news_id` = 11 LIMIT 1   [ RunTime:0.0009s ]
SQL: SELECT * FROM `cms_news` WHERE `news_id` = 13 LIMIT 1   [ RunTime:0.0005s ]
SQL: SELECT * FROM `cms_news` WHERE `news_id` = 14 LIMIT 1   [ RunTime:0.0006s ]
SQL: SELECT * FROM `cms_news` WHERE `news_id` = 15 LIMIT 1   [ RunTime:0.0006s ]
SQL: SELECT * FROM `cms_news` WHERE `news_id` = 16 LIMIT 1   [ RunTime:0.0005s ]
SQL: SELECT * FROM `cms_news` WHERE `news_id` = 9 LIMIT 1   [ RunTime:0.0005s ]
SQL: SELECT * FROM `cms_news` WHERE `news_id` = 11 LIMIT 1   [ RunTime:0.0007s ]
SQL: SELECT * FROM `cms_news` WHERE `news_id` = 12 LIMIT 1   [ RunTime:0.0005s ]
SQL: SELECT * FROM `cms_news` WHERE `news_id` = 5 LIMIT 1   [ RunTime:0.0005s ]

