[ 2017-03-22T09:42:20+08:00 ] ::1 /index.php?c=menu
ERR: 无法加载控制器:Menu

[ 2017-03-22T09:50:26+08:00 ] ::1 /index.php?c=index&a=getCount
INFO: [ app_begin ] --START--
INFO: Run Behavior\ReadHtmlCacheBehavior [ RunTime:0.000971s ]
INFO: [ app_begin ] --END-- [ RunTime:0.001775s ]
ERR: 非法操作:getCount

[ 2017-03-22T09:51:56+08:00 ] ::1 /index.php?c=index&a=getCount
INFO: [ app_begin ] --START--
INFO: Run Behavior\ReadHtmlCacheBehavior [ RunTime:0.000590s ]
INFO: [ app_begin ] --END-- [ RunTime:0.001033s ]
ERR: 非法操作:getCount

[ 2017-03-22T09:52:02+08:00 ] ::1 /index.php?c=index&a=getCount
INFO: [ app_begin ] --START--
INFO: Run Behavior\ReadHtmlCacheBehavior [ RunTime:0.000509s ]
INFO: [ app_begin ] --END-- [ RunTime:0.000972s ]
ERR: 非法操作:getCount

[ 2017-03-22T10:05:32+08:00 ] ::1 /index.php?c=cat&id=35
ERR: 无法加载控制器:Cat

[ 2017-03-22T10:16:36+08:00 ] ::1 /home.php
ERR: Think\Model:getBigBanner方法不存在！

[ 2017-03-22T10:17:03+08:00 ] ::1 /home.php
ERR: Think\Model:getBigBanner方法不存在！

[ 2017-03-22T10:17:28+08:00 ] ::1 /index.php?c=index&a=getCount
INFO: [ app_begin ] --START--
INFO: Run Behavior\ReadHtmlCacheBehavior [ RunTime:0.000837s ]
INFO: [ app_begin ] --END-- [ RunTime:0.001537s ]
ERR: 非法操作:getCount

[ 2017-03-22T10:17:36+08:00 ] ::1 /index.php?c=index&a=getCount
INFO: [ app_begin ] --START--
INFO: Run Behavior\ReadHtmlCacheBehavior [ RunTime:0.000669s ]
INFO: [ app_begin ] --END-- [ RunTime:0.001122s ]
ERR: 非法操作:getCount

[ 2017-03-22T10:18:32+08:00 ] ::1 /index.php?c=index&a=getCount
INFO: [ app_begin ] --START--
INFO: Run Behavior\ReadHtmlCacheBehavior [ RunTime:0.000768s ]
INFO: [ app_begin ] --END-- [ RunTime:0.001366s ]
ERR: 非法操作:getCount

[ 2017-03-22T10:20:49+08:00 ] ::1 /index.php?c=index&a=getCount
INFO: [ app_begin ] --START--
INFO: Run Behavior\ReadHtmlCacheBehavior [ RunTime:0.001888s ]
INFO: [ app_begin ] --END-- [ RunTime:0.002758s ]
ERR: 非法操作:getCount

[ 2017-03-22T10:22:08+08:00 ] ::1 /index.php?c=index&a=getCount
INFO: [ app_begin ] --START--
INFO: Run Behavior\ReadHtmlCacheBehavior [ RunTime:0.000952s ]
INFO: [ app_begin ] --END-- [ RunTime:0.001391s ]
ERR: 非法操作:getCount

[ 2017-03-22T10:23:22+08:00 ] ::1 /index.php?c=index&a=getCount
INFO: [ app_begin ] --START--
INFO: Run Behavior\ReadHtmlCacheBehavior [ RunTime:0.001365s ]
INFO: [ app_begin ] --END-- [ RunTime:0.001977s ]
ERR: 非法操作:getCount

[ 2017-03-22T10:23:32+08:00 ] ::1 /index.php?c=index&a=getCount
INFO: [ app_begin ] --START--
INFO: Run Behavior\ReadHtmlCacheBehavior [ RunTime:0.000922s ]
INFO: [ app_begin ] --END-- [ RunTime:0.001305s ]
ERR: 非法操作:getCount

[ 2017-03-22T10:26:43+08:00 ] ::1 /index.php?c=index&a=getCount
INFO: [ app_begin ] --START--
INFO: Run Behavior\ReadHtmlCacheBehavior [ RunTime:0.001694s ]
INFO: [ app_begin ] --END-- [ RunTime:0.002277s ]
ERR: 非法操作:getCount

[ 2017-03-22T10:28:17+08:00 ] ::1 /index.php?c=detail&id=11
ERR: 无法加载控制器:Detail

[ 2017-03-22T10:28:22+08:00 ] ::1 /index.php?c=index&a=getCount
INFO: [ app_begin ] --START--
INFO: Run Behavior\ReadHtmlCacheBehavior [ RunTime:0.000927s ]
INFO: [ app_begin ] --END-- [ RunTime:0.001296s ]
ERR: 非法操作:getCount

[ 2017-03-22T10:39:24+08:00 ] ::1 /index.php?c=index&a=getCount
INFO: [ app_begin ] --START--
INFO: Run Behavior\ReadHtmlCacheBehavior [ RunTime:0.001437s ]
INFO: [ app_begin ] --END-- [ RunTime:0.002029s ]
ERR: 非法操作:getCount

[ 2017-03-22T10:40:15+08:00 ] ::1 /index.php?c=index&a=getCount
INFO: [ app_begin ] --START--
INFO: Run Behavior\ReadHtmlCacheBehavior [ RunTime:0.000970s ]
INFO: [ app_begin ] --END-- [ RunTime:0.001706s ]
ERR: 非法操作:getCount

[ 2017-03-22T10:41:14+08:00 ] ::1 /index.php?c=index&a=getCount
INFO: [ app_begin ] --START--
INFO: Run Behavior\ReadHtmlCacheBehavior [ RunTime:0.000984s ]
INFO: [ app_begin ] --END-- [ RunTime:0.001376s ]
ERR: 非法操作:getCount

[ 2017-03-22T10:42:06+08:00 ] ::1 /index.php?c=index&a=getCount
INFO: [ app_begin ] --START--
INFO: Run Behavior\ReadHtmlCacheBehavior [ RunTime:0.000948s ]
INFO: [ app_begin ] --END-- [ RunTime:0.001450s ]
ERR: 非法操作:getCount

[ 2017-03-22T10:42:40+08:00 ] ::1 /index.php?c=index&a=getCount
INFO: [ app_begin ] --START--
INFO: Run Behavior\ReadHtmlCacheBehavior [ RunTime:0.000961s ]
INFO: [ app_begin ] --END-- [ RunTime:0.001358s ]
ERR: 非法操作:getCount

[ 2017-03-22T10:44:59+08:00 ] ::1 /index.php?c=index&a=getCount
INFO: [ app_begin ] --START--
INFO: Run Behavior\ReadHtmlCacheBehavior [ RunTime:0.001098s ]
INFO: [ app_begin ] --END-- [ RunTime:0.001530s ]
ERR: 非法操作:getCount

[ 2017-03-22T10:50:14+08:00 ] ::1 /index.php?c=index&a=getCount
INFO: [ app_begin ] --START--
INFO: Run Behavior\ReadHtmlCacheBehavior [ RunTime:0.001445s ]
INFO: [ app_begin ] --END-- [ RunTime:0.002084s ]
ERR: 非法操作:getCount

[ 2017-03-22T10:50:19+08:00 ] ::1 /index.php?c=index&a=getCount
INFO: [ app_begin ] --START--
INFO: Run Behavior\ReadHtmlCacheBehavior [ RunTime:0.001398s ]
INFO: [ app_begin ] --END-- [ RunTime:0.002437s ]
ERR: 非法操作:getCount

[ 2017-03-22T10:50:34+08:00 ] ::1 /index.php?c=index&a=getCount
INFO: [ app_begin ] --START--
INFO: Run Behavior\ReadHtmlCacheBehavior [ RunTime:0.001353s ]
INFO: [ app_begin ] --END-- [ RunTime:0.002166s ]
ERR: 非法操作:getCount

[ 2017-03-22T10:50:41+08:00 ] ::1 /index.php?c=index&a=getCount
INFO: [ app_begin ] --START--
INFO: Run Behavior\ReadHtmlCacheBehavior [ RunTime:0.000987s ]
INFO: [ app_begin ] --END-- [ RunTime:0.001395s ]
ERR: 非法操作:getCount

[ 2017-03-22T11:10:27+08:00 ] ::1 /index.php?c=index&a=getCount
INFO: [ app_begin ] --START--
INFO: Run Behavior\ReadHtmlCacheBehavior [ RunTime:0.001582s ]
INFO: [ app_begin ] --END-- [ RunTime:0.002468s ]
ERR: 非法操作:getCount

[ 2017-03-22T11:20:35+08:00 ] ::1 /index.php?c=index&a=getCount
INFO: [ app_begin ] --START--
INFO: Run Behavior\ReadHtmlCacheBehavior [ RunTime:0.001855s ]
INFO: [ app_begin ] --END-- [ RunTime:0.002467s ]
ERR: 非法操作:getCount

[ 2017-03-22T11:24:51+08:00 ] ::1 /index.php?c=index&a=getCount
INFO: [ app_begin ] --START--
INFO: Run Behavior\ReadHtmlCacheBehavior [ RunTime:0.001008s ]
INFO: [ app_begin ] --END-- [ RunTime:0.001417s ]
ERR: 非法操作:getCount

[ 2017-03-22T11:25:01+08:00 ] ::1 /index.php?c=detail&id=9
ERR: 无法加载控制器:Detail

[ 2017-03-22T11:30:25+08:00 ] ::1 /index.php?c=index&a=getCount
INFO: [ app_begin ] --START--
INFO: Run Behavior\ReadHtmlCacheBehavior [ RunTime:0.001123s ]
INFO: [ app_begin ] --END-- [ RunTime:0.001680s ]
ERR: 非法操作:getCount

[ 2017-03-22T11:41:43+08:00 ] ::1 /index.php?c=detail&id=11
ERR: 无法加载控制器:Detail

[ 2017-03-22T11:46:48+08:00 ] ::1 /index.php?c=index&a=getCount
INFO: [ app_begin ] --START--
INFO: Run Behavior\ReadHtmlCacheBehavior [ RunTime:0.000525s ]
INFO: [ app_begin ] --END-- [ RunTime:0.001115s ]
ERR: 非法操作:getCount

[ 2017-03-22T11:49:02+08:00 ] ::1 /index.php?c=index&a=getCount
INFO: [ app_begin ] --START--
INFO: Run Behavior\ReadHtmlCacheBehavior [ RunTime:0.002278s ]
INFO: [ app_begin ] --END-- [ RunTime:0.003806s ]
ERR: 非法操作:getCount

[ 2017-03-22T11:59:42+08:00 ] ::1 /home.php
ERR: 1054:Unknown column 'count' in 'order clause'
 [ SQL语句 ] : SELECT * FROM `cms_news` WHERE `status` = 1 ORDER BY count desc ,new_id desc LIMIT 10  

[ 2017-03-22T12:00:00+08:00 ] ::1 /home.php
ERR: 1054:Unknown column 'new_id' in 'order clause'
 [ SQL语句 ] : SELECT * FROM `cms_news` WHERE `status` = 1 ORDER BY posids desc ,new_id desc LIMIT 10  

[ 2017-03-22T12:00:20+08:00 ] ::1 /index.php?c=index&a=getCount
INFO: [ app_begin ] --START--
INFO: Run Behavior\ReadHtmlCacheBehavior [ RunTime:0.000903s ]
INFO: [ app_begin ] --END-- [ RunTime:0.001330s ]
ERR: 非法操作:getCount

[ 2017-03-22T12:06:21+08:00 ] ::1 /index.php?c=index&a=getCount
INFO: [ app_begin ] --START--
INFO: Run Behavior\ReadHtmlCacheBehavior [ RunTime:0.000513s ]
INFO: [ app_begin ] --END-- [ RunTime:0.000947s ]
ERR: 非法操作:getCount

[ 2017-03-22T12:07:46+08:00 ] ::1 /index.php?c=index&a=getCount
INFO: [ app_begin ] --START--
INFO: Run Behavior\ReadHtmlCacheBehavior [ RunTime:0.001043s ]
INFO: [ app_begin ] --END-- [ RunTime:0.001983s ]
ERR: 非法操作:getCount

[ 2017-03-22T12:08:40+08:00 ] ::1 /index.php?c=index&a=getCount
INFO: [ app_begin ] --START--
INFO: Run Behavior\ReadHtmlCacheBehavior [ RunTime:0.001077s ]
INFO: [ app_begin ] --END-- [ RunTime:0.001997s ]
ERR: 非法操作:getCount

[ 2017-03-22T12:09:26+08:00 ] ::1 /index.php?c=index&a=getCount
INFO: [ app_begin ] --START--
INFO: Run Behavior\ReadHtmlCacheBehavior [ RunTime:0.000800s ]
INFO: [ app_begin ] --END-- [ RunTime:0.001309s ]
ERR: 非法操作:getCount

[ 2017-03-22T12:09:52+08:00 ] ::1 /index.php?c=index&a=getCount
INFO: [ app_begin ] --START--
INFO: Run Behavior\ReadHtmlCacheBehavior [ RunTime:0.000954s ]
INFO: [ app_begin ] --END-- [ RunTime:0.001584s ]
ERR: 非法操作:getCount

[ 2017-03-22T12:10:37+08:00 ] ::1 /index.php?c=index&a=getCount
INFO: [ app_begin ] --START--
INFO: Run Behavior\ReadHtmlCacheBehavior [ RunTime:0.001041s ]
INFO: [ app_begin ] --END-- [ RunTime:0.001638s ]
ERR: 非法操作:getCount

[ 2017-03-22T12:10:59+08:00 ] ::1 /index.php?c=index&a=getCount
INFO: [ app_begin ] --START--
INFO: Run Behavior\ReadHtmlCacheBehavior [ RunTime:0.001028s ]
INFO: [ app_begin ] --END-- [ RunTime:0.001770s ]
ERR: 非法操作:getCount

[ 2017-03-22T12:11:11+08:00 ] ::1 /index.php?c=index&a=getCount
INFO: [ app_begin ] --START--
INFO: Run Behavior\ReadHtmlCacheBehavior [ RunTime:0.000666s ]
INFO: [ app_begin ] --END-- [ RunTime:0.001291s ]
ERR: 非法操作:getCount

[ 2017-03-22T12:11:44+08:00 ] ::1 /index.php?c=index&a=getCount
INFO: [ app_begin ] --START--
INFO: Run Behavior\ReadHtmlCacheBehavior [ RunTime:0.000628s ]
INFO: [ app_begin ] --END-- [ RunTime:0.001114s ]
ERR: 非法操作:getCount

[ 2017-03-22T12:12:20+08:00 ] ::1 /index.php?c=index&a=getCount
INFO: [ app_begin ] --START--
INFO: Run Behavior\ReadHtmlCacheBehavior [ RunTime:0.000630s ]
INFO: [ app_begin ] --END-- [ RunTime:0.001060s ]
ERR: 非法操作:getCount

[ 2017-03-22T12:12:25+08:00 ] ::1 /index.php?c=cat&id=35
ERR: 无法加载控制器:Cat

[ 2017-03-22T12:12:27+08:00 ] ::1 /index.php?c=index&a=getCount
INFO: [ app_begin ] --START--
INFO: Run Behavior\ReadHtmlCacheBehavior [ RunTime:0.000500s ]
INFO: [ app_begin ] --END-- [ RunTime:0.000901s ]
ERR: 非法操作:getCount

[ 2017-03-22T12:12:28+08:00 ] ::1 /index.php?c=cat&id=31
ERR: 无法加载控制器:Cat

[ 2017-03-22T12:12:30+08:00 ] ::1 /index.php?c=index&a=getCount
INFO: [ app_begin ] --START--
INFO: Run Behavior\ReadHtmlCacheBehavior [ RunTime:0.000827s ]
INFO: [ app_begin ] --END-- [ RunTime:0.001508s ]
ERR: 非法操作:getCount

[ 2017-03-22T12:12:32+08:00 ] ::1 /index.php?c=cat&id=31
ERR: 无法加载控制器:Cat

[ 2017-03-22T12:12:34+08:00 ] ::1 /index.php?c=index&a=getCount
INFO: [ app_begin ] --START--
INFO: Run Behavior\ReadHtmlCacheBehavior [ RunTime:0.000632s ]
INFO: [ app_begin ] --END-- [ RunTime:0.001198s ]
ERR: 非法操作:getCount

[ 2017-03-22T12:14:27+08:00 ] ::1 /index.php?c=index&a=getCount
INFO: [ app_begin ] --START--
INFO: Run Behavior\ReadHtmlCacheBehavior [ RunTime:0.000513s ]
INFO: [ app_begin ] --END-- [ RunTime:0.001057s ]
ERR: 非法操作:getCount

[ 2017-03-22T12:16:13+08:00 ] ::1 /index.php?c=index&a=getCount
INFO: [ app_begin ] --START--
INFO: Run Behavior\ReadHtmlCacheBehavior [ RunTime:0.000793s ]
INFO: [ app_begin ] --END-- [ RunTime:0.001714s ]
ERR: 非法操作:getCount

[ 2017-03-22T12:19:03+08:00 ] ::1 /index.php?c=index&a=getCount
INFO: [ app_begin ] --START--
INFO: Run Behavior\ReadHtmlCacheBehavior [ RunTime:0.000667s ]
INFO: [ app_begin ] --END-- [ RunTime:0.001269s ]
ERR: 非法操作:getCount

[ 2017-03-22T12:19:04+08:00 ] ::1 /index.php?c=detail&id=12
ERR: 无法加载控制器:Detail

[ 2017-03-22T12:21:39+08:00 ] ::1 /index.php?c=index&a=getCount
INFO: [ app_begin ] --START--
INFO: Run Behavior\ReadHtmlCacheBehavior [ RunTime:0.000721s ]
INFO: [ app_begin ] --END-- [ RunTime:0.001436s ]
NOTIC: [2048] Declaration of Home\Controller\IndexController::error() should be compatible with Think\Controller::error($message = '', $jumpUrl = '', $ajax = false) D:\phpStudy\WWW\ThinkPHP-for-Web\Apps\Home\Controller\IndexController.class.php 第 4 行.
ERR: 非法操作:getCount

[ 2017-03-22T12:21:59+08:00 ] ::1 /index.php?c=index&a=getCount
INFO: [ app_begin ] --START--
INFO: Run Behavior\ReadHtmlCacheBehavior [ RunTime:0.000504s ]
INFO: [ app_begin ] --END-- [ RunTime:0.001120s ]
NOTIC: [2048] Declaration of Home\Controller\IndexController::error() should be compatible with Think\Controller::error($message = '', $jumpUrl = '', $ajax = false) D:\phpStudy\WWW\ThinkPHP-for-Web\Apps\Home\Controller\IndexController.class.php 第 4 行.
ERR: 非法操作:getCount

[ 2017-03-22T12:23:30+08:00 ] ::1 /index.php?c=index&a=getCount
INFO: [ app_begin ] --START--
INFO: Run Behavior\ReadHtmlCacheBehavior [ RunTime:0.001133s ]
INFO: [ app_begin ] --END-- [ RunTime:0.002838s ]
NOTIC: [2048] Declaration of Home\Controller\IndexController::error() should be compatible with Think\Controller::error($message = '', $jumpUrl = '', $ajax = false) D:\phpStudy\WWW\ThinkPHP-for-Web\Apps\Home\Controller\IndexController.class.php 第 4 行.
ERR: 非法操作:getCount

[ 2017-03-22T12:24:14+08:00 ] ::1 /index.php?c=index&a=getCount
INFO: [ app_begin ] --START--
INFO: Run Behavior\ReadHtmlCacheBehavior [ RunTime:0.000657s ]
INFO: [ app_begin ] --END-- [ RunTime:0.001223s ]
NOTIC: [2048] Declaration of Home\Controller\IndexController::error() should be compatible with Think\Controller::error($message = '', $jumpUrl = '', $ajax = false) D:\phpStudy\WWW\ThinkPHP-for-Web\Apps\Home\Controller\IndexController.class.php 第 4 行.
ERR: 非法操作:getCount

[ 2017-03-22T12:24:37+08:00 ] ::1 /index.php?c=index&a=getCount
INFO: [ app_begin ] --START--
INFO: Run Behavior\ReadHtmlCacheBehavior [ RunTime:0.000491s ]
INFO: [ app_begin ] --END-- [ RunTime:0.000981s ]
NOTIC: [2048] Declaration of Home\Controller\IndexController::error() should be compatible with Think\Controller::error($message = '', $jumpUrl = '', $ajax = false) D:\phpStudy\WWW\ThinkPHP-for-Web\Apps\Home\Controller\IndexController.class.php 第 4 行.
ERR: 非法操作:getCount

[ 2017-03-22T12:25:36+08:00 ] ::1 /home.php?c=index&a=error
ERR: 参数错误或者未定义:message

[ 2017-03-22T12:26:10+08:00 ] ::1 /index.php?c=index&a=getCount
INFO: [ app_begin ] --START--
INFO: Run Behavior\ReadHtmlCacheBehavior [ RunTime:0.001217s ]
INFO: [ app_begin ] --END-- [ RunTime:0.001755s ]
NOTIC: [2048] Declaration of Home\Controller\IndexController::error() should be compatible with Think\Controller::error($message = '', $jumpUrl = '', $ajax = false) D:\phpStudy\WWW\ThinkPHP-for-Web\Apps\Home\Controller\IndexController.class.php 第 4 行.
ERR: 非法操作:getCount

[ 2017-03-22T12:49:45+08:00 ] ::1 /index.php?c=index&a=getCount
INFO: [ app_begin ] --START--
INFO: Run Behavior\ReadHtmlCacheBehavior [ RunTime:0.001254s ]
INFO: [ app_begin ] --END-- [ RunTime:0.001699s ]
NOTIC: [2048] Declaration of Home\Controller\IndexController::error() should be compatible with Think\Controller::error($message = '', $jumpUrl = '', $ajax = false) D:\phpStudy\WWW\ThinkPHP-for-Web\Apps\Home\Controller\IndexController.class.php 第 4 行.
ERR: 非法操作:getCount

[ 2017-03-22T13:28:21+08:00 ] ::1 /index.php?c=index&a=getCount
INFO: [ app_begin ] --START--
INFO: Run Behavior\ReadHtmlCacheBehavior [ RunTime:0.000879s ]
INFO: [ app_begin ] --END-- [ RunTime:0.001308s ]
NOTIC: [2048] Declaration of Home\Controller\IndexController::error() should be compatible with Think\Controller::error($message = '', $jumpUrl = '', $ajax = false) D:\phpStudy\WWW\ThinkPHP-for-Web\Apps\Home\Controller\IndexController.class.php 第 4 行.
ERR: 非法操作:getCount

[ 2017-03-22T13:29:21+08:00 ] ::1 /index.php?c=index&a=getCount
ERR: 非法操作:getCount

[ 2017-03-22T13:31:05+08:00 ] ::1 /index.php?c=cat&id=35
ERR: 无法加载控制器:Cat

[ 2017-03-22T13:31:05+08:00 ] ::1 /index.php?c=cat&id=35
ERR: 无法加载控制器:Cat

[ 2017-03-22T13:31:08+08:00 ] ::1 /index.php?c=index&a=getCount
INFO: [ app_begin ] --START--
INFO: Run Behavior\ReadHtmlCacheBehavior [ RunTime:0.001216s ]
INFO: [ app_begin ] --END-- [ RunTime:0.002165s ]
NOTIC: [2048] Declaration of Home\Controller\IndexController::error() should be compatible with Think\Controller::error($message = '', $jumpUrl = '', $ajax = false) D:\phpStudy\WWW\ThinkPHP-for-Web\Apps\Home\Controller\IndexController.class.php 第 4 行.
ERR: 非法操作:getCount

[ 2017-03-22T14:24:17+08:00 ] ::1 /index.php?c=cat&id=31
ERR: 无法加载控制器:Cat

[ 2017-03-22T14:24:17+08:00 ] ::1 /index.php?c=cat&id=31
ERR: 无法加载控制器:Cat

[ 2017-03-22T14:24:28+08:00 ] ::1 /index.php?c=index&a=getCount
INFO: [ app_begin ] --START--
INFO: Run Behavior\ReadHtmlCacheBehavior [ RunTime:0.000903s ]
INFO: [ app_begin ] --END-- [ RunTime:0.001536s ]
NOTIC: [2048] Declaration of Home\Controller\IndexController::error() should be compatible with Think\Controller::error($message = '', $jumpUrl = '', $ajax = false) D:\phpStudy\WWW\ThinkPHP-for-Web\Apps\Home\Controller\IndexController.class.php 第 4 行.
ERR: 非法操作:getCount

[ 2017-03-22T14:24:46+08:00 ] ::1 /index.php?c=cat&id=35
ERR: 无法加载控制器:Cat

[ 2017-03-22T14:24:47+08:00 ] ::1 /index.php?c=cat&id=35
ERR: 无法加载控制器:Cat

[ 2017-03-22T14:29:48+08:00 ] ::1 /index.php?c=index&a=getCount
INFO: [ app_begin ] --START--
INFO: Run Behavior\ReadHtmlCacheBehavior [ RunTime:0.001143s ]
INFO: [ app_begin ] --END-- [ RunTime:0.001991s ]
NOTIC: [2048] Declaration of Home\Controller\CommonController::error() should be compatible with Think\Controller::error($message = '', $jumpUrl = '', $ajax = false) D:\phpStudy\WWW\ThinkPHP-for-Web\Apps\Home\Controller\CommonController.class.php 第 25 行.
ERR: 非法操作:getCount

[ 2017-03-22T14:30:06+08:00 ] ::1 /index.php?c=index&a=getCount
INFO: [ app_begin ] --START--
INFO: Run Behavior\ReadHtmlCacheBehavior [ RunTime:0.000956s ]
INFO: [ app_begin ] --END-- [ RunTime:0.001630s ]
NOTIC: [2048] Declaration of Home\Controller\CommonController::error() should be compatible with Think\Controller::error($message = '', $jumpUrl = '', $ajax = false) D:\phpStudy\WWW\ThinkPHP-for-Web\Apps\Home\Controller\CommonController.class.php 第 25 行.
ERR: 非法操作:getCount

[ 2017-03-22T14:31:06+08:00 ] ::1 /index.php?c=index&a=getCount
INFO: [ app_begin ] --START--
INFO: Run Behavior\ReadHtmlCacheBehavior [ RunTime:0.000969s ]
INFO: [ app_begin ] --END-- [ RunTime:0.001464s ]
NOTIC: [2048] Declaration of Home\Controller\CommonController::error() should be compatible with Think\Controller::error($message = '', $jumpUrl = '', $ajax = false) D:\phpStudy\WWW\ThinkPHP-for-Web\Apps\Home\Controller\CommonController.class.php 第 25 行.
ERR: 非法操作:getCount

[ 2017-03-22T14:31:47+08:00 ] ::1 /index.php?c=index&a=getCount
INFO: [ app_begin ] --START--
INFO: Run Behavior\ReadHtmlCacheBehavior [ RunTime:0.000984s ]
INFO: [ app_begin ] --END-- [ RunTime:0.001859s ]
NOTIC: [2048] Declaration of Home\Controller\CommonController::error() should be compatible with Think\Controller::error($message = '', $jumpUrl = '', $ajax = false) D:\phpStudy\WWW\ThinkPHP-for-Web\Apps\Home\Controller\CommonController.class.php 第 25 行.
ERR: 非法操作:getCount

[ 2017-03-22T14:32:08+08:00 ] ::1 /index.php?c=index&a=getCount
INFO: [ app_begin ] --START--
INFO: Run Behavior\ReadHtmlCacheBehavior [ RunTime:0.001331s ]
INFO: [ app_begin ] --END-- [ RunTime:0.002208s ]
NOTIC: [2048] Declaration of Home\Controller\CommonController::error() should be compatible with Think\Controller::error($message = '', $jumpUrl = '', $ajax = false) D:\phpStudy\WWW\ThinkPHP-for-Web\Apps\Home\Controller\CommonController.class.php 第 25 行.
ERR: 非法操作:getCount

[ 2017-03-22T14:33:52+08:00 ] ::1 /index.php?c=index&a=getCount
INFO: [ app_begin ] --START--
INFO: Run Behavior\ReadHtmlCacheBehavior [ RunTime:0.000557s ]
INFO: [ app_begin ] --END-- [ RunTime:0.000911s ]
NOTIC: [2048] Declaration of Home\Controller\CommonController::error() should be compatible with Think\Controller::error($message = '', $jumpUrl = '', $ajax = false) D:\phpStudy\WWW\ThinkPHP-for-Web\Apps\Home\Controller\CommonController.class.php 第 25 行.
ERR: 非法操作:getCount

[ 2017-03-22T14:34:05+08:00 ] ::1 /index.php?c=index&a=getCount
INFO: [ app_begin ] --START--
INFO: Run Behavior\ReadHtmlCacheBehavior [ RunTime:0.000849s ]
INFO: [ app_begin ] --END-- [ RunTime:0.001228s ]
NOTIC: [2048] Declaration of Home\Controller\CommonController::error() should be compatible with Think\Controller::error($message = '', $jumpUrl = '', $ajax = false) D:\phpStudy\WWW\ThinkPHP-for-Web\Apps\Home\Controller\CommonController.class.php 第 25 行.
ERR: 非法操作:getCount

[ 2017-03-22T14:34:44+08:00 ] ::1 /index.php?c=index&a=getCount
INFO: [ app_begin ] --START--
INFO: Run Behavior\ReadHtmlCacheBehavior [ RunTime:0.000636s ]
INFO: [ app_begin ] --END-- [ RunTime:0.001102s ]
NOTIC: [2048] Declaration of Home\Controller\CommonController::error() should be compatible with Think\Controller::error($message = '', $jumpUrl = '', $ajax = false) D:\phpStudy\WWW\ThinkPHP-for-Web\Apps\Home\Controller\CommonController.class.php 第 25 行.
ERR: 非法操作:getCount

[ 2017-03-22T14:36:57+08:00 ] ::1 /index.php?c=index&a=getCount
INFO: [ app_begin ] --START--
INFO: Run Behavior\ReadHtmlCacheBehavior [ RunTime:0.000473s ]
INFO: [ app_begin ] --END-- [ RunTime:0.001099s ]
NOTIC: [2048] Declaration of Home\Controller\CommonController::error() should be compatible with Think\Controller::error($message = '', $jumpUrl = '', $ajax = false) D:\phpStudy\WWW\ThinkPHP-for-Web\Apps\Home\Controller\CommonController.class.php 第 25 行.
ERR: 非法操作:getCount

[ 2017-03-22T14:37:55+08:00 ] ::1 /index.php?c=index&a=getCount
INFO: [ app_begin ] --START--
INFO: Run Behavior\ReadHtmlCacheBehavior [ RunTime:0.000620s ]
INFO: [ app_begin ] --END-- [ RunTime:0.001345s ]
NOTIC: [2048] Declaration of Home\Controller\CommonController::error() should be compatible with Think\Controller::error($message = '', $jumpUrl = '', $ajax = false) D:\phpStudy\WWW\ThinkPHP-for-Web\Apps\Home\Controller\CommonController.class.php 第 25 行.
ERR: 非法操作:getCount

[ 2017-03-22T14:38:37+08:00 ] ::1 /index.php?c=index&a=getCount
INFO: [ app_begin ] --START--
INFO: Run Behavior\ReadHtmlCacheBehavior [ RunTime:0.000859s ]
INFO: [ app_begin ] --END-- [ RunTime:0.001560s ]
NOTIC: [2048] Declaration of Home\Controller\CommonController::error() should be compatible with Think\Controller::error($message = '', $jumpUrl = '', $ajax = false) D:\phpStudy\WWW\ThinkPHP-for-Web\Apps\Home\Controller\CommonController.class.php 第 25 行.
ERR: 非法操作:getCount

[ 2017-03-22T14:38:57+08:00 ] ::1 /index.php?c=index&a=getCount
INFO: [ app_begin ] --START--
INFO: Run Behavior\ReadHtmlCacheBehavior [ RunTime:0.000470s ]
INFO: [ app_begin ] --END-- [ RunTime:0.000949s ]
NOTIC: [2048] Declaration of Home\Controller\CommonController::error() should be compatible with Think\Controller::error($message = '', $jumpUrl = '', $ajax = false) D:\phpStudy\WWW\ThinkPHP-for-Web\Apps\Home\Controller\CommonController.class.php 第 25 行.
ERR: 非法操作:getCount

[ 2017-03-22T14:42:57+08:00 ] ::1 /index.php?c=index&a=getCount
INFO: [ app_begin ] --START--
INFO: Run Behavior\ReadHtmlCacheBehavior [ RunTime:0.000518s ]
INFO: [ app_begin ] --END-- [ RunTime:0.001241s ]
NOTIC: [2048] Declaration of Home\Controller\CommonController::error() should be compatible with Think\Controller::error($message = '', $jumpUrl = '', $ajax = false) D:\phpStudy\WWW\ThinkPHP-for-Web\Apps\Home\Controller\CommonController.class.php 第 25 行.
ERR: 非法操作:getCount

[ 2017-03-22T14:43:48+08:00 ] ::1 /index.php?c=index&a=getCount
INFO: [ app_begin ] --START--
INFO: Run Behavior\ReadHtmlCacheBehavior [ RunTime:0.000506s ]
INFO: [ app_begin ] --END-- [ RunTime:0.001052s ]
NOTIC: [2048] Declaration of Home\Controller\CommonController::error() should be compatible with Think\Controller::error($message = '', $jumpUrl = '', $ajax = false) D:\phpStudy\WWW\ThinkPHP-for-Web\Apps\Home\Controller\CommonController.class.php 第 25 行.
ERR: 非法操作:getCount

[ 2017-03-22T14:44:00+08:00 ] ::1 /index.php?c=index&a=getCount
INFO: [ app_begin ] --START--
INFO: Run Behavior\ReadHtmlCacheBehavior [ RunTime:0.000596s ]
INFO: [ app_begin ] --END-- [ RunTime:0.001126s ]
NOTIC: [2048] Declaration of Home\Controller\CommonController::error() should be compatible with Think\Controller::error($message = '', $jumpUrl = '', $ajax = false) D:\phpStudy\WWW\ThinkPHP-for-Web\Apps\Home\Controller\CommonController.class.php 第 25 行.
ERR: 非法操作:getCount

[ 2017-03-22T14:46:10+08:00 ] ::1 /index.php?c=index&a=getCount
INFO: [ app_begin ] --START--
INFO: Run Behavior\ReadHtmlCacheBehavior [ RunTime:0.000646s ]
INFO: [ app_begin ] --END-- [ RunTime:0.001441s ]
NOTIC: [2048] Declaration of Home\Controller\CommonController::error() should be compatible with Think\Controller::error($message = '', $jumpUrl = '', $ajax = false) D:\phpStudy\WWW\ThinkPHP-for-Web\Apps\Home\Controller\CommonController.class.php 第 25 行.
ERR: 非法操作:getCount

[ 2017-03-22T14:49:25+08:00 ] ::1 /index.php?c=cat&id=35
ERR: Think\Model:getBrank方法不存在！

[ 2017-03-22T14:49:58+08:00 ] ::1 /index.php?c=cat&id=35
ERR: Think\Model:getBrank方法不存在！

[ 2017-03-22T14:50:10+08:00 ] ::1 /index.php?c=cat&id=35
ERR: Think\Model:getBrank方法不存在！

[ 2017-03-22T14:51:41+08:00 ] ::1 /index.php?c=cat&id=35
ERR: Think\Model:getBrank方法不存在！

[ 2017-03-22T14:51:47+08:00 ] ::1 /index.php?c=index&a=getCount
INFO: [ app_begin ] --START--
INFO: Run Behavior\ReadHtmlCacheBehavior [ RunTime:0.000757s ]
INFO: [ app_begin ] --END-- [ RunTime:0.001504s ]
NOTIC: [2048] Declaration of Home\Controller\CommonController::error() should be compatible with Think\Controller::error($message = '', $jumpUrl = '', $ajax = false) D:\phpStudy\WWW\ThinkPHP-for-Web\Apps\Home\Controller\CommonController.class.php 第 26 行.
ERR: 非法操作:getCount

[ 2017-03-22T14:51:57+08:00 ] ::1 /index.php?c=cat&id=35
ERR: Think\Model:getBrank方法不存在！

[ 2017-03-22T14:53:18+08:00 ] ::1 /index.php?c=cat&id=35
ERR: Think\Model:wnere方法不存在！

[ 2017-03-22T14:54:53+08:00 ] ::1 /index.php?c=index&a=getCount
INFO: [ app_begin ] --START--
INFO: Run Behavior\ReadHtmlCacheBehavior [ RunTime:0.001089s ]
INFO: [ app_begin ] --END-- [ RunTime:0.001621s ]
NOTIC: [2048] Declaration of Home\Controller\CommonController::error() should be compatible with Think\Controller::error($message = '', $jumpUrl = '', $ajax = false) D:\phpStudy\WWW\ThinkPHP-for-Web\Apps\Home\Controller\CommonController.class.php 第 26 行.
ERR: 非法操作:getCount

[ 2017-03-22T14:55:27+08:00 ] ::1 /index.php?c=index&a=getCount
INFO: [ app_begin ] --START--
INFO: Run Behavior\ReadHtmlCacheBehavior [ RunTime:0.000942s ]
INFO: [ app_begin ] --END-- [ RunTime:0.001492s ]
NOTIC: [2048] Declaration of Home\Controller\CommonController::error() should be compatible with Think\Controller::error($message = '', $jumpUrl = '', $ajax = false) D:\phpStudy\WWW\ThinkPHP-for-Web\Apps\Home\Controller\CommonController.class.php 第 26 行.
ERR: 非法操作:getCount

[ 2017-03-22T14:59:25+08:00 ] ::1 /index.php?c=index&a=getCount
INFO: [ app_begin ] --START--
INFO: Run Behavior\ReadHtmlCacheBehavior [ RunTime:0.001083s ]
INFO: [ app_begin ] --END-- [ RunTime:0.001644s ]
NOTIC: [2048] Declaration of Home\Controller\CommonController::error() should be compatible with Think\Controller::error($message = '', $jumpUrl = '', $ajax = false) D:\phpStudy\WWW\ThinkPHP-for-Web\Apps\Home\Controller\CommonController.class.php 第 26 行.
ERR: 非法操作:getCount

[ 2017-03-22T14:59:26+08:00 ] ::1 /index.php?c=cat&id=35
ERR: Think\Model:ggetTypeMenu方法不存在！

[ 2017-03-22T15:00:50+08:00 ] ::1 /index.php?c=index&a=getCount
INFO: [ app_begin ] --START--
INFO: Run Behavior\ReadHtmlCacheBehavior [ RunTime:0.000672s ]
INFO: [ app_begin ] --END-- [ RunTime:0.001102s ]
NOTIC: [2048] Declaration of Home\Controller\CommonController::error() should be compatible with Think\Controller::error($message = '', $jumpUrl = '', $ajax = false) D:\phpStudy\WWW\ThinkPHP-for-Web\Apps\Home\Controller\CommonController.class.php 第 26 行.
ERR: 非法操作:getCount

[ 2017-03-22T15:33:43+08:00 ] ::1 /index.php?c=index&a=getCount
INFO: [ app_begin ] --START--
INFO: Run Behavior\ReadHtmlCacheBehavior [ RunTime:0.001536s ]
INFO: [ app_begin ] --END-- [ RunTime:0.002054s ]
NOTIC: [2048] Declaration of Home\Controller\CommonController::error() should be compatible with Think\Controller::error($message = '', $jumpUrl = '', $ajax = false) D:\phpStudy\WWW\ThinkPHP-for-Web\Apps\Home\Controller\CommonController.class.php 第 35 行.
ERR: 非法操作:getCount

[ 2017-03-22T15:34:12+08:00 ] ::1 /index.php?c=index&a=getCount
INFO: [ app_begin ] --START--
INFO: Run Behavior\ReadHtmlCacheBehavior [ RunTime:0.000871s ]
INFO: [ app_begin ] --END-- [ RunTime:0.001441s ]
NOTIC: [2048] Declaration of Home\Controller\CommonController::error() should be compatible with Think\Controller::error($message = '', $jumpUrl = '', $ajax = false) D:\phpStudy\WWW\ThinkPHP-for-Web\Apps\Home\Controller\CommonController.class.php 第 35 行.
ERR: 非法操作:getCount

[ 2017-03-22T15:34:34+08:00 ] ::1 /index.php?c=index&a=getCount
INFO: [ app_begin ] --START--
INFO: Run Behavior\ReadHtmlCacheBehavior [ RunTime:0.001188s ]
INFO: [ app_begin ] --END-- [ RunTime:0.001602s ]
NOTIC: [2048] Declaration of Home\Controller\CommonController::error() should be compatible with Think\Controller::error($message = '', $jumpUrl = '', $ajax = false) D:\phpStudy\WWW\ThinkPHP-for-Web\Apps\Home\Controller\CommonController.class.php 第 35 行.
ERR: 非法操作:getCount

[ 2017-03-22T15:36:30+08:00 ] ::1 /index.php?c=index&a=getCount
INFO: [ app_begin ] --START--
INFO: Run Behavior\ReadHtmlCacheBehavior [ RunTime:0.001067s ]
INFO: [ app_begin ] --END-- [ RunTime:0.002232s ]
NOTIC: [2048] Declaration of Home\Controller\CommonController::error() should be compatible with Think\Controller::error($message = '', $jumpUrl = '', $ajax = false) D:\phpStudy\WWW\ThinkPHP-for-Web\Apps\Home\Controller\CommonController.class.php 第 35 行.
ERR: 非法操作:getCount

[ 2017-03-22T15:36:49+08:00 ] ::1 /index.php?c=index&a=getCount
INFO: [ app_begin ] --START--
INFO: Run Behavior\ReadHtmlCacheBehavior [ RunTime:0.001217s ]
INFO: [ app_begin ] --END-- [ RunTime:0.001609s ]
NOTIC: [2048] Declaration of Home\Controller\CommonController::error() should be compatible with Think\Controller::error($message = '', $jumpUrl = '', $ajax = false) D:\phpStudy\WWW\ThinkPHP-for-Web\Apps\Home\Controller\CommonController.class.php 第 35 行.
ERR: 非法操作:getCount

[ 2017-03-22T15:37:45+08:00 ] ::1 /index.php?c=index&a=getCount
INFO: [ app_begin ] --START--
INFO: Run Behavior\ReadHtmlCacheBehavior [ RunTime:0.001682s ]
INFO: [ app_begin ] --END-- [ RunTime:0.002255s ]
NOTIC: [2048] Declaration of Home\Controller\CommonController::error() should be compatible with Think\Controller::error($message = '', $jumpUrl = '', $ajax = false) D:\phpStudy\WWW\ThinkPHP-for-Web\Apps\Home\Controller\CommonController.class.php 第 35 行.
ERR: 非法操作:getCount

[ 2017-03-22T15:37:48+08:00 ] ::1 /index.php?c=index&a=getCount
INFO: [ app_begin ] --START--
INFO: Run Behavior\ReadHtmlCacheBehavior [ RunTime:0.001182s ]
INFO: [ app_begin ] --END-- [ RunTime:0.001569s ]
NOTIC: [2048] Declaration of Home\Controller\CommonController::error() should be compatible with Think\Controller::error($message = '', $jumpUrl = '', $ajax = false) D:\phpStudy\WWW\ThinkPHP-for-Web\Apps\Home\Controller\CommonController.class.php 第 35 行.
ERR: 非法操作:getCount

[ 2017-03-22T16:10:09+08:00 ] ::1 /index.php?c=detail&a=view&id=14
ERR: 非法操作:view

[ 2017-03-22T16:13:55+08:00 ] ::1 /index.php?c=index&a=getCount
INFO: [ app_begin ] --START--
INFO: Run Behavior\ReadHtmlCacheBehavior [ RunTime:0.001238s ]
INFO: [ app_begin ] --END-- [ RunTime:0.001671s ]
NOTIC: [2048] Declaration of Home\Controller\CommonController::error() should be compatible with Think\Controller::error($message = '', $jumpUrl = '', $ajax = false) D:\phpStudy\WWW\ThinkPHP-for-Web\Apps\Home\Controller\CommonController.class.php 第 35 行.
ERR: 非法操作:getCount

[ 2017-03-22T16:14:04+08:00 ] ::1 /index.php?c=index&a=getCount
INFO: [ app_begin ] --START--
INFO: Run Behavior\ReadHtmlCacheBehavior [ RunTime:0.001333s ]
INFO: [ app_begin ] --END-- [ RunTime:0.001952s ]
NOTIC: [2048] Declaration of Home\Controller\CommonController::error() should be compatible with Think\Controller::error($message = '', $jumpUrl = '', $ajax = false) D:\phpStudy\WWW\ThinkPHP-for-Web\Apps\Home\Controller\CommonController.class.php 第 35 行.
ERR: 非法操作:getCount

[ 2017-03-22T16:14:40+08:00 ] ::1 /index.php?c=index&a=getCount
INFO: [ app_begin ] --START--
INFO: Run Behavior\ReadHtmlCacheBehavior [ RunTime:0.002143s ]
INFO: [ app_begin ] --END-- [ RunTime:0.003264s ]
NOTIC: [2048] Declaration of Home\Controller\CommonController::error() should be compatible with Think\Controller::error($message = '', $jumpUrl = '', $ajax = false) D:\phpStudy\WWW\ThinkPHP-for-Web\Apps\Home\Controller\CommonController.class.php 第 35 行.
ERR: 非法操作:getCount

[ 2017-03-22T16:15:35+08:00 ] ::1 /index.php?c=index&a=getCount
INFO: [ app_begin ] --START--
INFO: Run Behavior\ReadHtmlCacheBehavior [ RunTime:0.001186s ]
INFO: [ app_begin ] --END-- [ RunTime:0.001568s ]
NOTIC: [2048] Declaration of Home\Controller\CommonController::error() should be compatible with Think\Controller::error($message = '', $jumpUrl = '', $ajax = false) D:\phpStudy\WWW\ThinkPHP-for-Web\Apps\Home\Controller\CommonController.class.php 第 35 行.
ERR: 非法操作:getCount

[ 2017-03-22T16:15:58+08:00 ] ::1 /index.php?c=index&a=getCount
INFO: [ app_begin ] --START--
INFO: Run Behavior\ReadHtmlCacheBehavior [ RunTime:0.001536s ]
INFO: [ app_begin ] --END-- [ RunTime:0.002137s ]
NOTIC: [2048] Declaration of Home\Controller\CommonController::error() should be compatible with Think\Controller::error($message = '', $jumpUrl = '', $ajax = false) D:\phpStudy\WWW\ThinkPHP-for-Web\Apps\Home\Controller\CommonController.class.php 第 35 行.
ERR: 非法操作:getCount

[ 2017-03-22T16:17:09+08:00 ] ::1 /index.php?c=index&a=getCount
INFO: [ app_begin ] --START--
INFO: Run Behavior\ReadHtmlCacheBehavior [ RunTime:0.001455s ]
INFO: [ app_begin ] --END-- [ RunTime:0.002494s ]
NOTIC: [2048] Declaration of Home\Controller\CommonController::error() should be compatible with Think\Controller::error($message = '', $jumpUrl = '', $ajax = false) D:\phpStudy\WWW\ThinkPHP-for-Web\Apps\Home\Controller\CommonController.class.php 第 35 行.
ERR: 非法操作:getCount

[ 2017-03-22T16:21:09+08:00 ] ::1 /index.php?c=detail&id=11
ERR: 1064:You have an error in your SQL syntax; check the manual that corresponds to your MySQL server version for the right syntax to use near 'WHERE ( news_id=11 )' at line 1
 [ SQL语句 ] : UPDATE `cms_news` SET  WHERE ( news_id=11 )

[ 2017-03-22T16:26:54+08:00 ] ::1 /index.php?c=detail&id=11
ERR: 1064:You have an error in your SQL syntax; check the manual that corresponds to your MySQL server version for the right syntax to use near 'WHERE ( news_id=11 )' at line 1
 [ SQL语句 ] : UPDATE `cms_news` SET  WHERE ( news_id=11 )

[ 2017-03-22T16:27:13+08:00 ] ::1 /index.php?c=detail&id=13
ERR: 1064:You have an error in your SQL syntax; check the manual that corresponds to your MySQL server version for the right syntax to use near 'WHERE ( news_id=13 )' at line 1
 [ SQL语句 ] : UPDATE `cms_news` SET  WHERE ( news_id=13 )

[ 2017-03-22T16:33:19+08:00 ] ::1 /index.php?c=detail&id=13
ERR: 1062:Duplicate entry '13' for key 'PRIMARY'
 [ SQL语句 ] : INSERT INTO `cms_news` (`news_id`,`catid`,`title`,`small_title`,`title_font_color`,`thumb`,`keywords`,`description`,`posids`,`listorder`,`status`,`copyfrom`,`username`,`create_time`,`update_time`) VALUES ('13','35','这是体育测试','这是体育测试1111','#5674ed','./Apps/upload/2017/03/22/58d2238cbbb1f.jpg','这是体育测试','这是体育测试','','0','1','0','admin','1490166685','0')

[ 2017-03-22T16:46:42+08:00 ] ::1 /index.php?c=index&a=getCount
INFO: [ app_begin ] --START--
INFO: Run Behavior\ReadHtmlCacheBehavior [ RunTime:0.000890s ]
INFO: [ app_begin ] --END-- [ RunTime:0.001402s ]
NOTIC: [2048] Declaration of Home\Controller\CommonController::error() should be compatible with Think\Controller::error($message = '', $jumpUrl = '', $ajax = false) D:\phpStudy\WWW\ThinkPHP-for-Web\Apps\Home\Controller\CommonController.class.php 第 35 行.
ERR: 非法操作:getCount

[ 2017-03-22T16:53:16+08:00 ] ::1 /index.php?c=detail&a=view&id=14
ERR: 非法操作:view

[ 2017-03-22T16:53:27+08:00 ] ::1 /index.php?c=index&a=getCount
INFO: [ app_begin ] --START--
INFO: Run Behavior\ReadHtmlCacheBehavior [ RunTime:0.000849s ]
INFO: [ app_begin ] --END-- [ RunTime:0.001554s ]
ERR: 非法操作:getCount

[ 2017-03-22T17:00:32+08:00 ] ::1 /index.php?c=index&a=getCount
INFO: [ app_begin ] --START--
INFO: Run Behavior\ReadHtmlCacheBehavior [ RunTime:0.000889s ]
INFO: [ app_begin ] --END-- [ RunTime:0.001692s ]
ERR: 非法操作:getCount

[ 2017-03-22T17:00:59+08:00 ] ::1 /index.php?c=index&a=getCount
INFO: [ app_begin ] --START--
INFO: Run Behavior\ReadHtmlCacheBehavior [ RunTime:0.000800s ]
INFO: [ app_begin ] --END-- [ RunTime:0.001709s ]
ERR: 非法操作:getCount

[ 2017-03-22T17:19:12+08:00 ] ::1 /index.php?c=index&a=getCount
INFO: [ app_begin ] --START--
INFO: Run Behavior\ReadHtmlCacheBehavior [ RunTime:0.001001s ]
INFO: [ app_begin ] --END-- [ RunTime:0.002020s ]
ERR: 非法操作:getCount

[ 2017-03-22T17:19:40+08:00 ] ::1 /index.php?c=index&a=getCount
INFO: [ app_begin ] --START--
INFO: Run Behavior\ReadHtmlCacheBehavior [ RunTime:0.000913s ]
INFO: [ app_begin ] --END-- [ RunTime:0.001778s ]
ERR: 非法操作:getCount

[ 2017-03-22T17:27:14+08:00 ] ::1 /index.php?c=detail&id=13
ERR: 1054:Unknown column 'count' in 'order clause'
 [ SQL语句 ] : SELECT * FROM `cms_news` WHERE ( news_id=13 ) AND `status` = 1 ORDER BY count desc ,news_id desc LIMIT 10  

[ 2017-03-22T17:29:49+08:00 ] ::1 /index.php?c=detail&id=13
ERR: :
 [ SQL语句 ] : update cms_news set counts='13' where news_id='13'

[ 2017-03-22T17:30:34+08:00 ] ::1 /index.php?c=detail&id=13
ERR: :
 [ SQL语句 ] : update cms_news set counts=14 where news_id=13

[ 2017-03-22T17:31:23+08:00 ] ::1 /index.php?c=detail&id=13
ERR: :
 [ SQL语句 ] : update cms_news set counts=15 where news_id=13

[ 2017-03-22T17:31:47+08:00 ] ::1 /index.php?c=detail&id=13
ERR: :
 [ SQL语句 ] : update cms_news set counts=16 where news_id=13

[ 2017-03-22T17:32:07+08:00 ] ::1 /index.php?c=detail&id=13
ERR: :
 [ SQL语句 ] : update cms_news set counts=17 where news_id=13

[ 2017-03-22T18:09:44+08:00 ] ::1 /index.php?c=detail&id=13
ERR: :
 [ SQL语句 ] : update cms_news set counts=18 where news_id=13

[ 2017-03-22T18:09:46+08:00 ] ::1 /index.php?c=detail&id=13
ERR: :
 [ SQL语句 ] : update cms_news set counts=19 where news_id=13

[ 2017-03-22T18:11:01+08:00 ] ::1 /index.php?c=index&a=getCount
INFO: [ app_begin ] --START--
INFO: Run Behavior\ReadHtmlCacheBehavior [ RunTime:0.000508s ]
INFO: [ app_begin ] --END-- [ RunTime:0.001105s ]
ERR: 非法操作:getCount

[ 2017-03-22T18:11:04+08:00 ] ::1 /index.php?c=detail&id=14
ERR: :
 [ SQL语句 ] : update cms_news set counts=1 where news_id=14

[ 2017-03-22T18:11:08+08:00 ] ::1 /index.php?c=detail&id=15
ERR: :
 [ SQL语句 ] : update cms_news set counts=1 where news_id=15

[ 2017-03-22T18:12:56+08:00 ] ::1 /index.php?c=detail&id=15
ERR: :
 [ SQL语句 ] : UPDATE `cms_news` set `counts`=counts+1 where news_id=15

[ 2017-03-22T18:13:58+08:00 ] ::1 /index.php?c=detail&id=14
ERR: :
 [ SQL语句 ] : UPDATE `cms_news` set `counts`=counts+1 where news_id=14

[ 2017-03-22T18:14:11+08:00 ] ::1 /index.php?c=detail&id=14
ERR: :
 [ SQL语句 ] : UPDATE `cms_news` set `counts`=counts+1 where news_id=14

[ 2017-03-22T18:14:36+08:00 ] ::1 /index.php?c=detail&id=15
ERR: :
 [ SQL语句 ] : UPDATE `cms_news` set `counts`=counts+1 where news_id=15

[ 2017-03-22T18:14:43+08:00 ] ::1 /index.php?c=detail&id=14
ERR: :
 [ SQL语句 ] : UPDATE `cms_news` set `counts`=counts+1 where news_id=14

[ 2017-03-22T18:17:53+08:00 ] ::1 /index.php?c=detail&id=15
ERR: 1064:You have an error in your SQL syntax; check the manual that corresponds to your MySQL server version for the right syntax to use near 'WHERE ( news_id15 )' at line 1
 [ SQL语句 ] : UPDATE `cms_news` SET  WHERE ( news_id15 )

[ 2017-03-22T18:18:06+08:00 ] ::1 /index.php?c=detail&id=15
ERR: 1064:You have an error in your SQL syntax; check the manual that corresponds to your MySQL server version for the right syntax to use near 'WHERE ( news_id=15 )' at line 1
 [ SQL语句 ] : UPDATE `cms_news` SET  WHERE ( news_id=15 )

[ 2017-03-22T18:20:09+08:00 ] ::1 /index.php?c=index&a=getCount
INFO: [ app_begin ] --START--
INFO: Run Behavior\ReadHtmlCacheBehavior [ RunTime:0.001451s ]
INFO: [ app_begin ] --END-- [ RunTime:0.001933s ]
ERR: 非法操作:getCount

[ 2017-03-22T18:20:23+08:00 ] ::1 /index.php?c=index&a=getCount
INFO: [ app_begin ] --START--
INFO: Run Behavior\ReadHtmlCacheBehavior [ RunTime:0.001336s ]
INFO: [ app_begin ] --END-- [ RunTime:0.001946s ]
ERR: 非法操作:getCount

[ 2017-03-22T18:20:28+08:00 ] ::1 /index.php?c=index&a=getCount
INFO: [ app_begin ] --START--
INFO: Run Behavior\ReadHtmlCacheBehavior [ RunTime:0.001371s ]
INFO: [ app_begin ] --END-- [ RunTime:0.002287s ]
ERR: 非法操作:getCount

[ 2017-03-22T18:24:30+08:00 ] ::1 /index.php?c=detail&a=view&id=13
ERR: 非法操作:view

[ 2017-03-22T18:30:18+08:00 ] ::1 /index.php?c=detail&a=view&id=15
ERR: Think\Model:contentEdit方法不存在！

[ 2017-03-22T18:30:32+08:00 ] ::1 /index.php?c=detail&a=view&id=15
ERR: 1146:Table 'thinkphp.cms_ews_content' doesn't exist
 [ SQL语句 ] : SHOW COLUMNS FROM `cms_ews_content`

[ 2017-03-22T18:30:43+08:00 ] ::1 /index.php?c=detail&a=view&id=15
ERR: 模板不存在:./Apps/Home/View/Detail/view.html

[ 2017-03-22T18:34:06+08:00 ] ::1 /index.php?c=detail&a=view&id=13
ERR: 模板不存在:./Apps/Home/View/Detail/view.html

[ 2017-03-22T18:34:16+08:00 ] ::1 /index.php?c=detail&a=view&id=13
ERR: 模板不存在:./Apps/Home/View/Detail/view.html

[ 2017-03-22T19:25:50+08:00 ] ::1 /index.php?c=index&a=getCount
INFO: [ app_begin ] --START--
INFO: Run Behavior\ReadHtmlCacheBehavior [ RunTime:0.001176s ]
INFO: [ app_begin ] --END-- [ RunTime:0.001820s ]
ERR: 非法操作:getCount

[ 2017-03-22T20:38:43+08:00 ] ::1 /index.php?c=detail&id=11
ERR: odadsd

[ 2017-03-22T20:39:38+08:00 ] ::1 /index.php?c=detail&id=11
ERR: 错误代码

[ 2017-03-22T20:40:31+08:00 ] ::1 /index.php?c=detail&id=11
ERR: 

[ 2017-03-22T20:40:57+08:00 ] ::1 /index.php?c=detail&id=11
ERR: 三个月好友

[ 2017-03-22T21:35:30+08:00 ] ::1 /index.php?c=index&a=getCount
INFO: [ app_begin ] --START--
INFO: Run Behavior\ReadHtmlCacheBehavior [ RunTime:0.000813s ]
INFO: [ app_begin ] --END-- [ RunTime:0.001576s ]
ERR: 非法操作:getCount

[ 2017-03-22T21:36:08+08:00 ] ::1 /index.php?c=index&a=getCount
INFO: [ app_begin ] --START--
INFO: Run Behavior\ReadHtmlCacheBehavior [ RunTime:0.001272s ]
INFO: [ app_begin ] --END-- [ RunTime:0.002190s ]
ERR: 非法操作:getCount

[ 2017-03-22T21:38:52+08:00 ] ::1 /index.php?c=index&a=getCount
INFO: [ app_begin ] --START--
INFO: Run Behavior\ReadHtmlCacheBehavior [ RunTime:0.001280s ]
INFO: [ app_begin ] --END-- [ RunTime:0.001658s ]
ERR: 非法操作:getCount

[ 2017-03-22T21:40:56+08:00 ] ::1 /index.php?c=index&a=getCount
INFO: [ app_begin ] --START--
INFO: Run Behavior\ReadHtmlCacheBehavior [ RunTime:0.000793s ]
INFO: [ app_begin ] --END-- [ RunTime:0.001735s ]
ERR: 非法操作:getCount

[ 2017-03-22T21:41:44+08:00 ] ::1 /index.php?c=index&a=getCount
INFO: [ app_begin ] --START--
INFO: Run Behavior\ReadHtmlCacheBehavior [ RunTime:0.000623s ]
INFO: [ app_begin ] --END-- [ RunTime:0.001037s ]
ERR: 非法操作:getCount

[ 2017-03-22T21:41:59+08:00 ] ::1 /index.php?c=index&a=getCount
INFO: [ app_begin ] --START--
INFO: Run Behavior\ReadHtmlCacheBehavior [ RunTime:0.000482s ]
INFO: [ app_begin ] --END-- [ RunTime:0.001128s ]
ERR: 非法操作:getCount

[ 2017-03-22T21:46:28+08:00 ] ::1 /index.php?c=index&a=getCount
INFO: [ app_begin ] --START--
INFO: Run Behavior\ReadHtmlCacheBehavior [ RunTime:0.000942s ]
INFO: [ app_begin ] --END-- [ RunTime:0.001407s ]
ERR: 非法操作:getCount

[ 2017-03-22T21:49:51+08:00 ] ::1 /index.php?c=index&a=getCount
INFO: [ app_begin ] --START--
INFO: Run Behavior\ReadHtmlCacheBehavior [ RunTime:0.000882s ]
INFO: [ app_begin ] --END-- [ RunTime:0.001417s ]
ERR: 非法操作:getCount

[ 2017-03-22T21:56:10+08:00 ] ::1 /index.php?c=index&a=getCount
INFO: [ app_begin ] --START--
INFO: Run Behavior\ReadHtmlCacheBehavior [ RunTime:0.000460s ]
INFO: [ app_begin ] --END-- [ RunTime:0.000827s ]
ERR: 非法操作:getCount

[ 2017-03-22T21:57:07+08:00 ] ::1 /index.php?c=index&a=getCount
INFO: [ app_begin ] --START--
INFO: Run Behavior\ReadHtmlCacheBehavior [ RunTime:0.000845s ]
INFO: [ app_begin ] --END-- [ RunTime:0.001350s ]
ERR: 非法操作:getCount

[ 2017-03-22T21:57:24+08:00 ] ::1 /index.php?c=index&a=getCount
INFO: [ app_begin ] --START--
INFO: Run Behavior\ReadHtmlCacheBehavior [ RunTime:0.001287s ]
INFO: [ app_begin ] --END-- [ RunTime:0.002012s ]
ERR: 非法操作:getCount

[ 2017-03-22T21:57:33+08:00 ] ::1 /index.php?c=index&a=getCount
INFO: [ app_begin ] --START--
INFO: Run Behavior\ReadHtmlCacheBehavior [ RunTime:0.000507s ]
INFO: [ app_begin ] --END-- [ RunTime:0.000869s ]
ERR: 非法操作:getCount

[ 2017-03-22T21:58:41+08:00 ] ::1 /index.php?c=index&a=getCount
INFO: [ app_begin ] --START--
INFO: Run Behavior\ReadHtmlCacheBehavior [ RunTime:0.000530s ]
INFO: [ app_begin ] --END-- [ RunTime:0.000892s ]
ERR: 非法操作:getCount

[ 2017-03-22T22:00:50+08:00 ] ::1 /index.php?c=index&a=getCount
INFO: [ app_begin ] --START--
INFO: Run Behavior\ReadHtmlCacheBehavior [ RunTime:0.001341s ]
INFO: [ app_begin ] --END-- [ RunTime:0.002127s ]
ERR: 非法操作:getCount

[ 2017-03-22T22:01:14+08:00 ] ::1 /index.php?c=index&a=getCount
INFO: [ app_begin ] --START--
INFO: Run Behavior\ReadHtmlCacheBehavior [ RunTime:0.000462s ]
INFO: [ app_begin ] --END-- [ RunTime:0.000818s ]
ERR: 非法操作:getCount

[ 2017-03-22T22:04:06+08:00 ] ::1 /index.php?c=index&a=getCount
INFO: [ app_begin ] --START--
INFO: Run Behavior\ReadHtmlCacheBehavior [ RunTime:0.000861s ]
INFO: [ app_begin ] --END-- [ RunTime:0.001413s ]
ERR: 非法操作:getCount

[ 2017-03-22T22:04:16+08:00 ] ::1 /index.php?c=index&a=getCount
INFO: [ app_begin ] --START--
INFO: Run Behavior\ReadHtmlCacheBehavior [ RunTime:0.000462s ]
INFO: [ app_begin ] --END-- [ RunTime:0.000824s ]
ERR: 非法操作:getCount

[ 2017-03-22T22:05:04+08:00 ] ::1 /index.php?c=index&a=getCount
INFO: [ app_begin ] --START--
INFO: Run Behavior\ReadHtmlCacheBehavior [ RunTime:0.001350s ]
INFO: [ app_begin ] --END-- [ RunTime:0.002057s ]
ERR: 非法操作:getCount

[ 2017-03-22T22:43:44+08:00 ] ::1 /
ERR: SELECT * FROM `cms_news` WHERE `news_id` = 16 LIMIT 1  

[ 2017-03-22T22:43:58+08:00 ] ::1 /index.php?c=index&a=getCount
INFO: [ app_begin ] --START--
INFO: Run Behavior\ReadHtmlCacheBehavior [ RunTime:0.000585s ]
INFO: [ app_begin ] --END-- [ RunTime:0.001169s ]
ERR: 非法操作:getCount

[ 2017-03-22T22:44:11+08:00 ] ::1 /index.php?c=index&a=getCount
INFO: [ app_begin ] --START--
INFO: Run Behavior\ReadHtmlCacheBehavior [ RunTime:0.000843s ]
INFO: [ app_begin ] --END-- [ RunTime:0.001360s ]
ERR: 非法操作:getCount

[ 2017-03-22T22:45:38+08:00 ] ::1 /index.php?c=index&a=getCount
INFO: [ app_begin ] --START--
INFO: Run Behavior\ReadHtmlCacheBehavior [ RunTime:0.000926s ]
INFO: [ app_begin ] --END-- [ RunTime:0.001602s ]
ERR: 非法操作:getCount

[ 2017-03-22T22:45:48+08:00 ] ::1 /index.php?c=index&a=getCount
INFO: [ app_begin ] --START--
INFO: Run Behavior\ReadHtmlCacheBehavior [ RunTime:0.000855s ]
INFO: [ app_begin ] --END-- [ RunTime:0.001358s ]
ERR: 非法操作:getCount

[ 2017-03-22T22:46:08+08:00 ] ::1 /index.php?c=index&a=getCount
INFO: [ app_begin ] --START--
INFO: Run Behavior\ReadHtmlCacheBehavior [ RunTime:0.000465s ]
INFO: [ app_begin ] --END-- [ RunTime:0.000832s ]
ERR: 非法操作:getCount

[ 2017-03-22T22:46:36+08:00 ] ::1 /index.php?c=index&a=getCount
INFO: [ app_begin ] --START--
INFO: Run Behavior\ReadHtmlCacheBehavior [ RunTime:0.000859s ]
INFO: [ app_begin ] --END-- [ RunTime:0.001346s ]
ERR: 非法操作:getCount

[ 2017-03-22T22:47:27+08:00 ] ::1 /index.php?c=index&a=getCount
INFO: [ app_begin ] --START--
INFO: Run Behavior\ReadHtmlCacheBehavior [ RunTime:0.000701s ]
INFO: [ app_begin ] --END-- [ RunTime:0.001273s ]
ERR: 非法操作:getCount

