[ 2017-03-23T09:05:52+08:00 ] ::1 /signin.css
ERR: 无法加载模块:Signin

[ 2017-03-23T09:06:04+08:00 ] ::1 /favicon.ico
ERR: 无法加载模块:Favicon

[ 2017-03-23T09:23:57+08:00 ] ::1 /index/index
ERR: 无法加载模块:Index

[ 2017-03-23T09:26:59+08:00 ] ::1 /Public/js/home/common.js
ERR: 无法加载模块:Public

[ 2017-03-23T09:26:59+08:00 ] ::1 /Public/js/home/common.js
ERR: 无法加载模块:Public

[ 2017-03-23T09:27:07+08:00 ] ::1 /Public/js/home/common.js
ERR: 无法加载模块:Public

[ 2017-03-23T09:27:07+08:00 ] ::1 /Public/js/home/common.js
ERR: 无法加载模块:Public

[ 2017-03-23T09:30:55+08:00 ] ::1 /index
ERR: 无法加载模块:Index

[ 2017-03-23T09:30:59+08:00 ] ::1 /index.html
ERR: 无法加载模块:Index

[ 2017-03-23T09:57:33+08:00 ] ::1 /detail/id/13
ERR: 无法加载模块:Detail

[ 2017-03-23T09:57:51+08:00 ] ::1 /index/detail/id/13
ERR: 无法加载模块:Index

[ 2017-03-23T10:00:09+08:00 ] ::1 /detail/index&id=13
ERR: 无法加载模块:Detail

[ 2017-03-23T10:00:21+08:00 ] ::1 /index/detail/index&id=13
ERR: 无法加载模块:Index

[ 2017-03-23T10:31:06+08:00 ] ::1 /detail
ERR: 无法加载模块:Detail

[ 2017-03-23T10:31:08+08:00 ] ::1 /index.php?c=index&a=getCount
ERR: 无法加载模块:Index

[ 2017-03-23T10:31:13+08:00 ] ::1 /index.php
ERR: 无法加载模块:Index

[ 2017-03-23T10:31:19+08:00 ] ::1 /index.php?c=cat&id=
ERR: 无法加载模块:Index

[ 2017-03-23T10:31:23+08:00 ] ::1 /index.php?c=cat&id=13
ERR: 无法加载模块:Index

[ 2017-03-23T10:31:28+08:00 ] ::1 /index.php?c=index&a=getCount
ERR: 无法加载模块:Index

[ 2017-03-23T11:44:27+08:00 ] ::1 /Public/js/home/common.js
ERR: 无法加载模块:Public

[ 2017-03-23T11:44:27+08:00 ] ::1 /Public/js/home/common.js
ERR: 无法加载模块:Public

[ 2017-03-23T11:44:29+08:00 ] ::1 /Public/js/home/common.js
ERR: 无法加载模块:Public

[ 2017-03-23T11:44:30+08:00 ] ::1 /Public/js/home/common.js
ERR: 无法加载模块:Public

[ 2017-03-23T12:49:34+08:00 ] ::1 /Public/js/home/common.js
ERR: 无法加载模块:Public

[ 2017-03-23T12:49:34+08:00 ] ::1 /Public/js/home/common.js
ERR: 无法加载模块:Public

[ 2017-03-23T12:49:36+08:00 ] ::1 /Public/js/home/common.js
ERR: 无法加载模块:Public

[ 2017-03-23T12:49:36+08:00 ] ::1 /Public/js/home/common.js
ERR: 无法加载模块:Public

[ 2017-03-23T12:49:38+08:00 ] ::1 /Public/js/home/common.js
ERR: 无法加载模块:Public

[ 2017-03-23T12:49:38+08:00 ] ::1 /Public/js/home/common.js
ERR: 无法加载模块:Public

[ 2017-03-23T13:00:59+08:00 ] ::1 /Public/js/home/common.js
ERR: 无法加载模块:Public

[ 2017-03-23T13:00:59+08:00 ] ::1 /Public/js/home/common.js
ERR: 无法加载模块:Public

[ 2017-03-23T13:01:01+08:00 ] ::1 /Public/js/home/common.js
ERR: 无法加载模块:Public

[ 2017-03-23T13:01:01+08:00 ] ::1 /Public/js/home/common.js
ERR: 无法加载模块:Public

[ 2017-03-23T13:01:03+08:00 ] ::1 /Public/js/home/common.js
ERR: 无法加载模块:Public

[ 2017-03-23T13:01:03+08:00 ] ::1 /Public/js/home/common.js
ERR: 无法加载模块:Public

[ 2017-03-23T13:19:43+08:00 ]  
ERR: 无法加载模块:Cron

[ 2017-03-23T13:54:19+08:00 ] ::1 /signin.css
ERR: 无法加载模块:Signin

[ 2017-03-23T13:55:57+08:00 ] ::1 /signin.css
ERR: 无法加载模块:Signin

[ 2017-03-23T13:56:22+08:00 ] ::1 /signin.css
ERR: 无法加载模块:Signin

[ 2017-03-23T14:23:59+08:00 ] ::1 /signin.css
ERR: 无法加载模块:Signin

[ 2017-03-23T14:25:22+08:00 ] ::1 /signin.css
ERR: 无法加载模块:Signin

[ 2017-03-23T14:35:11+08:00 ] ::1 /signin.css
ERR: 无法加载模块:Signin

[ 2017-03-23T14:36:44+08:00 ] ::1 /signin.css
ERR: 无法加载模块:Signin

[ 2017-03-23T14:37:17+08:00 ] ::1 /signin.css
ERR: 无法加载模块:Signin

[ 2017-03-23T15:18:52+08:00 ] ::1 /signin.css
ERR: 无法加载模块:Signin

[ 2017-03-23T15:37:56+08:00 ] ::1 /signin.css
ERR: 无法加载模块:Signin

[ 2017-03-23T15:42:09+08:00 ] ::1 /favicon.ico
ERR: 无法加载模块:Favicon

[ 2017-03-23T15:44:49+08:00 ] ::1 /signin.css
ERR: 无法加载模块:Signin

[ 2017-03-23T16:13:04+08:00 ] ::1 /Public/js/home/common.js
ERR: 无法加载模块:Public

[ 2017-03-23T16:13:04+08:00 ] ::1 /Public/js/home/common.js
ERR: 无法加载模块:Public

