[ 2017-03-19T08:53:26+08:00 ] ::1 /signin.css
ERR: 无法加载模块:Signin

[ 2017-03-19T08:53:38+08:00 ] ::1 /favicon.ico
ERR: 无法加载模块:Favicon

[ 2017-03-19T09:16:34+08:00 ] ::1 /favicon.ico
ERR: 无法加载模块:Favicon

[ 2017-03-19T13:27:08+08:00 ] ::1 /undefined
ERR: 无法加载模块:Undefined

[ 2017-03-19T13:27:25+08:00 ] ::1 /undefined
ERR: 无法加载模块:Undefined

[ 2017-03-19T13:28:03+08:00 ] ::1 /undefined
ERR: 无法加载模块:Undefined

[ 2017-03-19T13:28:35+08:00 ] ::1 /undefined
ERR: 无法加载模块:Undefined

[ 2017-03-19T13:28:40+08:00 ] ::1 /undefined
ERR: 无法加载模块:Undefined

[ 2017-03-19T13:28:47+08:00 ] ::1 /undefined
ERR: 无法加载模块:Undefined

[ 2017-03-19T13:29:25+08:00 ] ::1 /undefined
ERR: 无法加载模块:Undefined

[ 2017-03-19T13:29:32+08:00 ] ::1 /undefined
ERR: 无法加载模块:Undefined

[ 2017-03-19T13:30:34+08:00 ] ::1 /undefined
ERR: 无法加载模块:Undefined

[ 2017-03-19T13:48:58+08:00 ] ::1 /undefined
ERR: 无法加载模块:Undefined

[ 2017-03-19T13:52:36+08:00 ] ::1 /undefined
ERR: 无法加载模块:Undefined

[ 2017-03-19T13:52:50+08:00 ] ::1 /undefined
ERR: 无法加载模块:Undefined

[ 2017-03-19T13:53:07+08:00 ] ::1 /undefined
ERR: 无法加载模块:Undefined

[ 2017-03-19T13:59:39+08:00 ] ::1 /undefined
ERR: 无法加载模块:Undefined

[ 2017-03-19T15:52:14+08:00 ] ::1 /admin.php/index
ERR: 无法加载模块:Index

[ 2017-03-19T17:12:18+08:00 ] ::1 /favicon.ico
ERR: 无法加载模块:Favicon

[ 2017-03-19T17:17:35+08:00 ] ::1 /Public/css/img/uploadify-cancel.png
ERR: 无法加载模块:Public

[ 2017-03-19T18:32:20+08:00 ] ::1 /Public/css/img/uploadify-cancel.png
ERR: 无法加载模块:Public

[ 2017-03-19T18:47:09+08:00 ] ::1 /Public/css/img/uploadify-cancel.png
ERR: 无法加载模块:Public

[ 2017-03-19T18:49:34+08:00 ] ::1 /favicon.ico
ERR: 无法加载模块:Favicon

[ 2017-03-19T18:49:37+08:00 ] ::1 /Public/css/img/uploadify-cancel.png
ERR: 无法加载模块:Public

[ 2017-03-19T18:50:22+08:00 ] ::1 /Public/css/img/uploadify-cancel.png
ERR: 无法加载模块:Public

[ 2017-03-19T18:50:38+08:00 ] ::1 /Public/css/img/uploadify-cancel.png
ERR: 无法加载模块:Public

[ 2017-03-19T18:51:58+08:00 ] ::1 /Public/css/img/uploadify-cancel.png
ERR: 无法加载模块:Public

[ 2017-03-19T18:53:00+08:00 ] ::1 /Public/css/img/uploadify-cancel.png
ERR: 无法加载模块:Public

[ 2017-03-19T19:09:40+08:00 ] ::1 /favicon.ico
ERR: 无法加载模块:Favicon

[ 2017-03-19T19:09:43+08:00 ] ::1 /Public/css/img/uploadify-cancel.png
ERR: 无法加载模块:Public

[ 2017-03-19T19:11:04+08:00 ] ::1 /Public/css/img/uploadify-cancel.png
ERR: 无法加载模块:Public

[ 2017-03-19T20:08:47+08:00 ] ::1 /Apps//upload/2017/03/19
ERR: 无法加载模块:Apps

[ 2017-03-19T20:18:37+08:00 ] ::1 /Apps//upload/2017/03/19/58ce771cef59b.jpg
ERR: 无法加载模块:Apps

[ 2017-03-19T20:19:45+08:00 ] ::1 /Apps/upload/2017/03/19/58ce776130296.jpg
ERR: 无法加载模块:Apps

