[ 2017-03-21T09:17:45+08:00 ] ::1 /favicon.ico
ERR: 无法加载模块:Favicon

[ 2017-03-21T09:20:20+08:00 ] ::1 /favicon.ico
ERR: 无法加载模块:Favicon

[ 2017-03-21T09:21:04+08:00 ] ::1 /favicon.ico
ERR: 无法加载模块:Favicon

[ 2017-03-21T09:21:09+08:00 ] ::1 /favicon.ico
ERR: 无法加载模块:Favicon

[ 2017-03-21T09:26:12+08:00 ] ::1 /favicon.ico
ERR: 无法加载模块:Favicon

[ 2017-03-21T09:28:21+08:00 ] ::1 /favicon.ico
ERR: 无法加载模块:Favicon

[ 2017-03-21T09:28:29+08:00 ] ::1 /favicon.ico
ERR: 无法加载模块:Favicon

[ 2017-03-21T09:28:34+08:00 ] ::1 /favicon.ico
ERR: 无法加载模块:Favicon

[ 2017-03-21T09:28:42+08:00 ] ::1 /favicon.ico
ERR: 无法加载模块:Favicon

[ 2017-03-21T09:34:50+08:00 ] ::1 /favicon.ico
ERR: 无法加载模块:Favicon

[ 2017-03-21T09:34:55+08:00 ] ::1 /favicon.ico
ERR: 无法加载模块:Favicon

[ 2017-03-21T09:35:03+08:00 ] ::1 /favicon.ico
ERR: 无法加载模块:Favicon

[ 2017-03-21T09:35:09+08:00 ] ::1 /favicon.ico
ERR: 无法加载模块:Favicon

[ 2017-03-21T09:35:15+08:00 ] ::1 /favicon.ico
ERR: 无法加载模块:Favicon

[ 2017-03-21T09:38:28+08:00 ] ::1 /favicon.ico
ERR: 无法加载模块:Favicon

[ 2017-03-21T09:38:34+08:00 ] ::1 /favicon.ico
ERR: 无法加载模块:Favicon

[ 2017-03-21T09:38:38+08:00 ] ::1 /undefined
ERR: 无法加载模块:Undefined

[ 2017-03-21T09:38:39+08:00 ] ::1 /undefined
ERR: 无法加载模块:Undefined

[ 2017-03-21T09:38:40+08:00 ] ::1 /favicon.ico
ERR: 无法加载模块:Favicon

[ 2017-03-21T09:40:01+08:00 ] ::1 /favicon.ico
ERR: 无法加载模块:Favicon

[ 2017-03-21T09:40:10+08:00 ] ::1 /favicon.ico
ERR: 无法加载模块:Favicon

[ 2017-03-21T09:40:29+08:00 ] ::1 /favicon.ico
ERR: 无法加载模块:Favicon

[ 2017-03-21T09:40:35+08:00 ] ::1 /favicon.ico
ERR: 无法加载模块:Favicon

[ 2017-03-21T09:41:26+08:00 ] ::1 /favicon.ico
ERR: 无法加载模块:Favicon

[ 2017-03-21T09:41:34+08:00 ] ::1 /favicon.ico
ERR: 无法加载模块:Favicon

[ 2017-03-21T09:41:41+08:00 ] ::1 /favicon.ico
ERR: 无法加载模块:Favicon

[ 2017-03-21T09:41:55+08:00 ] ::1 /favicon.ico
ERR: 无法加载模块:Favicon

[ 2017-03-21T09:42:14+08:00 ] ::1 /favicon.ico
ERR: 无法加载模块:Favicon

[ 2017-03-21T09:42:22+08:00 ] ::1 /favicon.ico
ERR: 无法加载模块:Favicon

[ 2017-03-21T09:42:28+08:00 ] ::1 /favicon.ico
ERR: 无法加载模块:Favicon

[ 2017-03-21T09:42:33+08:00 ] ::1 /favicon.ico
ERR: 无法加载模块:Favicon

[ 2017-03-21T09:42:37+08:00 ] ::1 /favicon.ico
ERR: 无法加载模块:Favicon

[ 2017-03-21T09:42:46+08:00 ] ::1 /favicon.ico
ERR: 无法加载模块:Favicon

[ 2017-03-21T09:42:54+08:00 ] ::1 /favicon.ico
ERR: 无法加载模块:Favicon

[ 2017-03-21T09:43:01+08:00 ] ::1 /favicon.ico
ERR: 无法加载模块:Favicon

[ 2017-03-21T09:43:13+08:00 ] ::1 /favicon.ico
ERR: 无法加载模块:Favicon

[ 2017-03-21T09:43:20+08:00 ] ::1 /favicon.ico
ERR: 无法加载模块:Favicon

[ 2017-03-21T10:22:41+08:00 ] ::1 /undefined
ERR: 无法加载模块:Undefined

[ 2017-03-21T11:12:26+08:00 ] ::1 /undefined
ERR: 无法加载模块:Undefined

[ 2017-03-21T11:14:32+08:00 ] ::1 /undefined
ERR: 无法加载模块:Undefined

[ 2017-03-21T11:19:36+08:00 ] ::1 /undefined
ERR: 无法加载模块:Undefined

[ 2017-03-21T11:20:26+08:00 ] ::1 /undefined
ERR: 无法加载模块:Undefined

[ 2017-03-21T11:21:58+08:00 ] ::1 /undefined
ERR: 无法加载模块:Undefined

[ 2017-03-21T11:22:26+08:00 ] ::1 /undefined
ERR: 无法加载模块:Undefined

[ 2017-03-21T11:22:30+08:00 ] ::1 /undefined
ERR: 无法加载模块:Undefined

[ 2017-03-21T11:22:54+08:00 ] ::1 /undefined
ERR: 无法加载模块:Undefined

[ 2017-03-21T11:23:48+08:00 ] ::1 /undefined
ERR: 无法加载模块:Undefined

[ 2017-03-21T11:24:23+08:00 ] ::1 /undefined
ERR: 无法加载模块:Undefined

[ 2017-03-21T11:24:40+08:00 ] ::1 /undefined
ERR: 无法加载模块:Undefined

[ 2017-03-21T11:26:05+08:00 ] ::1 /undefined
ERR: 无法加载模块:Undefined

[ 2017-03-21T11:26:31+08:00 ] ::1 /undefined
ERR: 无法加载模块:Undefined

[ 2017-03-21T11:27:51+08:00 ] ::1 /undefined
ERR: 无法加载模块:Undefined

[ 2017-03-21T11:28:19+08:00 ] ::1 /undefined
ERR: 无法加载模块:Undefined

[ 2017-03-21T11:28:35+08:00 ] ::1 /undefined
ERR: 无法加载模块:Undefined

[ 2017-03-21T11:29:27+08:00 ] ::1 /undefined
ERR: 无法加载模块:Undefined

[ 2017-03-21T11:32:39+08:00 ] ::1 /undefined
ERR: 无法加载模块:Undefined

[ 2017-03-21T11:34:44+08:00 ] ::1 /undefined
ERR: 无法加载模块:Undefined

[ 2017-03-21T11:39:48+08:00 ] ::1 /undefined
ERR: 无法加载模块:Undefined

[ 2017-03-21T11:40:31+08:00 ] ::1 /undefined
ERR: 无法加载模块:Undefined

[ 2017-03-21T11:43:27+08:00 ] ::1 /undefined
ERR: 无法加载模块:Undefined

[ 2017-03-21T11:44:25+08:00 ] ::1 /undefined
ERR: 无法加载模块:Undefined

[ 2017-03-21T15:04:51+08:00 ] ::1 /undefined
ERR: 无法加载模块:Undefined

[ 2017-03-21T15:05:17+08:00 ] ::1 /undefined
ERR: 无法加载模块:Undefined

[ 2017-03-21T15:05:39+08:00 ] ::1 /undefined
ERR: 无法加载模块:Undefined

[ 2017-03-21T15:06:57+08:00 ] ::1 /undefined
ERR: 无法加载模块:Undefined

[ 2017-03-21T19:16:54+08:00 ] ::1 /favicon.ico
ERR: 无法加载模块:Favicon

[ 2017-03-21T19:17:26+08:00 ] ::1 /favicon.ico
ERR: 无法加载模块:Favicon

[ 2017-03-21T19:17:52+08:00 ] ::1 /favicon.ico
ERR: 无法加载模块:Favicon

[ 2017-03-21T19:19:19+08:00 ] ::1 /favicon.ico
ERR: 无法加载模块:Favicon

[ 2017-03-21T19:19:43+08:00 ] ::1 /favicon.ico
ERR: 无法加载模块:Favicon

[ 2017-03-21T19:20:25+08:00 ] ::1 /favicon.ico
ERR: 无法加载模块:Favicon

[ 2017-03-21T19:20:42+08:00 ] ::1 /favicon.ico
ERR: 无法加载模块:Favicon

[ 2017-03-21T19:20:59+08:00 ] ::1 /favicon.ico
ERR: 无法加载模块:Favicon

[ 2017-03-21T19:21:17+08:00 ] ::1 /favicon.ico
ERR: 无法加载模块:Favicon

[ 2017-03-21T19:21:25+08:00 ] ::1 /favicon.ico
ERR: 无法加载模块:Favicon

[ 2017-03-21T19:22:12+08:00 ] ::1 /favicon.ico
ERR: 无法加载模块:Favicon

[ 2017-03-21T19:22:24+08:00 ] ::1 /favicon.ico
ERR: 无法加载模块:Favicon

[ 2017-03-21T19:22:31+08:00 ] ::1 /favicon.ico
ERR: 无法加载模块:Favicon

[ 2017-03-21T19:22:46+08:00 ] ::1 /favicon.ico
ERR: 无法加载模块:Favicon

[ 2017-03-21T19:22:59+08:00 ] ::1 /favicon.ico
ERR: 无法加载模块:Favicon

[ 2017-03-21T19:23:03+08:00 ] ::1 /favicon.ico
ERR: 无法加载模块:Favicon

[ 2017-03-21T19:23:08+08:00 ] ::1 /favicon.ico
ERR: 无法加载模块:Favicon

[ 2017-03-21T19:23:20+08:00 ] ::1 /favicon.ico
ERR: 无法加载模块:Favicon

[ 2017-03-21T19:23:26+08:00 ] ::1 /favicon.ico
ERR: 无法加载模块:Favicon

[ 2017-03-21T19:52:37+08:00 ] ::1 /favicon.ico
ERR: 无法加载模块:Favicon

[ 2017-03-21T19:52:41+08:00 ] ::1 /favicon.ico
ERR: 无法加载模块:Favicon

[ 2017-03-21T19:53:11+08:00 ] ::1 /favicon.ico
ERR: 无法加载模块:Favicon

[ 2017-03-21T19:53:14+08:00 ] ::1 /favicon.ico
ERR: 无法加载模块:Favicon

[ 2017-03-21T19:53:17+08:00 ] ::1 /favicon.ico
ERR: 无法加载模块:Favicon

[ 2017-03-21T19:55:15+08:00 ] ::1 /favicon.ico
ERR: 无法加载模块:Favicon

[ 2017-03-21T19:55:25+08:00 ] ::1 /favicon.ico
ERR: 无法加载模块:Favicon

[ 2017-03-21T19:55:30+08:00 ] ::1 /favicon.ico
ERR: 无法加载模块:Favicon

[ 2017-03-21T19:56:04+08:00 ] ::1 /favicon.ico
ERR: 无法加载模块:Favicon

[ 2017-03-21T20:14:41+08:00 ] ::1 /signin.css
ERR: 无法加载模块:Signin

[ 2017-03-21T20:14:52+08:00 ] ::1 /favicon.ico
ERR: 无法加载模块:Favicon

