[ 2017-03-22T09:06:53+08:00 ] ::1 /signin.css
ERR: 无法加载模块:Signin

[ 2017-03-22T09:07:12+08:00 ] ::1 /favicon.ico
ERR: 无法加载模块:Favicon

[ 2017-03-22T09:25:17+08:00 ] ::1 /undefined
ERR: 无法加载模块:Undefined

[ 2017-03-22T09:26:43+08:00 ] ::1 /undefined
ERR: 无法加载模块:Undefined

[ 2017-03-22T09:26:50+08:00 ] ::1 /undefined
ERR: 无法加载模块:Undefined

[ 2017-03-22T09:26:51+08:00 ] ::1 /undefined
ERR: 无法加载模块:Undefined

[ 2017-03-22T09:27:14+08:00 ] ::1 /undefined
ERR: 无法加载模块:Undefined

[ 2017-03-22T09:27:43+08:00 ] ::1 /favicon.ico
ERR: 无法加载模块:Favicon

[ 2017-03-22T11:21:22+08:00 ] ::1 /undefined
ERR: 无法加载模块:Undefined

[ 2017-03-22T11:22:53+08:00 ] ::1 /undefined
ERR: 无法加载模块:Undefined

[ 2017-03-22T11:24:15+08:00 ] ::1 /undefined
ERR: 无法加载模块:Undefined

[ 2017-03-22T13:31:06+08:00 ] ::1 /favicon.ico
ERR: 无法加载模块:Favicon

[ 2017-03-22T13:31:09+08:00 ] ::1 /favicon.ico
ERR: 无法加载模块:Favicon

[ 2017-03-22T14:24:17+08:00 ] ::1 /favicon.ico
ERR: 无法加载模块:Favicon

[ 2017-03-22T14:24:24+08:00 ] ::1 /favicon.ico
ERR: 无法加载模块:Favicon

[ 2017-03-22T14:24:28+08:00 ] ::1 /favicon.ico
ERR: 无法加载模块:Favicon

[ 2017-03-22T14:24:48+08:00 ] ::1 /favicon.ico
ERR: 无法加载模块:Favicon

[ 2017-03-22T14:25:34+08:00 ] ::1 /Public/js/home/common.js
ERR: 无法加载模块:Public

[ 2017-03-22T14:25:35+08:00 ] ::1 /Public/js/home/common.js
ERR: 无法加载模块:Public

[ 2017-03-22T14:25:36+08:00 ] ::1 /Public/js/home/common.js
ERR: 无法加载模块:Public

[ 2017-03-22T14:25:36+08:00 ] ::1 /favicon.ico
ERR: 无法加载模块:Favicon

[ 2017-03-22T14:25:39+08:00 ] ::1 /Public/js/home/common.js
ERR: 无法加载模块:Public

[ 2017-03-22T14:25:41+08:00 ] ::1 /Public/js/home/common.js
ERR: 无法加载模块:Public

[ 2017-03-22T14:25:41+08:00 ] ::1 /Public/js/home/common.js
ERR: 无法加载模块:Public

[ 2017-03-22T14:25:41+08:00 ] ::1 /favicon.ico
ERR: 无法加载模块:Favicon

[ 2017-03-22T14:25:44+08:00 ] ::1 /Public/js/home/common.js
ERR: 无法加载模块:Public

[ 2017-03-22T14:25:45+08:00 ] ::1 /Public/js/home/common.js
ERR: 无法加载模块:Public

[ 2017-03-22T14:25:45+08:00 ] ::1 /favicon.ico
ERR: 无法加载模块:Favicon

[ 2017-03-22T14:26:16+08:00 ] ::1 /Public/js/home/common.js
ERR: 无法加载模块:Public

[ 2017-03-22T14:26:18+08:00 ] ::1 /Public/js/home/common.js
ERR: 无法加载模块:Public

[ 2017-03-22T14:26:18+08:00 ] ::1 /Public/js/home/common.js
ERR: 无法加载模块:Public

[ 2017-03-22T14:26:18+08:00 ] ::1 /favicon.ico
ERR: 无法加载模块:Favicon

[ 2017-03-22T14:26:32+08:00 ] ::1 /favicon.ico
ERR: 无法加载模块:Favicon

[ 2017-03-22T14:26:36+08:00 ] ::1 /Public/js/home/common.js
ERR: 无法加载模块:Public

[ 2017-03-22T14:26:36+08:00 ] ::1 /Public/js/home/common.js
ERR: 无法加载模块:Public

[ 2017-03-22T14:26:37+08:00 ] ::1 /favicon.ico
ERR: 无法加载模块:Favicon

[ 2017-03-22T14:26:45+08:00 ] ::1 /Public/js/home/common.js
ERR: 无法加载模块:Public

[ 2017-03-22T14:26:45+08:00 ] ::1 /Public/js/home/common.js
ERR: 无法加载模块:Public

[ 2017-03-22T14:26:46+08:00 ] ::1 /favicon.ico
ERR: 无法加载模块:Favicon

[ 2017-03-22T14:26:50+08:00 ] ::1 /Public/js/home/common.js
ERR: 无法加载模块:Public

[ 2017-03-22T14:26:51+08:00 ] ::1 /Public/js/home/common.js
ERR: 无法加载模块:Public

[ 2017-03-22T14:26:51+08:00 ] ::1 /favicon.ico
ERR: 无法加载模块:Favicon

[ 2017-03-22T14:26:55+08:00 ] ::1 /Public/js/home/common.js
ERR: 无法加载模块:Public

[ 2017-03-22T14:26:55+08:00 ] ::1 /Public/js/home/common.js
ERR: 无法加载模块:Public

[ 2017-03-22T14:26:56+08:00 ] ::1 /favicon.ico
ERR: 无法加载模块:Favicon

[ 2017-03-22T14:27:01+08:00 ] ::1 /favicon.ico
ERR: 无法加载模块:Favicon

[ 2017-03-22T14:27:04+08:00 ] ::1 /Public/js/home/common.js
ERR: 无法加载模块:Public

[ 2017-03-22T14:27:05+08:00 ] ::1 /Public/js/home/common.js
ERR: 无法加载模块:Public

[ 2017-03-22T14:27:05+08:00 ] ::1 /favicon.ico
ERR: 无法加载模块:Favicon

[ 2017-03-22T14:29:42+08:00 ] ::1 /favicon.ico
ERR: 无法加载模块:Favicon

[ 2017-03-22T14:29:49+08:00 ] ::1 /favicon.ico
ERR: 无法加载模块:Favicon

[ 2017-03-22T14:29:59+08:00 ] ::1 /favicon.ico
ERR: 无法加载模块:Favicon

[ 2017-03-22T14:30:06+08:00 ] ::1 /favicon.ico
ERR: 无法加载模块:Favicon

[ 2017-03-22T14:30:42+08:00 ] ::1 /favicon.ico
ERR: 无法加载模块:Favicon

[ 2017-03-22T14:31:00+08:00 ] ::1 /favicon.ico
ERR: 无法加载模块:Favicon

[ 2017-03-22T14:31:07+08:00 ] ::1 /favicon.ico
ERR: 无法加载模块:Favicon

[ 2017-03-22T14:31:38+08:00 ] ::1 /favicon.ico
ERR: 无法加载模块:Favicon

[ 2017-03-22T14:31:41+08:00 ] ::1 /favicon.ico
ERR: 无法加载模块:Favicon

[ 2017-03-22T14:31:47+08:00 ] ::1 /favicon.ico
ERR: 无法加载模块:Favicon

[ 2017-03-22T14:31:55+08:00 ] ::1 /Public/js/home/common.js
ERR: 无法加载模块:Public

[ 2017-03-22T14:31:56+08:00 ] ::1 /Public/js/home/common.js
ERR: 无法加载模块:Public

[ 2017-03-22T14:31:56+08:00 ] ::1 /favicon.ico
ERR: 无法加载模块:Favicon

[ 2017-03-22T14:32:01+08:00 ] ::1 /favicon.ico
ERR: 无法加载模块:Favicon

[ 2017-03-22T14:32:08+08:00 ] ::1 /favicon.ico
ERR: 无法加载模块:Favicon

[ 2017-03-22T14:32:23+08:00 ] ::1 /Public/js/home/common.js
ERR: 无法加载模块:Public

[ 2017-03-22T14:32:24+08:00 ] ::1 /Public/js/home/common.js
ERR: 无法加载模块:Public

[ 2017-03-22T14:32:24+08:00 ] ::1 /Public/js/home/common.js
ERR: 无法加载模块:Public

[ 2017-03-22T14:32:25+08:00 ] ::1 /favicon.ico
ERR: 无法加载模块:Favicon

[ 2017-03-22T14:32:28+08:00 ] ::1 /favicon.ico
ERR: 无法加载模块:Favicon

[ 2017-03-22T14:33:46+08:00 ] ::1 /index
ERR: 无法加载模块:Index

[ 2017-03-22T14:33:55+08:00 ] ::1 /Public/js/home/common.js
ERR: 无法加载模块:Public

[ 2017-03-22T14:33:55+08:00 ] ::1 /Public/js/home/common.js
ERR: 无法加载模块:Public

[ 2017-03-22T14:34:15+08:00 ] ::1 /Public/js/home/common.js
ERR: 无法加载模块:Public

[ 2017-03-22T14:34:15+08:00 ] ::1 /Public/js/home/common.js
ERR: 无法加载模块:Public

[ 2017-03-22T14:34:46+08:00 ] ::1 /Public/js/home/common.js
ERR: 无法加载模块:Public

[ 2017-03-22T14:34:46+08:00 ] ::1 /Public/js/home/common.js
ERR: 无法加载模块:Public

[ 2017-03-22T14:37:28+08:00 ] ::1 /Public/js/home/common.js
ERR: 无法加载模块:Public

[ 2017-03-22T14:37:28+08:00 ] ::1 /Public/js/home/common.js
ERR: 无法加载模块:Public

[ 2017-03-22T14:37:32+08:00 ] ::1 /Public/js/home/common.js
ERR: 无法加载模块:Public

[ 2017-03-22T14:37:32+08:00 ] ::1 /Public/js/home/common.js
ERR: 无法加载模块:Public

[ 2017-03-22T14:37:44+08:00 ] ::1 /Public/js/home/common.js
ERR: 无法加载模块:Public

[ 2017-03-22T14:37:45+08:00 ] ::1 /Public/js/home/common.js
ERR: 无法加载模块:Public

[ 2017-03-22T14:38:30+08:00 ] ::1 /Public/js/home/common.js
ERR: 无法加载模块:Public

[ 2017-03-22T14:38:30+08:00 ] ::1 /Public/js/home/common.js
ERR: 无法加载模块:Public

[ 2017-03-22T14:38:47+08:00 ] ::1 /Public/js/home/common.js
ERR: 无法加载模块:Public

[ 2017-03-22T14:38:47+08:00 ] ::1 /Public/js/home/common.js
ERR: 无法加载模块:Public

[ 2017-03-22T14:48:37+08:00 ] ::1 /Public/js/home/common.js
ERR: 无法加载模块:Public

[ 2017-03-22T14:48:37+08:00 ] ::1 /Public/js/home/common.js
ERR: 无法加载模块:Public

[ 2017-03-22T14:48:50+08:00 ] ::1 /Public/js/home/common.js
ERR: 无法加载模块:Public

[ 2017-03-22T14:48:51+08:00 ] ::1 /Public/js/home/common.js
ERR: 无法加载模块:Public

[ 2017-03-22T14:52:24+08:00 ] ::1 /Public/js/home/common.js
ERR: 无法加载模块:Public

[ 2017-03-22T14:52:24+08:00 ] ::1 /Public/js/home/common.js
ERR: 无法加载模块:Public

[ 2017-03-22T14:59:36+08:00 ] ::1 /Public/js/home/common.js
ERR: 无法加载模块:Public

[ 2017-03-22T14:59:36+08:00 ] ::1 /Public/js/home/common.js
ERR: 无法加载模块:Public

[ 2017-03-22T14:59:40+08:00 ] ::1 /Public/js/home/common.js
ERR: 无法加载模块:Public

[ 2017-03-22T14:59:40+08:00 ] ::1 /Public/js/home/common.js
ERR: 无法加载模块:Public

[ 2017-03-22T14:59:43+08:00 ] ::1 /Public/js/home/common.js
ERR: 无法加载模块:Public

[ 2017-03-22T14:59:43+08:00 ] ::1 /Public/js/home/common.js
ERR: 无法加载模块:Public

[ 2017-03-22T15:00:34+08:00 ] ::1 /Public/js/home/common.js
ERR: 无法加载模块:Public

[ 2017-03-22T15:00:34+08:00 ] ::1 /Public/js/home/common.js
ERR: 无法加载模块:Public

[ 2017-03-22T15:00:36+08:00 ] ::1 /Public/js/home/common.js
ERR: 无法加载模块:Public

[ 2017-03-22T15:00:36+08:00 ] ::1 /Public/js/home/common.js
ERR: 无法加载模块:Public

[ 2017-03-22T15:00:38+08:00 ] ::1 /Public/js/home/common.js
ERR: 无法加载模块:Public

[ 2017-03-22T15:00:38+08:00 ] ::1 /Public/js/home/common.js
ERR: 无法加载模块:Public

[ 2017-03-22T15:00:41+08:00 ] ::1 /Public/js/home/common.js
ERR: 无法加载模块:Public

[ 2017-03-22T15:00:41+08:00 ] ::1 /Public/js/home/common.js
ERR: 无法加载模块:Public

[ 2017-03-22T15:00:43+08:00 ] ::1 /Public/js/home/common.js
ERR: 无法加载模块:Public

[ 2017-03-22T15:00:43+08:00 ] ::1 /Public/js/home/common.js
ERR: 无法加载模块:Public

[ 2017-03-22T15:10:12+08:00 ] ::1 /Public/js/home/common.js
ERR: 无法加载模块:Public

[ 2017-03-22T15:10:12+08:00 ] ::1 /Public/js/home/common.js
ERR: 无法加载模块:Public

[ 2017-03-22T15:10:31+08:00 ] ::1 /Public/js/home/common.js
ERR: 无法加载模块:Public

[ 2017-03-22T15:10:32+08:00 ] ::1 /Public/js/home/common.js
ERR: 无法加载模块:Public

[ 2017-03-22T15:11:32+08:00 ] ::1 /Public/js/home/common.js
ERR: 无法加载模块:Public

[ 2017-03-22T15:11:32+08:00 ] ::1 /Public/js/home/common.js
ERR: 无法加载模块:Public

[ 2017-03-22T15:12:03+08:00 ] ::1 /Public/js/home/common.js
ERR: 无法加载模块:Public

[ 2017-03-22T15:12:04+08:00 ] ::1 /Public/js/home/common.js
ERR: 无法加载模块:Public

[ 2017-03-22T15:12:27+08:00 ] ::1 /Public/js/home/common.js
ERR: 无法加载模块:Public

[ 2017-03-22T15:12:27+08:00 ] ::1 /Public/js/home/common.js
ERR: 无法加载模块:Public

[ 2017-03-22T15:12:38+08:00 ] ::1 /Public/js/home/common.js
ERR: 无法加载模块:Public

[ 2017-03-22T15:12:38+08:00 ] ::1 /Public/js/home/common.js
ERR: 无法加载模块:Public

[ 2017-03-22T15:12:38+08:00 ] ::1 /Public/images/right.png
ERR: 无法加载模块:Public

[ 2017-03-22T15:12:41+08:00 ] ::1 /Public/js/home/common.js
ERR: 无法加载模块:Public

[ 2017-03-22T15:12:41+08:00 ] ::1 /Public/js/home/common.js
ERR: 无法加载模块:Public

[ 2017-03-22T15:12:43+08:00 ] ::1 /Public/js/home/common.js
ERR: 无法加载模块:Public

[ 2017-03-22T15:12:43+08:00 ] ::1 /Public/images/right.png
ERR: 无法加载模块:Public

[ 2017-03-22T15:12:43+08:00 ] ::1 /Public/js/home/common.js
ERR: 无法加载模块:Public

[ 2017-03-22T15:13:18+08:00 ] ::1 /Public/js/home/common.js
ERR: 无法加载模块:Public

[ 2017-03-22T15:13:18+08:00 ] ::1 /Public/js/home/common.js
ERR: 无法加载模块:Public

[ 2017-03-22T15:13:21+08:00 ] ::1 /Public/js/home/common.js
ERR: 无法加载模块:Public

[ 2017-03-22T15:13:21+08:00 ] ::1 /Public/js/home/common.js
ERR: 无法加载模块:Public

[ 2017-03-22T15:13:25+08:00 ] ::1 /Public/js/home/common.js
ERR: 无法加载模块:Public

[ 2017-03-22T15:13:25+08:00 ] ::1 /Public/js/home/common.js
ERR: 无法加载模块:Public

[ 2017-03-22T15:13:28+08:00 ] ::1 /Public/js/home/common.js
ERR: 无法加载模块:Public

[ 2017-03-22T15:13:28+08:00 ] ::1 /Public/js/home/common.js
ERR: 无法加载模块:Public

[ 2017-03-22T15:13:54+08:00 ] ::1 /Public/js/home/common.js
ERR: 无法加载模块:Public

[ 2017-03-22T15:13:54+08:00 ] ::1 /Public/js/home/common.js
ERR: 无法加载模块:Public

[ 2017-03-22T15:13:59+08:00 ] ::1 /Public/js/home/common.js
ERR: 无法加载模块:Public

[ 2017-03-22T15:13:59+08:00 ] ::1 /Public/js/home/common.js
ERR: 无法加载模块:Public

[ 2017-03-22T15:14:21+08:00 ] ::1 /Public/js/home/common.js
ERR: 无法加载模块:Public

[ 2017-03-22T15:14:21+08:00 ] ::1 /Public/js/home/common.js
ERR: 无法加载模块:Public

[ 2017-03-22T15:28:05+08:00 ] ::1 /Public/js/home/common.js
ERR: 无法加载模块:Public

[ 2017-03-22T15:28:09+08:00 ] ::1 /Public/js/home/common.js
ERR: 无法加载模块:Public

[ 2017-03-22T15:28:09+08:00 ] ::1 /Public/js/home/common.js
ERR: 无法加载模块:Public

[ 2017-03-22T15:28:11+08:00 ] ::1 /Public/js/home/common.js
ERR: 无法加载模块:Public

[ 2017-03-22T15:28:11+08:00 ] ::1 /Public/js/home/common.js
ERR: 无法加载模块:Public

[ 2017-03-22T15:28:15+08:00 ] ::1 /Public/js/home/common.js
ERR: 无法加载模块:Public

[ 2017-03-22T15:28:15+08:00 ] ::1 /Public/js/home/common.js
ERR: 无法加载模块:Public

[ 2017-03-22T15:29:13+08:00 ] ::1 /Public/js/home/common.js
ERR: 无法加载模块:Public

[ 2017-03-22T15:29:13+08:00 ] ::1 /Public/js/home/common.js
ERR: 无法加载模块:Public

[ 2017-03-22T15:29:18+08:00 ] ::1 /Public/js/home/common.js
ERR: 无法加载模块:Public

[ 2017-03-22T15:29:18+08:00 ] ::1 /Public/js/home/common.js
ERR: 无法加载模块:Public

[ 2017-03-22T15:30:00+08:00 ] ::1 /Public/js/home/common.js
ERR: 无法加载模块:Public

[ 2017-03-22T15:30:00+08:00 ] ::1 /Public/js/home/common.js
ERR: 无法加载模块:Public

[ 2017-03-22T15:30:55+08:00 ] ::1 /Public/js/home/common.js
ERR: 无法加载模块:Public

[ 2017-03-22T15:30:55+08:00 ] ::1 /Public/js/home/common.js
ERR: 无法加载模块:Public

[ 2017-03-22T15:31:21+08:00 ] ::1 /Public/js/home/common.js
ERR: 无法加载模块:Public

[ 2017-03-22T15:31:21+08:00 ] ::1 /Public/js/home/common.js
ERR: 无法加载模块:Public

[ 2017-03-22T15:31:26+08:00 ] ::1 /Public/js/home/common.js
ERR: 无法加载模块:Public

[ 2017-03-22T15:31:26+08:00 ] ::1 /Public/js/home/common.js
ERR: 无法加载模块:Public

[ 2017-03-22T15:31:43+08:00 ] ::1 /Public/js/home/common.js
ERR: 无法加载模块:Public

[ 2017-03-22T15:31:43+08:00 ] ::1 /Public/js/home/common.js
ERR: 无法加载模块:Public

[ 2017-03-22T15:32:01+08:00 ] ::1 /Public/js/home/common.js
ERR: 无法加载模块:Public

[ 2017-03-22T15:32:01+08:00 ] ::1 /Public/js/home/common.js
ERR: 无法加载模块:Public

[ 2017-03-22T15:32:05+08:00 ] ::1 /Public/js/home/common.js
ERR: 无法加载模块:Public

[ 2017-03-22T15:32:05+08:00 ] ::1 /Public/js/home/common.js
ERR: 无法加载模块:Public

[ 2017-03-22T15:32:07+08:00 ] ::1 /Public/js/home/common.js
ERR: 无法加载模块:Public

[ 2017-03-22T15:32:07+08:00 ] ::1 /Public/js/home/common.js
ERR: 无法加载模块:Public

[ 2017-03-22T15:33:10+08:00 ] ::1 /Public/js/home/common.js
ERR: 无法加载模块:Public

[ 2017-03-22T15:33:11+08:00 ] ::1 /Public/js/home/common.js
ERR: 无法加载模块:Public

[ 2017-03-22T15:36:47+08:00 ] ::1 /Public/js/home/common.js
ERR: 无法加载模块:Public

[ 2017-03-22T15:36:47+08:00 ] ::1 /Public/js/home/common.js
ERR: 无法加载模块:Public

[ 2017-03-22T15:38:21+08:00 ] ::1 /Public/js/home/common.js
ERR: 无法加载模块:Public

[ 2017-03-22T15:38:21+08:00 ] ::1 /Public/js/home/common.js
ERR: 无法加载模块:Public

[ 2017-03-22T15:38:26+08:00 ] ::1 /Public/js/home/common.js
ERR: 无法加载模块:Public

[ 2017-03-22T15:38:26+08:00 ] ::1 /Public/js/home/common.js
ERR: 无法加载模块:Public

[ 2017-03-22T15:39:41+08:00 ] ::1 /Public/js/home/common.js
ERR: 无法加载模块:Public

[ 2017-03-22T15:39:41+08:00 ] ::1 /Public/js/home/common.js
ERR: 无法加载模块:Public

[ 2017-03-22T16:12:32+08:00 ] ::1 /Public/js/home/common.js
ERR: 无法加载模块:Public

[ 2017-03-22T16:12:32+08:00 ] ::1 /Public/js/home/common.js
ERR: 无法加载模块:Public

