[ 2017-03-17T08:07:57+08:00 ] ::1 /favicon.ico
INFO: [ app_init ] --START--
INFO: Run Behavior\BuildLiteBehavior [ RunTime:0.000019s ]
INFO: [ app_init ] --END-- [ RunTime:0.000566s ]
ERR: 无法加载模块:Favicon

[ 2017-03-17T08:11:55+08:00 ] ::1 /signin.css
INFO: [ app_init ] --START--
INFO: Run Behavior\BuildLiteBehavior [ RunTime:0.000049s ]
INFO: [ app_init ] --END-- [ RunTime:0.001030s ]
ERR: 无法加载模块:Signin

[ 2017-03-17T08:16:03+08:00 ] ::1 /signin.css
INFO: [ app_init ] --START--
INFO: Run Behavior\BuildLiteBehavior [ RunTime:0.000021s ]
INFO: [ app_init ] --END-- [ RunTime:0.000754s ]
ERR: 无法加载模块:Signin

[ 2017-03-17T08:16:47+08:00 ] ::1 /signin.css
INFO: [ app_init ] --START--
INFO: Run Behavior\BuildLiteBehavior [ RunTime:0.000014s ]
INFO: [ app_init ] --END-- [ RunTime:0.000392s ]
ERR: 无法加载模块:Signin

[ 2017-03-17T08:17:37+08:00 ] ::1 /signin.css
INFO: [ app_init ] --START--
INFO: Run Behavior\BuildLiteBehavior [ RunTime:0.000020s ]
INFO: [ app_init ] --END-- [ RunTime:0.000597s ]
ERR: 无法加载模块:Signin

[ 2017-03-17T08:19:02+08:00 ] ::1 /signin.css
INFO: [ app_init ] --START--
INFO: Run Behavior\BuildLiteBehavior [ RunTime:0.000014s ]
INFO: [ app_init ] --END-- [ RunTime:0.000419s ]
ERR: 无法加载模块:Signin

[ 2017-03-17T08:24:20+08:00 ] ::1 /signin.css
INFO: [ app_init ] --START--
INFO: Run Behavior\BuildLiteBehavior [ RunTime:0.000015s ]
INFO: [ app_init ] --END-- [ RunTime:0.000403s ]
ERR: 无法加载模块:Signin

[ 2017-03-17T08:29:57+08:00 ] ::1 /signin.css
INFO: [ app_init ] --START--
INFO: Run Behavior\BuildLiteBehavior [ RunTime:0.000015s ]
INFO: [ app_init ] --END-- [ RunTime:0.000455s ]
ERR: 无法加载模块:Signin

[ 2017-03-17T08:30:09+08:00 ] ::1 /signin.css
INFO: [ app_init ] --START--
INFO: Run Behavior\BuildLiteBehavior [ RunTime:0.000015s ]
INFO: [ app_init ] --END-- [ RunTime:0.000558s ]
ERR: 无法加载模块:Signin

[ 2017-03-17T08:30:18+08:00 ] ::1 /signin.css
INFO: [ app_init ] --START--
INFO: Run Behavior\BuildLiteBehavior [ RunTime:0.000013s ]
INFO: [ app_init ] --END-- [ RunTime:0.000383s ]
ERR: 无法加载模块:Signin

[ 2017-03-17T08:30:18+08:00 ] ::1 /signin.css
INFO: [ app_init ] --START--
INFO: Run Behavior\BuildLiteBehavior [ RunTime:0.000014s ]
INFO: [ app_init ] --END-- [ RunTime:0.000386s ]
ERR: 无法加载模块:Signin

[ 2017-03-17T08:30:19+08:00 ] ::1 /signin.css
INFO: [ app_init ] --START--
INFO: Run Behavior\BuildLiteBehavior [ RunTime:0.000014s ]
INFO: [ app_init ] --END-- [ RunTime:0.000417s ]
ERR: 无法加载模块:Signin

[ 2017-03-17T08:30:19+08:00 ] ::1 /signin.css
INFO: [ app_init ] --START--
INFO: Run Behavior\BuildLiteBehavior [ RunTime:0.000013s ]
INFO: [ app_init ] --END-- [ RunTime:0.000405s ]
ERR: 无法加载模块:Signin

[ 2017-03-17T08:30:20+08:00 ] ::1 /signin.css
INFO: [ app_init ] --START--
INFO: Run Behavior\BuildLiteBehavior [ RunTime:0.000013s ]
INFO: [ app_init ] --END-- [ RunTime:0.000384s ]
ERR: 无法加载模块:Signin

[ 2017-03-17T08:30:20+08:00 ] ::1 /signin.css
INFO: [ app_init ] --START--
INFO: Run Behavior\BuildLiteBehavior [ RunTime:0.000013s ]
INFO: [ app_init ] --END-- [ RunTime:0.000409s ]
ERR: 无法加载模块:Signin

[ 2017-03-17T08:30:21+08:00 ] ::1 /signin.css
INFO: [ app_init ] --START--
INFO: Run Behavior\BuildLiteBehavior [ RunTime:0.000014s ]
INFO: [ app_init ] --END-- [ RunTime:0.000389s ]
ERR: 无法加载模块:Signin

[ 2017-03-17T08:30:22+08:00 ] ::1 /signin.css
INFO: [ app_init ] --START--
INFO: Run Behavior\BuildLiteBehavior [ RunTime:0.000013s ]
INFO: [ app_init ] --END-- [ RunTime:0.000386s ]
ERR: 无法加载模块:Signin

[ 2017-03-17T08:30:22+08:00 ] ::1 /signin.css
INFO: [ app_init ] --START--
INFO: Run Behavior\BuildLiteBehavior [ RunTime:0.000023s ]
INFO: [ app_init ] --END-- [ RunTime:0.000593s ]
ERR: 无法加载模块:Signin

[ 2017-03-17T08:30:23+08:00 ] ::1 /signin.css
INFO: [ app_init ] --START--
INFO: Run Behavior\BuildLiteBehavior [ RunTime:0.000014s ]
INFO: [ app_init ] --END-- [ RunTime:0.000395s ]
ERR: 无法加载模块:Signin

[ 2017-03-17T08:37:26+08:00 ] ::1 /favicon.ico
INFO: [ app_init ] --START--
INFO: Run Behavior\BuildLiteBehavior [ RunTime:0.000018s ]
INFO: [ app_init ] --END-- [ RunTime:0.000395s ]
ERR: 无法加载模块:Favicon

[ 2017-03-17T08:39:34+08:00 ] ::1 /signin.css
INFO: [ app_init ] --START--
INFO: Run Behavior\BuildLiteBehavior [ RunTime:0.000016s ]
INFO: [ app_init ] --END-- [ RunTime:0.000408s ]
ERR: 无法加载模块:Signin

[ 2017-03-17T08:48:07+08:00 ] ::1 /signin.css
INFO: [ app_init ] --START--
INFO: Run Behavior\BuildLiteBehavior [ RunTime:0.000013s ]
INFO: [ app_init ] --END-- [ RunTime:0.000387s ]
ERR: 无法加载模块:Signin

[ 2017-03-17T08:48:41+08:00 ] ::1 /signin.css
INFO: [ app_init ] --START--
INFO: Run Behavior\BuildLiteBehavior [ RunTime:0.000013s ]
INFO: [ app_init ] --END-- [ RunTime:0.000521s ]
ERR: 无法加载模块:Signin

[ 2017-03-17T08:49:24+08:00 ] ::1 /signin.css
INFO: [ app_init ] --START--
INFO: Run Behavior\BuildLiteBehavior [ RunTime:0.000015s ]
INFO: [ app_init ] --END-- [ RunTime:0.000572s ]
ERR: 无法加载模块:Signin

[ 2017-03-17T08:49:47+08:00 ] ::1 /signin.css
INFO: [ app_init ] --START--
INFO: Run Behavior\BuildLiteBehavior [ RunTime:0.000014s ]
INFO: [ app_init ] --END-- [ RunTime:0.000407s ]
ERR: 无法加载模块:Signin

[ 2017-03-17T08:49:51+08:00 ] ::1 /signin.css
INFO: [ app_init ] --START--
INFO: Run Behavior\BuildLiteBehavior [ RunTime:0.000015s ]
INFO: [ app_init ] --END-- [ RunTime:0.000538s ]
ERR: 无法加载模块:Signin

[ 2017-03-17T08:50:02+08:00 ] ::1 /signin.css
INFO: [ app_init ] --START--
INFO: Run Behavior\BuildLiteBehavior [ RunTime:0.000021s ]
INFO: [ app_init ] --END-- [ RunTime:0.000556s ]
ERR: 无法加载模块:Signin

[ 2017-03-17T08:50:43+08:00 ] ::1 /signin.css
INFO: [ app_init ] --START--
INFO: Run Behavior\BuildLiteBehavior [ RunTime:0.000015s ]
INFO: [ app_init ] --END-- [ RunTime:0.000419s ]
ERR: 无法加载模块:Signin

[ 2017-03-17T08:50:44+08:00 ] ::1 /admin.php/login/check
INFO: [ app_init ] --START--
INFO: Run Behavior\BuildLiteBehavior [ RunTime:0.000018s ]
INFO: [ app_init ] --END-- [ RunTime:0.000494s ]
ERR: 无法加载模块:Admin.php

[ 2017-03-17T08:50:45+08:00 ] ::1 /admin.php/login/check
INFO: [ app_init ] --START--
INFO: Run Behavior\BuildLiteBehavior [ RunTime:0.000014s ]
INFO: [ app_init ] --END-- [ RunTime:0.000468s ]
ERR: 无法加载模块:Admin.php

[ 2017-03-17T08:50:47+08:00 ] ::1 /admin.php/login/check
INFO: [ app_init ] --START--
INFO: Run Behavior\BuildLiteBehavior [ RunTime:0.000015s ]
INFO: [ app_init ] --END-- [ RunTime:0.000455s ]
ERR: 无法加载模块:Admin.php

[ 2017-03-17T08:50:47+08:00 ] ::1 /admin.php/login/check
INFO: [ app_init ] --START--
INFO: Run Behavior\BuildLiteBehavior [ RunTime:0.000015s ]
INFO: [ app_init ] --END-- [ RunTime:0.000458s ]
ERR: 无法加载模块:Admin.php

[ 2017-03-17T08:50:47+08:00 ] ::1 /admin.php/login/check
INFO: [ app_init ] --START--
INFO: Run Behavior\BuildLiteBehavior [ RunTime:0.000014s ]
INFO: [ app_init ] --END-- [ RunTime:0.000454s ]
ERR: 无法加载模块:Admin.php

[ 2017-03-17T08:50:48+08:00 ] ::1 /admin.php/login/check
INFO: [ app_init ] --START--
INFO: Run Behavior\BuildLiteBehavior [ RunTime:0.000014s ]
INFO: [ app_init ] --END-- [ RunTime:0.000457s ]
ERR: 无法加载模块:Admin.php

[ 2017-03-17T08:50:48+08:00 ] ::1 /admin.php/login/check
INFO: [ app_init ] --START--
INFO: Run Behavior\BuildLiteBehavior [ RunTime:0.000015s ]
INFO: [ app_init ] --END-- [ RunTime:0.000476s ]
ERR: 无法加载模块:Admin.php

[ 2017-03-17T08:51:02+08:00 ] ::1 /admin.php/login/check
INFO: [ app_init ] --START--
INFO: Run Behavior\BuildLiteBehavior [ RunTime:0.000015s ]
INFO: [ app_init ] --END-- [ RunTime:0.000456s ]
ERR: 无法加载模块:Admin.php

[ 2017-03-17T08:51:04+08:00 ] ::1 /signin.css
INFO: [ app_init ] --START--
INFO: Run Behavior\BuildLiteBehavior [ RunTime:0.000014s ]
INFO: [ app_init ] --END-- [ RunTime:0.000413s ]
ERR: 无法加载模块:Signin

[ 2017-03-17T08:51:06+08:00 ] ::1 /signin.css
INFO: [ app_init ] --START--
INFO: Run Behavior\BuildLiteBehavior [ RunTime:0.000013s ]
INFO: [ app_init ] --END-- [ RunTime:0.000494s ]
ERR: 无法加载模块:Signin

[ 2017-03-17T08:51:49+08:00 ] ::1 /signin.css
INFO: [ app_init ] --START--
INFO: Run Behavior\BuildLiteBehavior [ RunTime:0.000037s ]
INFO: [ app_init ] --END-- [ RunTime:0.000843s ]
ERR: 无法加载模块:Signin

[ 2017-03-17T08:51:56+08:00 ] ::1 /admin&c=login&a=check
INFO: [ app_init ] --START--
INFO: Run Behavior\BuildLiteBehavior [ RunTime:0.000016s ]
INFO: [ app_init ] --END-- [ RunTime:0.000578s ]
ERR: 无法加载模块:Admin&c=login&a=check

[ 2017-03-17T08:52:21+08:00 ] ::1 /signin.css
INFO: [ app_init ] --START--
INFO: Run Behavior\BuildLiteBehavior [ RunTime:0.000015s ]
INFO: [ app_init ] --END-- [ RunTime:0.000478s ]
ERR: 无法加载模块:Signin

[ 2017-03-17T08:52:23+08:00 ] ::1 /admin&c=login&a=check
INFO: [ app_init ] --START--
INFO: Run Behavior\BuildLiteBehavior [ RunTime:0.000015s ]
INFO: [ app_init ] --END-- [ RunTime:0.000457s ]
ERR: 无法加载模块:Admin&c=login&a=check

[ 2017-03-17T08:52:25+08:00 ] ::1 /admin&c=login&a=check
INFO: [ app_init ] --START--
INFO: Run Behavior\BuildLiteBehavior [ RunTime:0.000012s ]
INFO: [ app_init ] --END-- [ RunTime:0.000374s ]
ERR: 无法加载模块:Admin&c=login&a=check

[ 2017-03-17T08:52:30+08:00 ] ::1 /favicon.ico
INFO: [ app_init ] --START--
INFO: Run Behavior\BuildLiteBehavior [ RunTime:0.000012s ]
INFO: [ app_init ] --END-- [ RunTime:0.000378s ]
ERR: 无法加载模块:Favicon

[ 2017-03-17T08:52:45+08:00 ] ::1 /signin.css
INFO: [ app_init ] --START--
INFO: Run Behavior\BuildLiteBehavior [ RunTime:0.000014s ]
INFO: [ app_init ] --END-- [ RunTime:0.000400s ]
ERR: 无法加载模块:Signin

[ 2017-03-17T08:53:06+08:00 ] ::1 /admin.php/login
INFO: [ app_init ] --START--
INFO: Run Behavior\BuildLiteBehavior [ RunTime:0.000020s ]
INFO: [ app_init ] --END-- [ RunTime:0.000581s ]
ERR: 无法加载模块:Admin.php

[ 2017-03-17T08:54:19+08:00 ] ::1 /signin.css
INFO: [ app_init ] --START--
INFO: Run Behavior\BuildLiteBehavior [ RunTime:0.000013s ]
INFO: [ app_init ] --END-- [ RunTime:0.000375s ]
ERR: 无法加载模块:Signin

[ 2017-03-17T08:54:23+08:00 ] ::1 /signin.css
INFO: [ app_init ] --START--
INFO: Run Behavior\BuildLiteBehavior [ RunTime:0.000013s ]
INFO: [ app_init ] --END-- [ RunTime:0.000403s ]
ERR: 无法加载模块:Signin

[ 2017-03-17T08:54:32+08:00 ] ::1 /signin.css
INFO: [ app_init ] --START--
INFO: Run Behavior\BuildLiteBehavior [ RunTime:0.000013s ]
INFO: [ app_init ] --END-- [ RunTime:0.000392s ]
ERR: 无法加载模块:Signin

[ 2017-03-17T08:54:36+08:00 ] ::1 /admin&c=login&a=check
INFO: [ app_init ] --START--
INFO: Run Behavior\BuildLiteBehavior [ RunTime:0.000014s ]
INFO: [ app_init ] --END-- [ RunTime:0.000395s ]
ERR: 无法加载模块:Admin&c=login&a=check

[ 2017-03-17T08:54:50+08:00 ] ::1 /admin&c=login&a=check
INFO: [ app_init ] --START--
INFO: Run Behavior\BuildLiteBehavior [ RunTime:0.000015s ]
INFO: [ app_init ] --END-- [ RunTime:0.000462s ]
ERR: 无法加载模块:Admin&c=login&a=check

[ 2017-03-17T08:54:53+08:00 ] ::1 /signin.css
INFO: [ app_init ] --START--
INFO: Run Behavior\BuildLiteBehavior [ RunTime:0.000014s ]
INFO: [ app_init ] --END-- [ RunTime:0.000391s ]
ERR: 无法加载模块:Signin

[ 2017-03-17T08:54:56+08:00 ] ::1 /signin.css
INFO: [ app_init ] --START--
INFO: Run Behavior\BuildLiteBehavior [ RunTime:0.000017s ]
INFO: [ app_init ] --END-- [ RunTime:0.000441s ]
ERR: 无法加载模块:Signin

[ 2017-03-17T08:55:17+08:00 ] ::1 /favicon.ico
INFO: [ app_init ] --START--
INFO: Run Behavior\BuildLiteBehavior [ RunTime:0.000020s ]
INFO: [ app_init ] --END-- [ RunTime:0.000582s ]
ERR: 无法加载模块:Favicon

[ 2017-03-17T08:55:58+08:00 ] ::1 /signin.css
INFO: [ app_init ] --START--
INFO: Run Behavior\BuildLiteBehavior [ RunTime:0.000013s ]
INFO: [ app_init ] --END-- [ RunTime:0.000386s ]
ERR: 无法加载模块:Signin

[ 2017-03-17T08:56:48+08:00 ] ::1 /signin.css
INFO: [ app_init ] --START--
INFO: Run Behavior\BuildLiteBehavior [ RunTime:0.000021s ]
INFO: [ app_init ] --END-- [ RunTime:0.000418s ]
ERR: 无法加载模块:Signin

[ 2017-03-17T09:01:29+08:00 ] ::1 /signin.css
INFO: [ app_init ] --START--
INFO: Run Behavior\BuildLiteBehavior [ RunTime:0.000018s ]
INFO: [ app_init ] --END-- [ RunTime:0.000404s ]
ERR: 无法加载模块:Signin

[ 2017-03-17T09:01:57+08:00 ] ::1 /signin.css
INFO: [ app_init ] --START--
INFO: Run Behavior\BuildLiteBehavior [ RunTime:0.000023s ]
INFO: [ app_init ] --END-- [ RunTime:0.000599s ]
ERR: 无法加载模块:Signin

[ 2017-03-17T09:03:11+08:00 ] ::1 /signin.css
INFO: [ app_init ] --START--
INFO: Run Behavior\BuildLiteBehavior [ RunTime:0.000021s ]
INFO: [ app_init ] --END-- [ RunTime:0.000569s ]
ERR: 无法加载模块:Signin

[ 2017-03-17T09:03:55+08:00 ] ::1 /signin.css
INFO: [ app_init ] --START--
INFO: Run Behavior\BuildLiteBehavior [ RunTime:0.000023s ]
INFO: [ app_init ] --END-- [ RunTime:0.000869s ]
ERR: 无法加载模块:Signin

[ 2017-03-17T09:04:28+08:00 ] ::1 /signin.css
INFO: [ app_init ] --START--
INFO: Run Behavior\BuildLiteBehavior [ RunTime:0.000022s ]
INFO: [ app_init ] --END-- [ RunTime:0.000615s ]
ERR: 无法加载模块:Signin

[ 2017-03-17T09:04:36+08:00 ] ::1 /signin.css
INFO: [ app_init ] --START--
INFO: Run Behavior\BuildLiteBehavior [ RunTime:0.000014s ]
INFO: [ app_init ] --END-- [ RunTime:0.000423s ]
ERR: 无法加载模块:Signin

[ 2017-03-17T09:09:32+08:00 ] ::1 /signin.css
INFO: [ app_init ] --START--
INFO: Run Behavior\BuildLiteBehavior [ RunTime:0.000016s ]
INFO: [ app_init ] --END-- [ RunTime:0.000548s ]
ERR: 无法加载模块:Signin

[ 2017-03-17T09:10:11+08:00 ] ::1 /signin.css
INFO: [ app_init ] --START--
INFO: Run Behavior\BuildLiteBehavior [ RunTime:0.000021s ]
INFO: [ app_init ] --END-- [ RunTime:0.000588s ]
ERR: 无法加载模块:Signin

[ 2017-03-17T09:10:19+08:00 ] ::1 /signin.css
INFO: [ app_init ] --START--
INFO: Run Behavior\BuildLiteBehavior [ RunTime:0.000015s ]
INFO: [ app_init ] --END-- [ RunTime:0.000417s ]
ERR: 无法加载模块:Signin

[ 2017-03-17T09:11:17+08:00 ] ::1 /signin.css
INFO: [ app_init ] --START--
INFO: Run Behavior\BuildLiteBehavior [ RunTime:0.000012s ]
INFO: [ app_init ] --END-- [ RunTime:0.000395s ]
ERR: 无法加载模块:Signin

[ 2017-03-17T09:11:18+08:00 ] ::1 /signin.css
INFO: [ app_init ] --START--
INFO: Run Behavior\BuildLiteBehavior [ RunTime:0.000023s ]
INFO: [ app_init ] --END-- [ RunTime:0.000880s ]
ERR: 无法加载模块:Signin

[ 2017-03-17T09:14:26+08:00 ] ::1 /signin.css
INFO: [ app_init ] --START--
INFO: Run Behavior\BuildLiteBehavior [ RunTime:0.000019s ]
INFO: [ app_init ] --END-- [ RunTime:0.000441s ]
ERR: 无法加载模块:Signin

[ 2017-03-17T09:16:31+08:00 ] ::1 /signin.css
INFO: [ app_init ] --START--
INFO: Run Behavior\BuildLiteBehavior [ RunTime:0.000021s ]
INFO: [ app_init ] --END-- [ RunTime:0.000520s ]
ERR: 无法加载模块:Signin

[ 2017-03-17T09:17:25+08:00 ] ::1 /signin.css
INFO: [ app_init ] --START--
INFO: Run Behavior\BuildLiteBehavior [ RunTime:0.000019s ]
INFO: [ app_init ] --END-- [ RunTime:0.000871s ]
ERR: 无法加载模块:Signin

[ 2017-03-17T09:18:16+08:00 ] ::1 /signin.css
INFO: [ app_init ] --START--
INFO: Run Behavior\BuildLiteBehavior [ RunTime:0.000014s ]
INFO: [ app_init ] --END-- [ RunTime:0.000407s ]
ERR: 无法加载模块:Signin

[ 2017-03-17T09:19:01+08:00 ] ::1 /signin.css
INFO: [ app_init ] --START--
INFO: Run Behavior\BuildLiteBehavior [ RunTime:0.000014s ]
INFO: [ app_init ] --END-- [ RunTime:0.000416s ]
ERR: 无法加载模块:Signin

[ 2017-03-17T09:21:20+08:00 ] ::1 /signin.css
INFO: [ app_init ] --START--
INFO: Run Behavior\BuildLiteBehavior [ RunTime:0.000015s ]
INFO: [ app_init ] --END-- [ RunTime:0.000444s ]
ERR: 无法加载模块:Signin

[ 2017-03-17T09:22:10+08:00 ] ::1 /signin.css
INFO: [ app_init ] --START--
INFO: Run Behavior\BuildLiteBehavior [ RunTime:0.000053s ]
INFO: [ app_init ] --END-- [ RunTime:0.000899s ]
ERR: 无法加载模块:Signin

[ 2017-03-17T10:34:11+08:00 ] ::1 /signin.css
INFO: [ app_init ] --START--
INFO: Run Behavior\BuildLiteBehavior [ RunTime:0.000040s ]
INFO: [ app_init ] --END-- [ RunTime:0.000776s ]
ERR: 无法加载模块:Signin

[ 2017-03-17T10:34:25+08:00 ] ::1 /signin.css
INFO: [ app_init ] --START--
INFO: Run Behavior\BuildLiteBehavior [ RunTime:0.000014s ]
INFO: [ app_init ] --END-- [ RunTime:0.000387s ]
ERR: 无法加载模块:Signin

[ 2017-03-17T10:42:10+08:00 ] ::1 /signin.css
ERR: 无法加载模块:Signin

[ 2017-03-17T10:43:21+08:00 ] ::1 /signin.css
ERR: 无法加载模块:Signin

[ 2017-03-17T10:43:52+08:00 ] ::1 /signin.css
ERR: 无法加载模块:Signin

[ 2017-03-17T10:43:57+08:00 ] ::1 /signin.css
ERR: 无法加载模块:Signin

[ 2017-03-17T10:44:03+08:00 ] ::1 /admin.php?m=login
ERR: 无法加载模块:Login

[ 2017-03-17T10:44:11+08:00 ] ::1 /admin.php?m=login
ERR: 无法加载模块:Login

[ 2017-03-17T10:44:19+08:00 ] ::1 /admin.php?m=login
ERR: 无法加载模块:Login

[ 2017-03-17T10:44:30+08:00 ] ::1 /signin.css
ERR: 无法加载模块:Signin

[ 2017-03-17T10:46:56+08:00 ] ::1 /signin.css
ERR: 无法加载模块:Signin

[ 2017-03-17T13:51:14+08:00 ] ::1 /signin.css
ERR: 无法加载模块:Signin

[ 2017-03-17T13:51:17+08:00 ] ::1 /signin.css
ERR: 无法加载模块:Signin

[ 2017-03-17T13:52:25+08:00 ] ::1 /signin.css
ERR: 无法加载模块:Signin

[ 2017-03-17T13:52:28+08:00 ] ::1 /signin.css
ERR: 无法加载模块:Signin

[ 2017-03-17T14:50:33+08:00 ] ::1 /favicon.ico
ERR: 无法加载模块:Favicon

[ 2017-03-17T14:51:33+08:00 ] ::1 /favicon.ico
ERR: 无法加载模块:Favicon

[ 2017-03-17T14:51:43+08:00 ] ::1 /favicon.ico
ERR: 无法加载模块:Favicon

[ 2017-03-17T14:51:53+08:00 ] ::1 /favicon.ico
ERR: 无法加载模块:Favicon

[ 2017-03-17T14:52:19+08:00 ] ::1 /favicon.ico
ERR: 无法加载模块:Favicon

[ 2017-03-17T15:02:40+08:00 ] ::1 /favicon.ico
ERR: 无法加载模块:Favicon

[ 2017-03-17T15:02:46+08:00 ] ::1 /favicon.ico
ERR: 无法加载模块:Favicon

[ 2017-03-17T15:03:05+08:00 ] ::1 /favicon.ico
ERR: 无法加载模块:Favicon

[ 2017-03-17T15:03:06+08:00 ] ::1 /favicon.ico
ERR: 无法加载模块:Favicon

[ 2017-03-17T15:03:07+08:00 ] ::1 /favicon.ico
ERR: 无法加载模块:Favicon

[ 2017-03-17T15:04:26+08:00 ] ::1 /favicon.ico
ERR: 无法加载模块:Favicon

[ 2017-03-17T15:05:49+08:00 ] ::1 /favicon.ico
ERR: 无法加载模块:Favicon

[ 2017-03-17T15:05:50+08:00 ] ::1 /favicon.ico
ERR: 无法加载模块:Favicon

[ 2017-03-17T15:34:43+08:00 ] ::1 /favicon.ico
ERR: 无法加载模块:Favicon

[ 2017-03-17T15:35:08+08:00 ] ::1 /favicon.ico
ERR: 无法加载模块:Favicon

[ 2017-03-17T15:35:10+08:00 ] ::1 /favicon.ico
ERR: 无法加载模块:Favicon

[ 2017-03-17T15:35:11+08:00 ] ::1 /favicon.ico
ERR: 无法加载模块:Favicon

