[ 2017-03-22T09:07:08+08:00 ] ::1 /index.php?m=admin&c=login&a=check
INFO: [ app_begin ] --START--
INFO: Run Behavior\ReadHtmlCacheBehavior [ RunTime:0.000932s ]
INFO: [ app_begin ] --END-- [ RunTime:0.001475s ]
SQL: SELECT * FROM `cms_admin` WHERE ( username="admin" ) LIMIT 1   [ RunTime:0.0486s ]

[ 2017-03-22T09:16:57+08:00 ] ::1 /admin.php?c=menu&a=add
INFO: [ app_begin ] --START--
INFO: Run Behavior\ReadHtmlCacheBehavior [ RunTime:0.000560s ]
INFO: [ app_begin ] --END-- [ RunTime:0.000991s ]
SQL: UPDATE `cms_menu` SET `name`='首页',`type`='0',`m`='home',`c`='index',`f`='index',`status`='1' WHERE ( menu_id=31 ) [ RunTime:0.3940s ]

[ 2017-03-22T09:25:16+08:00 ] ::1 /admin.php?c=menu&a=add
INFO: [ app_begin ] --START--
INFO: Run Behavior\ReadHtmlCacheBehavior [ RunTime:0.000590s ]
INFO: [ app_begin ] --END-- [ RunTime:0.001145s ]
SQL: UPDATE `cms_menu` SET `name`='科技',`type`='0',`m`='home',`c`='content',`f`='index',`status`='1' WHERE ( menu_id=30 ) [ RunTime:0.0006s ]

[ 2017-03-22T09:26:34+08:00 ] ::1 /admin.php?c=menu&a=add
INFO: [ app_begin ] --START--
INFO: Run Behavior\ReadHtmlCacheBehavior [ RunTime:0.000555s ]
INFO: [ app_begin ] --END-- [ RunTime:0.001094s ]
SQL: UPDATE `cms_menu` SET `name`='科技',`type`='0',`m`='home',`c`='content',`f`='index',`status`='1' WHERE ( menu_id=30 ) [ RunTime:0.0006s ]

[ 2017-03-22T09:26:42+08:00 ] ::1 /admin.php?c=menu&a=add
INFO: [ app_begin ] --START--
INFO: Run Behavior\ReadHtmlCacheBehavior [ RunTime:0.000745s ]
INFO: [ app_begin ] --END-- [ RunTime:0.001191s ]
SQL: UPDATE `cms_menu` SET `name`='科技',`type`='0',`m`='home',`c`='index',`f`='index',`status`='1' WHERE ( menu_id=30 ) [ RunTime:0.0006s ]

[ 2017-03-22T09:27:13+08:00 ] ::1 /admin.php?c=menu&a=add
INFO: [ app_begin ] --START--
INFO: Run Behavior\ReadHtmlCacheBehavior [ RunTime:0.000577s ]
INFO: [ app_begin ] --END-- [ RunTime:0.001005s ]
SQL: UPDATE `cms_menu` SET `name`='人文',`type`='0',`m`='admin',`c`='admin',`f`='admin',`status`='1' WHERE ( menu_id=32 ) [ RunTime:0.0009s ]

[ 2017-03-22T09:27:58+08:00 ] ::1 /admin.php?c=menu&a=add
INFO: [ app_begin ] --START--
INFO: Run Behavior\ReadHtmlCacheBehavior [ RunTime:0.000915s ]
INFO: [ app_begin ] --END-- [ RunTime:0.001358s ]
SQL: UPDATE `cms_menu` SET `name`='人文1',`type`='0',`m`='home',`c`='admin',`f`='admin',`status`='1' WHERE ( menu_id=32 ) [ RunTime:0.0008s ]

[ 2017-03-22T09:28:18+08:00 ] ::1 /admin.php?c=menu&a=add
INFO: [ app_begin ] --START--
INFO: Run Behavior\ReadHtmlCacheBehavior [ RunTime:0.000486s ]
INFO: [ app_begin ] --END-- [ RunTime:0.000899s ]
SQL: UPDATE `cms_menu` SET `name`='人文1',`type`='0',`m`='home',`c`='admin',`f`='admin',`status`='1' WHERE ( menu_id=32 ) [ RunTime:0.0006s ]

[ 2017-03-22T09:28:22+08:00 ] ::1 /admin.php?c=menu&a=add
INFO: [ app_begin ] --START--
INFO: Run Behavior\ReadHtmlCacheBehavior [ RunTime:0.000985s ]
INFO: [ app_begin ] --END-- [ RunTime:0.001741s ]
SQL: UPDATE `cms_menu` SET `name`='人文1',`type`='0',`m`='home',`c`='admin',`f`='admin',`status`='1' WHERE ( menu_id=32 ) [ RunTime:0.0006s ]

[ 2017-03-22T09:28:25+08:00 ] ::1 /admin.php?c=menu&a=add
INFO: [ app_begin ] --START--
INFO: Run Behavior\ReadHtmlCacheBehavior [ RunTime:0.000578s ]
INFO: [ app_begin ] --END-- [ RunTime:0.001049s ]
SQL: UPDATE `cms_menu` SET `name`='人文',`type`='0',`m`='home',`c`='admin',`f`='admin',`status`='1' WHERE ( menu_id=32 ) [ RunTime:0.0006s ]

[ 2017-03-22T09:29:57+08:00 ] ::1 /admin.php?c=menu&a=add
INFO: [ app_begin ] --START--
INFO: Run Behavior\ReadHtmlCacheBehavior [ RunTime:0.000463s ]
INFO: [ app_begin ] --END-- [ RunTime:0.000920s ]
SQL: UPDATE `cms_menu` SET `name`='科技',`type`='0',`m`='home',`c`='index',`f`='index',`status`='1' WHERE ( menu_id=30 ) [ RunTime:0.0006s ]

[ 2017-03-22T09:32:59+08:00 ] ::1 /admin.php?c=menu&a=add
INFO: [ app_begin ] --START--
INFO: Run Behavior\ReadHtmlCacheBehavior [ RunTime:0.000564s ]
INFO: [ app_begin ] --END-- [ RunTime:0.000992s ]
NOTIC: [8] Undefined index: menu_id D:\phpStudy\WWW\ThinkPHP-for-Web\Apps\Admin\Controller\MenuController.class.php 第 53 行.
SQL: INSERT INTO `cms_menu` (`name`,`type`,`m`,`c`,`f`,`status`) VALUES ('体育','0','home','index','index','1') [ RunTime:0.0588s ]

[ 2017-03-22T09:33:34+08:00 ] ::1 /admin.php?c=menu&a=add
INFO: [ app_begin ] --START--
INFO: Run Behavior\ReadHtmlCacheBehavior [ RunTime:0.000598s ]
INFO: [ app_begin ] --END-- [ RunTime:0.001022s ]
NOTIC: [8] Undefined index: menu_id D:\phpStudy\WWW\ThinkPHP-for-Web\Apps\Admin\Controller\MenuController.class.php 第 53 行.
SQL: INSERT INTO `cms_menu` (`name`,`type`,`m`,`c`,`f`,`status`) VALUES ('汽车','0','home','car','index','1') [ RunTime:0.0006s ]

[ 2017-03-22T09:33:53+08:00 ] ::1 /admin.php?c=menu&a=add
INFO: [ app_begin ] --START--
INFO: Run Behavior\ReadHtmlCacheBehavior [ RunTime:0.000569s ]
INFO: [ app_begin ] --END-- [ RunTime:0.001005s ]
SQL: UPDATE `cms_menu` SET `name`='体育',`type`='0',`m`='home',`c`='physical',`f`='index',`status`='1' WHERE ( menu_id=35 ) [ RunTime:0.0008s ]

[ 2017-03-22T09:34:15+08:00 ] ::1 /admin.php?c=menu&a=add
INFO: [ app_begin ] --START--
INFO: Run Behavior\ReadHtmlCacheBehavior [ RunTime:0.000738s ]
INFO: [ app_begin ] --END-- [ RunTime:0.001208s ]
SQL: UPDATE `cms_menu` SET `name`='科技',`type`='0',`m`='home',`c`='science',`f`='index',`status`='1' WHERE ( menu_id=30 ) [ RunTime:0.0007s ]

[ 2017-03-22T09:34:37+08:00 ] ::1 /admin.php?c=menu&a=add
INFO: [ app_begin ] --START--
INFO: Run Behavior\ReadHtmlCacheBehavior [ RunTime:0.000680s ]
INFO: [ app_begin ] --END-- [ RunTime:0.001292s ]
SQL: UPDATE `cms_menu` SET `name`='人文',`type`='0',`m`='home',`c`='cultural',`f`='admin',`status`='1' WHERE ( menu_id=32 ) [ RunTime:0.0011s ]

[ 2017-03-22T09:57:22+08:00 ] ::1 /admin.php?c=basic&a=add
INFO: [ app_begin ] --START--
INFO: Run Behavior\ReadHtmlCacheBehavior [ RunTime:0.000558s ]
INFO: [ app_begin ] --END-- [ RunTime:0.000996s ]

[ 2017-03-22T09:57:46+08:00 ] ::1 /admin.php?c=menu&a=listorder
INFO: [ app_begin ] --START--
INFO: Run Behavior\ReadHtmlCacheBehavior [ RunTime:0.000619s ]
INFO: [ app_begin ] --END-- [ RunTime:0.001224s ]
SQL: UPDATE `cms_menu` SET `listorder`='0' WHERE ( menu_id=35 ) [ RunTime:0.0006s ]
SQL: UPDATE `cms_menu` SET `listorder`='0' WHERE ( menu_id=36 ) [ RunTime:0.0004s ]
SQL: UPDATE `cms_menu` SET `listorder`='0' WHERE ( menu_id=31 ) [ RunTime:0.0007s ]
SQL: UPDATE `cms_menu` SET `listorder`='3' WHERE ( menu_id=30 ) [ RunTime:0.0004s ]
SQL: UPDATE `cms_menu` SET `listorder`='12' WHERE ( menu_id=32 ) [ RunTime:0.0004s ]
SQL: UPDATE `cms_menu` SET `listorder`='0' WHERE ( menu_id=1 ) [ RunTime:0.0005s ]
SQL: UPDATE `cms_menu` SET `listorder`='0' WHERE ( menu_id=34 ) [ RunTime:0.0004s ]
SQL: UPDATE `cms_menu` SET `listorder`='1' WHERE ( menu_id=28 ) [ RunTime:0.0004s ]
SQL: UPDATE `cms_menu` SET `listorder`='2' WHERE ( menu_id=29 ) [ RunTime:0.0003s ]
SQL: UPDATE `cms_menu` SET `listorder`='3' WHERE ( menu_id=33 ) [ RunTime:0.0004s ]

[ 2017-03-22T10:19:20+08:00 ] ::1 /admin.php?c=positioncontent&a=del
INFO: [ app_begin ] --START--
INFO: Run Behavior\ReadHtmlCacheBehavior [ RunTime:0.000563s ]
INFO: [ app_begin ] --END-- [ RunTime:0.000995s ]
SQL: UPDATE `cms_position_content` SET `status`='-1' WHERE ( id=13 ) [ RunTime:0.0008s ]

[ 2017-03-22T10:19:43+08:00 ] ::1 /admin.php?c=positioncontent&a=add
INFO: [ app_begin ] --START--
INFO: Run Behavior\ReadHtmlCacheBehavior [ RunTime:0.001525s ]
INFO: [ app_begin ] --END-- [ RunTime:0.002153s ]
SQL: UPDATE `cms_position_content` SET `title`='1232',`position_id`='1',`thumb`='./Apps/upload/2017/03/22/58d1df3956c1f.jpg',`url`='/',`news_id`='11',`status`='1' WHERE ( id=12 ) [ RunTime:0.0007s ]

[ 2017-03-22T10:39:50+08:00 ] ::1 /admin.php?c=positioncontent&a=add
INFO: [ app_begin ] --START--
INFO: Run Behavior\ReadHtmlCacheBehavior [ RunTime:0.001123s ]
INFO: [ app_begin ] --END-- [ RunTime:0.001587s ]
SQL: UPDATE `cms_position_content` SET `title`='123',`position_id`='3',`thumb`='./Apps/upload/2017/03/22/58d1e3f2316d1.jpg',`url`='1',`news_id`='12',`status`='1' WHERE ( id=15 ) [ RunTime:0.0127s ]

[ 2017-03-22T10:40:06+08:00 ] ::1 /admin.php?c=positioncontent&a=add
INFO: [ app_begin ] --START--
INFO: Run Behavior\ReadHtmlCacheBehavior [ RunTime:0.000918s ]
INFO: [ app_begin ] --END-- [ RunTime:0.001287s ]
SQL: UPDATE `cms_position_content` SET `title`='1232',`position_id`='3',`thumb`='./Apps/upload/2017/03/22/58d1e404b3614.jpg',`url`='',`news_id`='11',`status`='1' WHERE ( id=14 ) [ RunTime:0.0007s ]

[ 2017-03-22T10:44:53+08:00 ] ::1 /admin.php?c=positioncontent&a=del
INFO: [ app_begin ] --START--
INFO: Run Behavior\ReadHtmlCacheBehavior [ RunTime:0.001125s ]
INFO: [ app_begin ] --END-- [ RunTime:0.001675s ]
SQL: UPDATE `cms_position_content` SET `status`='1' WHERE ( id=16 ) [ RunTime:0.0007s ]

[ 2017-03-22T11:21:21+08:00 ] ::1 /admin.php?c=content&a=add
INFO: [ app_begin ] --START--
INFO: Run Behavior\ReadHtmlCacheBehavior [ RunTime:0.001110s ]
INFO: [ app_begin ] --END-- [ RunTime:0.001548s ]
SQL: UPDATE `cms_news` SET `title`='12321',`small_title`='123213',`thumb`='./Apps/upload/2017/03/22/58d1edac3ae59.jpg',`title_font_color`='#5674ed',`catid`='30',`copyfrom`='0',`description`='213',`keywords`='21312',`update_time`='1490152880' WHERE ( news_id=9 ) [ RunTime:0.0011s ]
SQL: UPDATE `cms_news_content` SET `content`='123213',`update_time`='1490152881' WHERE ( news_id=9 ) [ RunTime:0.0007s ]

[ 2017-03-22T11:22:18+08:00 ] ::1 /admin.php?c=basic&a=add
INFO: [ app_begin ] --START--
INFO: Run Behavior\ReadHtmlCacheBehavior [ RunTime:0.000464s ]
INFO: [ app_begin ] --END-- [ RunTime:0.000839s ]

[ 2017-03-22T11:22:41+08:00 ] ::1 /admin.php?c=content&a=add
INFO: [ app_begin ] --START--
INFO: Run Behavior\ReadHtmlCacheBehavior [ RunTime:0.002838s ]
INFO: [ app_begin ] --END-- [ RunTime:0.003803s ]
SQL: UPDATE `cms_news` SET `title`='1232',`small_title`='132131',`thumb`='./Apps/upload/2017/03/22/58d1edfcad103.jpg',`title_font_color`='#5674ed',`catid`='31',`copyfrom`='0',`description`='31212',`keywords`='32123',`update_time`='1490152960' WHERE ( news_id=11 ) [ RunTime:0.0007s ]
SQL: UPDATE `cms_news_content` SET `content`='123123',`update_time`='1490152961' WHERE ( news_id=11 ) [ RunTime:0.0005s ]

[ 2017-03-22T11:24:38+08:00 ] ::1 /admin.php?c=content&a=add
INFO: [ app_begin ] --START--
INFO: Run Behavior\ReadHtmlCacheBehavior [ RunTime:0.000939s ]
INFO: [ app_begin ] --END-- [ RunTime:0.001345s ]
SQL: UPDATE `cms_news` SET `title`='123',`small_title`='123213123',`thumb`='./Apps/upload/2017/03/22/58d1ee741cbbe.jpg',`title_font_color`='#5674ed',`catid`='31',`copyfrom`='0',`description`='3213',`keywords`='312',`update_time`='1490153077' WHERE ( news_id=12 ) [ RunTime:0.0004s ]
SQL: UPDATE `cms_news_content` SET `content`='132312312132312',`update_time`='1490153078' WHERE ( news_id=12 ) [ RunTime:0.0002s ]

[ 2017-03-22T11:43:59+08:00 ] ::1 /admin.php?c=position&a=add
INFO: [ app_begin ] --START--
INFO: Run Behavior\ReadHtmlCacheBehavior [ RunTime:0.000712s ]
INFO: [ app_begin ] --END-- [ RunTime:0.001318s ]
SQL: INSERT INTO `cms_position` (`name`,`description`,`status`,`create_time`) VALUES ('广告位','放广告','1','1490154238') [ RunTime:0.0008s ]

[ 2017-03-22T11:46:28+08:00 ] ::1 /admin.php?c=content&a=push
INFO: [ app_begin ] --START--
INFO: Run Behavior\ReadHtmlCacheBehavior [ RunTime:0.000592s ]
INFO: [ app_begin ] --END-- [ RunTime:0.001263s ]
SQL: SELECT * FROM `cms_news` WHERE `status` <> -1 AND `news_id` = 11 LIMIT 1   [ RunTime:0.0009s ]
SQL: INSERT INTO `cms_position_content` (`news_id`,`title`,`thumb`,`listorder`,`status`,`create_time`,`update_time`,`position_id`) VALUES ('11','1232','./Apps/upload/2017/03/22/58d1edfcad103.jpg','1','1','1490154388','1490152960','4') [ RunTime:0.0007s ]
SQL: SELECT * FROM `cms_news` WHERE `status` <> -1 AND `news_id` = 12 LIMIT 1   [ RunTime:0.0005s ]
SQL: INSERT INTO `cms_position_content` (`news_id`,`title`,`thumb`,`listorder`,`status`,`create_time`,`update_time`,`position_id`) VALUES ('12','123','./Apps/upload/2017/03/22/58d1ee741cbbe.jpg','1','1','1490154388','1490153077','4') [ RunTime:0.0004s ]

[ 2017-03-22T12:14:21+08:00 ] ::1 /admin.php?c=content&a=add
INFO: [ app_begin ] --START--
INFO: Run Behavior\ReadHtmlCacheBehavior [ RunTime:0.000589s ]
INFO: [ app_begin ] --END-- [ RunTime:0.001043s ]
SQL: UPDATE `cms_news` SET `title`='12321',`small_title`='1232112321123211232112321123211232112321123211232112321123211232112321',`thumb`='./Apps/upload/2017/03/22/58d1edac3ae59.jpg',`title_font_color`='#5674ed',`catid`='30',`copyfrom`='0',`description`='213',`keywords`='21312',`update_time`='1490156060' WHERE ( news_id=9 ) [ RunTime:0.0023s ]
SQL: UPDATE `cms_news_content` SET `content`='123213',`update_time`='1490156061' WHERE ( news_id=9 ) [ RunTime:0.0007s ]

[ 2017-03-22T12:26:42+08:00 ] ::1 /admin.php?c=content&a=add
INFO: [ app_begin ] --START--
INFO: Run Behavior\ReadHtmlCacheBehavior [ RunTime:0.000959s ]
INFO: [ app_begin ] --END-- [ RunTime:0.001387s ]
SQL: UPDATE `cms_news` SET `title`='12321',`small_title`='123211232112321123211232112321',`thumb`='./Apps/upload/2017/03/22/58d1edac3ae59.jpg',`title_font_color`='#5674ed',`catid`='30',`copyfrom`='0',`description`='213',`keywords`='21312',`update_time`='1490156801' WHERE ( news_id=9 ) [ RunTime:0.0009s ]
SQL: UPDATE `cms_news_content` SET `content`='123213',`update_time`='1490156802' WHERE ( news_id=9 ) [ RunTime:0.0005s ]

[ 2017-03-22T15:11:26+08:00 ] ::1 /admin.php?c=content&a=add
INFO: [ app_begin ] --START--
INFO: Run Behavior\ReadHtmlCacheBehavior [ RunTime:0.002948s ]
INFO: [ app_begin ] --END-- [ RunTime:0.003901s ]
NOTIC: [8] Undefined index: news_id D:\phpStudy\WWW\ThinkPHP-for-Web\Apps\Admin\Controller\ContentController.class.php 第 45 行.
SQL: INSERT INTO `cms_news` (`title`,`small_title`,`thumb`,`title_font_color`,`catid`,`copyfrom`,`description`,`keywords`,`create_time`,`username`) VALUES ('这是体育测试','这是体育测试1111','./Apps/upload/2017/03/22/58d2238cbbb1f.jpg','#5674ed','35','0','这是体育测试','这是体育测试','1490166685','admin') [ RunTime:0.0008s ]
SQL: INSERT INTO `cms_news_content` (`content`,`news_id`,`create_time`) VALUES ('这是体育测试这是体育测试这是体育测试这是体育测试这是体育测试这是体育测试这是体育测试这是体育测试这是体育测试这是体育测试这是体育测试这是体育测试','13','1490166686') [ RunTime:0.0016s ]

[ 2017-03-22T15:11:59+08:00 ] ::1 /admin.php?c=content&a=add
INFO: [ app_begin ] --START--
INFO: Run Behavior\ReadHtmlCacheBehavior [ RunTime:0.002832s ]
INFO: [ app_begin ] --END-- [ RunTime:0.003864s ]
NOTIC: [8] Undefined index: news_id D:\phpStudy\WWW\ThinkPHP-for-Web\Apps\Admin\Controller\ContentController.class.php 第 45 行.
SQL: INSERT INTO `cms_news` (`title`,`small_title`,`thumb`,`title_font_color`,`catid`,`copyfrom`,`description`,`keywords`,`create_time`,`username`) VALUES ('这是体这是体育测试育测试','这是体育测这是体育测试试','./Apps/upload/2017/03/22/58d223b602858.jpg','#ed568b','35','2','这是体育测试','这是体育测试','1490166718','admin') [ RunTime:0.0003s ]
SQL: INSERT INTO `cms_news_content` (`content`,`news_id`,`create_time`) VALUES ('这是体育测试这是体育测试','14','1490166719') [ RunTime:0.0119s ]

[ 2017-03-22T15:32:56+08:00 ] ::1 /admin.php?c=content&a=add
INFO: [ app_begin ] --START--
INFO: Run Behavior\ReadHtmlCacheBehavior [ RunTime:0.001041s ]
INFO: [ app_begin ] --END-- [ RunTime:0.001692s ]
NOTIC: [8] Undefined index: news_id D:\phpStudy\WWW\ThinkPHP-for-Web\Apps\Admin\Controller\ContentController.class.php 第 45 行.
SQL: INSERT INTO `cms_news` (`title`,`small_title`,`thumb`,`title_font_color`,`catid`,`copyfrom`,`description`,`keywords`,`create_time`,`username`) VALUES ('广告位测试','广告位测试','./Apps/upload/2017/03/22/58d2289dd02f1.jpg','#ed568b','31','0','广告位测试','广告位测试','1490167975','admin') [ RunTime:0.0009s ]
SQL: INSERT INTO `cms_news_content` (`content`,`news_id`,`create_time`) VALUES ('广告位测试','15','1490167976') [ RunTime:0.0018s ]

[ 2017-03-22T15:33:05+08:00 ] ::1 /admin.php?c=content&a=push
INFO: [ app_begin ] --START--
INFO: Run Behavior\ReadHtmlCacheBehavior [ RunTime:0.000842s ]
INFO: [ app_begin ] --END-- [ RunTime:0.001373s ]
SQL: SELECT * FROM `cms_news` WHERE `status` <> -1 AND `news_id` = 15 LIMIT 1   [ RunTime:0.0007s ]
SQL: INSERT INTO `cms_position_content` (`news_id`,`title`,`thumb`,`listorder`,`status`,`create_time`,`update_time`,`position_id`) VALUES ('15','广告位测试','./Apps/upload/2017/03/22/58d2289dd02f1.jpg','0','1','1490167985','0','4') [ RunTime:0.0006s ]

[ 2017-03-22T15:35:04+08:00 ] ::1 /admin.php?c=content&a=push
INFO: [ app_begin ] --START--
INFO: Run Behavior\ReadHtmlCacheBehavior [ RunTime:0.001112s ]
INFO: [ app_begin ] --END-- [ RunTime:0.001654s ]
SQL: SELECT * FROM `cms_news` WHERE `status` <> -1 AND `news_id` = 15 LIMIT 1   [ RunTime:0.0009s ]
SQL: INSERT INTO `cms_position_content` (`news_id`,`title`,`thumb`,`listorder`,`status`,`create_time`,`update_time`,`position_id`) VALUES ('15','广告位测试','./Apps/upload/2017/03/22/58d2289dd02f1.jpg','0','1','1490168104','0','4') [ RunTime:0.0005s ]

[ 2017-03-22T16:54:54+08:00 ] ::1 /admin.php?c=content&a=add
INFO: [ app_begin ] --START--
INFO: Run Behavior\ReadHtmlCacheBehavior [ RunTime:0.001445s ]
INFO: [ app_begin ] --END-- [ RunTime:0.001891s ]
NOTIC: [8] Undefined index: count D:\phpStudy\WWW\ThinkPHP-for-Web\Apps\Common\Model\NewsModel.class.php 第 90 行.
SQL: UPDATE `cms_news` SET `title`='广告位测试',`small_title`='广告位测试12',`thumb`='./Apps/upload/2017/03/22/58d2289dd02f1.jpg',`title_font_color`='#ed568b',`catid`='31',`copyfrom`='0',`description`='广告位测试',`keywords`='广告位测试',`update_time`='1490172893' WHERE ( news_id=15 ) [ RunTime:0.0010s ]
SQL: UPDATE `cms_news_content` SET `content`='123123',`update_time`='1490172894' WHERE ( news_id=15 ) [ RunTime:0.0006s ]

