[ 2017-03-23T09:06:01+08:00 ] ::1 /index.php?m=admin&c=login&a=check
INFO: [ app_begin ] --START--
INFO: Run Behavior\ReadHtmlCacheBehavior [ RunTime:0.000464s ]
INFO: [ app_begin ] --END-- [ RunTime:0.000884s ]
SQL: SELECT * FROM `cms_admin` WHERE ( username="admin" ) LIMIT 1   [ RunTime:0.0557s ]

[ 2017-03-23T10:47:34+08:00 ] ::1 /admin.php?c=basic&a=add
INFO: [ app_begin ] --START--
INFO: Run Behavior\ReadHtmlCacheBehavior [ RunTime:0.001058s ]
INFO: [ app_begin ] --END-- [ RunTime:0.001986s ]

[ 2017-03-23T13:27:37+08:00 ] ::1 /admin.php?c=basic&a=add
INFO: [ app_begin ] --START--
INFO: Run Behavior\ReadHtmlCacheBehavior [ RunTime:0.000683s ]
INFO: [ app_begin ] --END-- [ RunTime:0.001126s ]

[ 2017-03-23T13:38:00+08:00 ] ::1 /admin.php?c=menu&a=add
INFO: [ app_begin ] --START--
INFO: Run Behavior\ReadHtmlCacheBehavior [ RunTime:0.000695s ]
INFO: [ app_begin ] --END-- [ RunTime:0.001128s ]
NOTIC: [8] Undefined index: menu_id D:\phpStudy\WWW\ThinkPHP-for-Web\Apps\Admin\Controller\MenuController.class.php 第 53 行.
SQL: INSERT INTO `cms_menu` (`name`,`type`,`m`,`c`,`f`,`status`) VALUES ('用户管理','1','admin','index','index','1') [ RunTime:0.0167s ]

[ 2017-03-23T13:38:31+08:00 ] ::1 /admin.php?c=menu&a=add
INFO: [ app_begin ] --START--
INFO: Run Behavior\ReadHtmlCacheBehavior [ RunTime:0.000719s ]
INFO: [ app_begin ] --END-- [ RunTime:0.001164s ]
SQL: UPDATE `cms_menu` SET `name`='用户管理',`type`='1',`m`='admin',`c`='admin',`f`='index',`status`='1' WHERE ( menu_id=37 ) [ RunTime:0.0004s ]

[ 2017-03-23T13:38:34+08:00 ] ::1 /admin.php?c=admin&a=index
ERR: 无法加载控制器:Admin

[ 2017-03-23T13:41:17+08:00 ] ::1 /admin.php?c=admin&a=add
INFO: [ app_begin ] --START--
INFO: Run Behavior\ReadHtmlCacheBehavior [ RunTime:0.000696s ]
INFO: [ app_begin ] --END-- [ RunTime:0.001132s ]
INFO: [ view_parse ] --START--
INFO: [ template_filter ] --START--
INFO: Run Behavior\ContentReplaceBehavior [ RunTime:0.000060s ]
INFO: [ template_filter ] --END-- [ RunTime:0.000122s ]
SQL: SELECT * FROM `cms_menu` WHERE `status` <> -1 AND `type` = 1 ORDER BY listorder,menu_id   [ RunTime:0.0009s ]
INFO: Run Behavior\ParseTemplateBehavior [ RunTime:1.050855s ]
INFO: [ view_parse ] --END-- [ RunTime:1.050980s ]
INFO: [ view_filter ] --START--
INFO: Run Behavior\WriteHtmlCacheBehavior [ RunTime:0.001716s ]
INFO: [ view_filter ] --END-- [ RunTime:0.001806s ]
INFO: [ app_end ] --START--
INFO: Run Behavior\ShowPageTraceBehavior [ RunTime:0.002114s ]
INFO: [ app_end ] --END-- [ RunTime:0.002217s ]

[ 2017-03-23T13:42:41+08:00 ] ::1 /admin.php?c=admin&a=add
INFO: [ app_begin ] --START--
INFO: Run Behavior\ReadHtmlCacheBehavior [ RunTime:0.000884s ]
INFO: [ app_begin ] --END-- [ RunTime:0.001366s ]
INFO: [ app_end ] --START--
INFO: Run Behavior\ShowPageTraceBehavior [ RunTime:0.001125s ]
INFO: [ app_end ] --END-- [ RunTime:0.001235s ]

[ 2017-03-23T13:42:44+08:00 ] ::1 /admin.php?c=admin&a=add
INFO: [ app_begin ] --START--
INFO: Run Behavior\ReadHtmlCacheBehavior [ RunTime:0.000777s ]
INFO: [ app_begin ] --END-- [ RunTime:0.001361s ]
INFO: [ app_end ] --START--
INFO: Run Behavior\ShowPageTraceBehavior [ RunTime:0.001005s ]
INFO: [ app_end ] --END-- [ RunTime:0.001061s ]

[ 2017-03-23T13:43:25+08:00 ] ::1 /admin.php?c=admin&a=add
INFO: [ app_begin ] --START--
INFO: Run Behavior\ReadHtmlCacheBehavior [ RunTime:0.001006s ]
INFO: [ app_begin ] --END-- [ RunTime:0.001600s ]
INFO: [ view_parse ] --START--
INFO: [ template_filter ] --START--
INFO: Run Behavior\ContentReplaceBehavior [ RunTime:0.000050s ]
INFO: [ template_filter ] --END-- [ RunTime:0.000096s ]
SQL: SELECT * FROM `cms_menu` WHERE `status` <> -1 AND `type` = 1 ORDER BY listorder,menu_id   [ RunTime:0.0005s ]
INFO: Run Behavior\ParseTemplateBehavior [ RunTime:1.023479s ]
INFO: [ view_parse ] --END-- [ RunTime:1.023569s ]
INFO: [ view_filter ] --START--
INFO: Run Behavior\WriteHtmlCacheBehavior [ RunTime:0.001140s ]
INFO: [ view_filter ] --END-- [ RunTime:0.001208s ]
INFO: [ app_end ] --START--
INFO: Run Behavior\ShowPageTraceBehavior [ RunTime:0.001161s ]
INFO: [ app_end ] --END-- [ RunTime:0.001216s ]

[ 2017-03-23T13:43:52+08:00 ] ::1 /admin.php?c=admin&a=add
INFO: [ app_begin ] --START--
INFO: Run Behavior\ReadHtmlCacheBehavior [ RunTime:0.000768s ]
INFO: [ app_begin ] --END-- [ RunTime:0.001229s ]
INFO: [ view_parse ] --START--
INFO: [ template_filter ] --START--
INFO: Run Behavior\ContentReplaceBehavior [ RunTime:0.000048s ]
INFO: [ template_filter ] --END-- [ RunTime:0.000094s ]
SQL: SELECT * FROM `cms_menu` WHERE `status` <> -1 AND `type` = 1 ORDER BY listorder,menu_id   [ RunTime:0.0008s ]
INFO: Run Behavior\ParseTemplateBehavior [ RunTime:1.045760s ]
INFO: [ view_parse ] --END-- [ RunTime:1.045864s ]
INFO: [ view_filter ] --START--
INFO: Run Behavior\WriteHtmlCacheBehavior [ RunTime:0.001237s ]
INFO: [ view_filter ] --END-- [ RunTime:0.001295s ]
INFO: [ app_end ] --START--
INFO: Run Behavior\ShowPageTraceBehavior [ RunTime:0.001048s ]
INFO: [ app_end ] --END-- [ RunTime:0.001099s ]

[ 2017-03-23T13:44:12+08:00 ] ::1 /admin.php?c=admin&a=add
INFO: [ app_begin ] --START--
INFO: Run Behavior\ReadHtmlCacheBehavior [ RunTime:0.000753s ]
INFO: [ app_begin ] --END-- [ RunTime:0.001192s ]
INFO: [ app_end ] --START--
INFO: Run Behavior\ShowPageTraceBehavior [ RunTime:0.000855s ]
INFO: [ app_end ] --END-- [ RunTime:0.000909s ]

[ 2017-03-23T13:44:39+08:00 ] ::1 /admin.php?c=admin&a=add
INFO: [ app_begin ] --START--
INFO: Run Behavior\ReadHtmlCacheBehavior [ RunTime:0.000920s ]
INFO: [ app_begin ] --END-- [ RunTime:0.001487s ]

[ 2017-03-23T13:54:05+08:00 ] ::1 /admin.php?c=admin&a=add
INFO: [ app_begin ] --START--
INFO: Run Behavior\ReadHtmlCacheBehavior [ RunTime:0.000773s ]
INFO: [ app_begin ] --END-- [ RunTime:0.001228s ]
SQL: INSERT INTO `cms_admin` (`username`,`password`,`realname`) VALUES ('test','51a5a89777a540a4e9f69e53ec85fed2','产品') [ RunTime:0.0009s ]

[ 2017-03-23T13:54:25+08:00 ] ::1 /index.php?m=admin&c=login&a=check
INFO: [ app_begin ] --START--
INFO: Run Behavior\ReadHtmlCacheBehavior [ RunTime:0.000955s ]
INFO: [ app_begin ] --END-- [ RunTime:0.001589s ]
SQL: SELECT * FROM `cms_admin` WHERE ( username="test" ) LIMIT 1   [ RunTime:0.0008s ]

[ 2017-03-23T13:54:36+08:00 ] ::1 /index.php?m=admin&c=login&a=check
INFO: [ app_begin ] --START--
INFO: Run Behavior\ReadHtmlCacheBehavior [ RunTime:0.000698s ]
INFO: [ app_begin ] --END-- [ RunTime:0.001134s ]
SQL: SELECT * FROM `cms_admin` WHERE ( username="test" ) LIMIT 1   [ RunTime:0.0009s ]

[ 2017-03-23T13:56:03+08:00 ] ::1 /index.php?m=admin&c=login&a=check
INFO: [ app_begin ] --START--
INFO: Run Behavior\ReadHtmlCacheBehavior [ RunTime:0.001058s ]
INFO: [ app_begin ] --END-- [ RunTime:0.002178s ]
SQL: SELECT * FROM `cms_admin` WHERE ( username="admin" ) LIMIT 1   [ RunTime:0.0007s ]

[ 2017-03-23T13:56:19+08:00 ] ::1 /admin.php?c=admin&a=add
INFO: [ app_begin ] --START--
INFO: Run Behavior\ReadHtmlCacheBehavior [ RunTime:0.000689s ]
INFO: [ app_begin ] --END-- [ RunTime:0.001095s ]
SQL: INSERT INTO `cms_admin` (`username`,`password`,`realname`) VALUES ('test','4d753f48cc81c94ca8c84dfba82e42d5','陈鹏杰') [ RunTime:0.0006s ]

[ 2017-03-23T13:56:28+08:00 ] ::1 /index.php?m=admin&c=login&a=check
INFO: [ app_begin ] --START--
INFO: Run Behavior\ReadHtmlCacheBehavior [ RunTime:0.000707s ]
INFO: [ app_begin ] --END-- [ RunTime:0.001169s ]
SQL: SELECT * FROM `cms_admin` WHERE ( username="test" ) LIMIT 1   [ RunTime:0.0008s ]

[ 2017-03-23T14:00:29+08:00 ] ::1 /admin.php?c=admin&a=index
INFO: [ app_begin ] --START--
INFO: Run Behavior\ReadHtmlCacheBehavior [ RunTime:0.000698s ]
INFO: [ app_begin ] --END-- [ RunTime:0.001134s ]
SQL: SELECT * FROM `cms_admin` WHERE `status` = 1  [ RunTime:0.0009s ]
INFO: [ view_parse ] --START--
INFO: [ template_filter ] --START--
INFO: Run Behavior\ContentReplaceBehavior [ RunTime:0.000136s ]
INFO: [ template_filter ] --END-- [ RunTime:0.000235s ]
SQL: SELECT * FROM `cms_menu` WHERE `status` <> -1 AND `type` = 1 ORDER BY listorder,menu_id   [ RunTime:0.0008s ]
NOTIC: [8] Array to string conversion D:\phpStudy\WWW\ThinkPHP-for-Web\Apps\Runtime\Cache\Admin\3d4d6bb10505c55ffdfbeb84cdc09928.php 第 104 行.
INFO: Run Behavior\ParseTemplateBehavior [ RunTime:0.031354s ]
INFO: [ view_parse ] --END-- [ RunTime:0.031480s ]
INFO: [ view_filter ] --START--
INFO: Run Behavior\WriteHtmlCacheBehavior [ RunTime:0.001463s ]
INFO: [ view_filter ] --END-- [ RunTime:0.001555s ]
INFO: [ app_end ] --START--
INFO: Run Behavior\ShowPageTraceBehavior [ RunTime:0.001974s ]
INFO: [ app_end ] --END-- [ RunTime:0.002063s ]

[ 2017-03-23T14:01:24+08:00 ] ::1 /admin.php?c=admin&a=index
INFO: [ app_begin ] --START--
INFO: Run Behavior\ReadHtmlCacheBehavior [ RunTime:0.000642s ]
INFO: [ app_begin ] --END-- [ RunTime:0.001018s ]
SQL: SELECT * FROM `cms_admin` WHERE `status` = 1  [ RunTime:0.0010s ]
INFO: [ view_parse ] --START--
INFO: [ template_filter ] --START--
INFO: Run Behavior\ContentReplaceBehavior [ RunTime:0.000124s ]
INFO: [ template_filter ] --END-- [ RunTime:0.000234s ]
SQL: SELECT * FROM `cms_menu` WHERE `status` <> -1 AND `type` = 1 ORDER BY listorder,menu_id   [ RunTime:0.0004s ]
NOTIC: [8] Array to string conversion D:\phpStudy\WWW\ThinkPHP-for-Web\Apps\Runtime\Cache\Admin\3d4d6bb10505c55ffdfbeb84cdc09928.php 第 104 行.
INFO: Run Behavior\ParseTemplateBehavior [ RunTime:0.108796s ]
INFO: [ view_parse ] --END-- [ RunTime:0.108933s ]
INFO: [ view_filter ] --START--
INFO: Run Behavior\WriteHtmlCacheBehavior [ RunTime:0.000907s ]
INFO: [ view_filter ] --END-- [ RunTime:0.000966s ]
INFO: [ app_end ] --START--
INFO: Run Behavior\ShowPageTraceBehavior [ RunTime:0.000892s ]
INFO: [ app_end ] --END-- [ RunTime:0.000939s ]

[ 2017-03-23T14:01:29+08:00 ] ::1 /admin.php?c=admin&a=del
INFO: [ app_begin ] --START--
INFO: Run Behavior\ReadHtmlCacheBehavior [ RunTime:0.000690s ]
INFO: [ app_begin ] --END-- [ RunTime:0.001233s ]
ERR: 非法操作:del

[ 2017-03-23T14:09:16+08:00 ] ::1 /admin.php?c=admin&a=del
INFO: [ app_begin ] --START--
INFO: Run Behavior\ReadHtmlCacheBehavior [ RunTime:0.001312s ]
INFO: [ app_begin ] --END-- [ RunTime:0.001954s ]
SQL: UPDATE `cms_admin` SET `status`='-1' WHERE `admin_id` = 1 [ RunTime:0.0011s ]

[ 2017-03-23T14:09:30+08:00 ] ::1 /admin.php?c=admin&a=del
INFO: [ app_begin ] --START--
INFO: Run Behavior\ReadHtmlCacheBehavior [ RunTime:0.000723s ]
INFO: [ app_begin ] --END-- [ RunTime:0.001169s ]
SQL: UPDATE `cms_admin` SET `status`='-1' WHERE `admin_id` = 3 [ RunTime:0.0006s ]

[ 2017-03-23T14:10:56+08:00 ] ::1 /admin.php?c=admin&a=del
INFO: [ app_begin ] --START--
INFO: Run Behavior\ReadHtmlCacheBehavior [ RunTime:0.000689s ]
INFO: [ app_begin ] --END-- [ RunTime:0.001121s ]
SQL: UPDATE `cms_admin` SET `status`='-1' WHERE `admin_id` = 3 [ RunTime:0.0005s ]

[ 2017-03-23T14:11:21+08:00 ] ::1 /admin.php?c=admin&a=del
INFO: [ app_begin ] --START--
INFO: Run Behavior\ReadHtmlCacheBehavior [ RunTime:0.000577s ]
INFO: [ app_begin ] --END-- [ RunTime:0.000979s ]
SQL: UPDATE `cms_admin` SET `status`='-1' WHERE `admin_id` = 3 [ RunTime:0.0007s ]

[ 2017-03-23T14:24:06+08:00 ] ::1 /index.php?m=admin&c=login&a=check
INFO: [ app_begin ] --START--
INFO: Run Behavior\ReadHtmlCacheBehavior [ RunTime:0.000873s ]
INFO: [ app_begin ] --END-- [ RunTime:0.001516s ]
SQL: SELECT * FROM `cms_admin` WHERE ( username="admin" ) LIMIT 1   [ RunTime:0.0009s ]

[ 2017-03-23T14:25:50+08:00 ] ::1 /index.php?m=admin&c=login&a=check
INFO: [ app_begin ] --START--
INFO: Run Behavior\ReadHtmlCacheBehavior [ RunTime:0.001025s ]
INFO: [ app_begin ] --END-- [ RunTime:0.001543s ]
SQL: SELECT * FROM `cms_admin` WHERE ( username="admin" ) LIMIT 1   [ RunTime:0.0005s ]

[ 2017-03-23T14:26:40+08:00 ] ::1 /index.php?m=admin&c=login&a=check
INFO: [ app_begin ] --START--
INFO: Run Behavior\ReadHtmlCacheBehavior [ RunTime:0.001025s ]
INFO: [ app_begin ] --END-- [ RunTime:0.001789s ]
SQL: SELECT * FROM `cms_admin` WHERE ( username="admin" ) LIMIT 1   [ RunTime:0.0008s ]
SQL: UPDATE `cms_admin` SET `lastloginip`='0.0.0.0',`lastlogintime`='1490250400' WHERE `admin_id` = 1 [ RunTime:0.0006s ]

[ 2017-03-23T14:27:40+08:00 ] ::1 /index.php?m=admin&c=login&a=check
INFO: [ app_begin ] --START--
INFO: Run Behavior\ReadHtmlCacheBehavior [ RunTime:0.000986s ]
INFO: [ app_begin ] --END-- [ RunTime:0.001680s ]
SQL: SELECT * FROM `cms_admin` WHERE ( username="admin" ) LIMIT 1   [ RunTime:0.0008s ]
SQL: UPDATE `cms_admin` SET `lastloginip`='0.0.0.0',`lastlogintime`='1490250460' WHERE `admin_id` = 1 [ RunTime:0.0005s ]

[ 2017-03-23T14:35:16+08:00 ] ::1 /index.php?m=admin&c=login&a=check
INFO: [ app_begin ] --START--
INFO: Run Behavior\ReadHtmlCacheBehavior [ RunTime:0.000804s ]
INFO: [ app_begin ] --END-- [ RunTime:0.001275s ]
SQL: SELECT * FROM `cms_admin` WHERE ( username="admin" ) LIMIT 1   [ RunTime:0.0008s ]
NOTIC: [2] fopen(D:\phpStudy\WWW\ThinkPHP-for-Web\ThinkPHP\Library\Org\Net/UTFWry.dat): failed to open stream: No such file or directory D:\phpStudy\WWW\ThinkPHP-for-Web\ThinkPHP\Library\Org\Net\IpLocation.class.php 第 54 行.
SQL: UPDATE `cms_admin` SET `lastloginip`=NULL,`lastlogintime`='1490250916' WHERE `admin_id` = 1 [ RunTime:0.0003s ]

[ 2017-03-23T14:35:34+08:00 ] ::1 /index.php?m=admin&c=login&a=check
INFO: [ app_begin ] --START--
INFO: Run Behavior\ReadHtmlCacheBehavior [ RunTime:0.000743s ]
INFO: [ app_begin ] --END-- [ RunTime:0.001181s ]
SQL: SELECT * FROM `cms_admin` WHERE ( username="admin" ) LIMIT 1   [ RunTime:0.0007s ]
NOTIC: [2] fopen(D:\phpStudy\WWW\ThinkPHP-for-Web\ThinkPHP\Library\Org\Net/UTFWry.dat): failed to open stream: No such file or directory D:\phpStudy\WWW\ThinkPHP-for-Web\ThinkPHP\Library\Org\Net\IpLocation.class.php 第 54 行.

[ 2017-03-23T14:36:33+08:00 ] ::1 /index.php?m=admin&c=login&a=check
INFO: [ app_begin ] --START--
INFO: Run Behavior\ReadHtmlCacheBehavior [ RunTime:0.000556s ]
INFO: [ app_begin ] --END-- [ RunTime:0.000913s ]
SQL: SELECT * FROM `cms_admin` WHERE ( username="admin" ) LIMIT 1   [ RunTime:0.0005s ]
NOTIC: [2] fopen(D:\phpStudy\WWW\ThinkPHP-for-Web\ThinkPHP\Library\Org\Net/UTFWry.dat): failed to open stream: No such file or directory D:\phpStudy\WWW\ThinkPHP-for-Web\ThinkPHP\Library\Org\Net\IpLocation.class.php 第 54 行.

[ 2017-03-23T14:36:49+08:00 ] ::1 /index.php?m=admin&c=login&a=check
INFO: [ app_begin ] --START--
INFO: Run Behavior\ReadHtmlCacheBehavior [ RunTime:0.000592s ]
INFO: [ app_begin ] --END-- [ RunTime:0.001001s ]
SQL: SELECT * FROM `cms_admin` WHERE ( username="admin" ) LIMIT 1   [ RunTime:0.0004s ]
NOTIC: [2] fopen(D:\phpStudy\WWW\ThinkPHP-for-Web\ThinkPHP\Library\Org\Net/UTFWry.dat): failed to open stream: No such file or directory D:\phpStudy\WWW\ThinkPHP-for-Web\ThinkPHP\Library\Org\Net\IpLocation.class.php 第 54 行.

[ 2017-03-23T14:37:26+08:00 ] ::1 /index.php?m=admin&c=login&a=check
INFO: [ app_begin ] --START--
INFO: Run Behavior\ReadHtmlCacheBehavior [ RunTime:0.000984s ]
INFO: [ app_begin ] --END-- [ RunTime:0.001615s ]
SQL: SELECT * FROM `cms_admin` WHERE ( username="admin" ) LIMIT 1   [ RunTime:0.0006s ]

[ 2017-03-23T14:37:49+08:00 ] ::1 /index.php?m=admin&c=login&a=check
INFO: [ app_begin ] --START--
INFO: Run Behavior\ReadHtmlCacheBehavior [ RunTime:0.000687s ]
INFO: [ app_begin ] --END-- [ RunTime:0.001124s ]
SQL: SELECT * FROM `cms_admin` WHERE ( username="admin" ) LIMIT 1   [ RunTime:0.0009s ]
NOTIC: [2] fopen(D:\phpStudy\WWW\ThinkPHP-for-Web\ThinkPHP\Library\Org\Net/UTFWry.dat): failed to open stream: No such file or directory D:\phpStudy\WWW\ThinkPHP-for-Web\ThinkPHP\Library\Org\Net\IpLocation.class.php 第 54 行.

[ 2017-03-23T14:41:48+08:00 ] ::1 /index.php?m=admin&c=login&a=check
INFO: [ app_begin ] --START--
INFO: Run Behavior\ReadHtmlCacheBehavior [ RunTime:0.000918s ]
INFO: [ app_begin ] --END-- [ RunTime:0.001493s ]
SQL: SELECT * FROM `cms_admin` WHERE ( username="admin" ) LIMIT 1   [ RunTime:0.0008s ]
NOTIC: [2] fopen(D:\phpStudy\WWW\ThinkPHP-for-Web\ThinkPHP\Library\Org\Net/UTFWry.dat): failed to open stream: No such file or directory D:\phpStudy\WWW\ThinkPHP-for-Web\ThinkPHP\Library\Org\Net\IpLocation.class.php 第 54 行.

[ 2017-03-23T14:43:44+08:00 ] ::1 /index.php?m=admin&c=login&a=check
INFO: [ app_begin ] --START--
INFO: Run Behavior\ReadHtmlCacheBehavior [ RunTime:0.000846s ]
INFO: [ app_begin ] --END-- [ RunTime:0.001374s ]
SQL: SELECT * FROM `cms_admin` WHERE ( username="admin" ) LIMIT 1   [ RunTime:0.0008s ]
SQL: UPDATE `cms_admin` SET `lastloginip`='0.0.0.0',`lastlogintime`='1490251424' WHERE `admin_id` = 1 [ RunTime:0.0005s ]

[ 2017-03-23T14:54:36+08:00 ] ::1 /admin.php?c=admin&a=save
INFO: [ app_begin ] --START--
INFO: Run Behavior\ReadHtmlCacheBehavior [ RunTime:0.000793s ]
INFO: [ app_begin ] --END-- [ RunTime:0.001382s ]
ERR: 非法操作:save

[ 2017-03-23T14:56:53+08:00 ] ::1 /admin.php?c=admin&a=save
INFO: [ app_begin ] --START--
INFO: Run Behavior\ReadHtmlCacheBehavior [ RunTime:0.001422s ]
INFO: [ app_begin ] --END-- [ RunTime:0.002343s ]

[ 2017-03-23T14:58:43+08:00 ] ::1 /admin.php?c=admin&a=save
INFO: [ app_begin ] --START--
INFO: Run Behavior\ReadHtmlCacheBehavior [ RunTime:0.000711s ]
INFO: [ app_begin ] --END-- [ RunTime:0.001145s ]

[ 2017-03-23T14:59:48+08:00 ] ::1 /admin.php?c=admin&a=save
INFO: [ app_begin ] --START--
INFO: Run Behavior\ReadHtmlCacheBehavior [ RunTime:0.000791s ]
INFO: [ app_begin ] --END-- [ RunTime:0.001320s ]

[ 2017-03-23T15:04:14+08:00 ] ::1 /admin.php?c=admin&a=save
INFO: [ app_begin ] --START--
INFO: Run Behavior\ReadHtmlCacheBehavior [ RunTime:0.000910s ]
INFO: [ app_begin ] --END-- [ RunTime:0.001473s ]
SQL: UPDATE `cms_admin` SET `realname`='陈鹏杰',`email`='a260083304@outlook.com' WHERE `admin_id` = 1 [ RunTime:0.0021s ]

[ 2017-03-23T15:10:01+08:00 ] ::1 /admin.php?c=admin&a=save
INFO: [ app_begin ] --START--
INFO: Run Behavior\ReadHtmlCacheBehavior [ RunTime:0.000609s ]
INFO: [ app_begin ] --END-- [ RunTime:0.001272s ]
SQL: UPDATE `cms_admin` SET `realname`='陈鹏杰',`email`='a260083304@outlook.com' WHERE `admin_id` = 1 [ RunTime:0.0007s ]

[ 2017-03-23T15:10:05+08:00 ] ::1 /admin.php?c=admin&a=save
INFO: [ app_begin ] --START--
INFO: Run Behavior\ReadHtmlCacheBehavior [ RunTime:0.000672s ]
INFO: [ app_begin ] --END-- [ RunTime:0.001102s ]
SQL: UPDATE `cms_admin` SET `realname`='陈鹏杰1',`email`='a260083304@outlook.com' WHERE `admin_id` = 1 [ RunTime:0.0007s ]

[ 2017-03-23T15:10:33+08:00 ] ::1 /admin.php?c=admin&a=save
INFO: [ app_begin ] --START--
INFO: Run Behavior\ReadHtmlCacheBehavior [ RunTime:0.000685s ]
INFO: [ app_begin ] --END-- [ RunTime:0.001111s ]
SQL: UPDATE `cms_admin` SET `realname`='陈鹏杰1',`email`='a260083304@outlook.com' WHERE `admin_id` = 1 [ RunTime:0.0006s ]

[ 2017-03-23T15:12:53+08:00 ] ::1 /admin.php?c=admin&a=index
ERR: 1054:Unknown column 'id' in 'order clause'
 [ SQL语句 ] : SELECT * FROM `cms_admin` WHERE `status` = 1 ORDER BY id 

[ 2017-03-23T15:18:58+08:00 ] ::1 /index.php?m=admin&c=login&a=check
INFO: [ app_begin ] --START--
INFO: Run Behavior\ReadHtmlCacheBehavior [ RunTime:0.000562s ]
INFO: [ app_begin ] --END-- [ RunTime:0.000937s ]
SQL: SELECT * FROM `cms_admin` WHERE ( username="test" ) LIMIT 1   [ RunTime:0.0009s ]
SQL: UPDATE `cms_admin` SET `lastloginip`='0.0.0.0',`lastlogintime`='1490253538' WHERE `admin_id` = 3 [ RunTime:0.0005s ]

[ 2017-03-23T15:38:15+08:00 ] ::1 /index.php?m=admin&c=login&a=check
INFO: [ app_begin ] --START--
INFO: Run Behavior\ReadHtmlCacheBehavior [ RunTime:0.000575s ]
INFO: [ app_begin ] --END-- [ RunTime:0.000969s ]
SQL: SELECT * FROM `cms_admin` WHERE ( username="test" ) LIMIT 1   [ RunTime:0.0008s ]
SQL: UPDATE `cms_admin` SET `lastloginip`='0.0.0.0',`lastlogintime`='1490254695' WHERE `admin_id` = 3 [ RunTime:0.0007s ]

[ 2017-03-23T15:44:36+08:00 ] ::1 /admin.php?c=admin&a=save
INFO: [ app_begin ] --START--
INFO: Run Behavior\ReadHtmlCacheBehavior [ RunTime:0.000680s ]
INFO: [ app_begin ] --END-- [ RunTime:0.001110s ]
SQL: UPDATE `cms_admin` SET `realname`='陈鹏杰',`email`='260083304@qq.com' WHERE `admin_id` = 3 [ RunTime:0.0009s ]

[ 2017-03-23T15:44:56+08:00 ] ::1 /index.php?m=admin&c=login&a=check
INFO: [ app_begin ] --START--
INFO: Run Behavior\ReadHtmlCacheBehavior [ RunTime:0.000805s ]
INFO: [ app_begin ] --END-- [ RunTime:0.001235s ]
SQL: SELECT * FROM `cms_admin` WHERE ( username="admin" ) LIMIT 1   [ RunTime:0.0008s ]
SQL: UPDATE `cms_admin` SET `lastloginip`='0.0.0.0',`lastlogintime`='1490255096' WHERE `admin_id` = 1 [ RunTime:0.0004s ]

