[ 2017-03-17T08:07:59+08:00 ] ::1 /admin/login/index
INFO: [ app_init ] --START--
INFO: Run Behavior\BuildLiteBehavior [ RunTime:0.000013s ]
INFO: [ app_init ] --END-- [ RunTime:0.000376s ]
INFO: [ app_begin ] --START--
INFO: Run Behavior\ReadHtmlCacheBehavior [ RunTime:0.000477s ]
INFO: [ app_begin ] --END-- [ RunTime:0.000528s ]
INFO: [ view_parse ] --START--
INFO: [ template_filter ] --START--
INFO: Run Behavior\ContentReplaceBehavior [ RunTime:0.019444s ]
INFO: [ template_filter ] --END-- [ RunTime:0.019528s ]
INFO: Run Behavior\ParseTemplateBehavior [ RunTime:0.191667s ]
INFO: [ view_parse ] --END-- [ RunTime:0.191751s ]
INFO: [ view_filter ] --START--
INFO: Run Behavior\WriteHtmlCacheBehavior [ RunTime:0.000305s ]
INFO: [ view_filter ] --END-- [ RunTime:0.000345s ]
INFO: [ app_end ] --START--
INFO: Run Behavior\ShowPageTraceBehavior [ RunTime:0.000489s ]
INFO: [ app_end ] --END-- [ RunTime:0.000532s ]

[ 2017-03-17T08:07:59+08:00 ] ::1 /admin/login/signin.css
INFO: [ app_init ] --START--
INFO: Run Behavior\BuildLiteBehavior [ RunTime:0.000014s ]
INFO: [ app_init ] --END-- [ RunTime:0.000390s ]
INFO: [ app_begin ] --START--
INFO: Run Behavior\ReadHtmlCacheBehavior [ RunTime:0.000680s ]
INFO: [ app_begin ] --END-- [ RunTime:0.000754s ]
ERR: 非法操作:signin.css

[ 2017-03-17T08:08:00+08:00 ] ::1 /admin/login/index
INFO: [ app_init ] --START--
INFO: Run Behavior\BuildLiteBehavior [ RunTime:0.000012s ]
INFO: [ app_init ] --END-- [ RunTime:0.000445s ]
INFO: [ app_begin ] --START--
INFO: Run Behavior\ReadHtmlCacheBehavior [ RunTime:0.000872s ]
INFO: [ app_begin ] --END-- [ RunTime:0.000947s ]
INFO: [ view_parse ] --START--
INFO: [ template_filter ] --START--
INFO: Run Behavior\ContentReplaceBehavior [ RunTime:0.000035s ]
INFO: [ template_filter ] --END-- [ RunTime:0.000082s ]
INFO: Run Behavior\ParseTemplateBehavior [ RunTime:0.007155s ]
INFO: [ view_parse ] --END-- [ RunTime:0.007211s ]
INFO: [ view_filter ] --START--
INFO: Run Behavior\WriteHtmlCacheBehavior [ RunTime:0.000484s ]
INFO: [ view_filter ] --END-- [ RunTime:0.000523s ]
INFO: [ app_end ] --START--
INFO: Run Behavior\ShowPageTraceBehavior [ RunTime:0.000684s ]
INFO: [ app_end ] --END-- [ RunTime:0.000726s ]

[ 2017-03-17T08:08:06+08:00 ] ::1 /index.php?m=admin&c=login&a=check
INFO: [ app_init ] --START--
INFO: Run Behavior\BuildLiteBehavior [ RunTime:0.000013s ]
INFO: [ app_init ] --END-- [ RunTime:0.000499s ]
INFO: [ app_begin ] --START--
INFO: Run Behavior\ReadHtmlCacheBehavior [ RunTime:0.000867s ]
INFO: [ app_begin ] --END-- [ RunTime:0.000944s ]
SQL: SELECT * FROM `cms_admin` WHERE ( username="admin" ) LIMIT 1   [ RunTime:0.0728s ]

[ 2017-03-17T08:08:07+08:00 ] ::1 /index.php?m=admin&c=index&a=index
INFO: [ app_init ] --START--
INFO: Run Behavior\BuildLiteBehavior [ RunTime:0.000015s ]
INFO: [ app_init ] --END-- [ RunTime:0.000451s ]
INFO: [ app_begin ] --START--
INFO: Run Behavior\ReadHtmlCacheBehavior [ RunTime:0.000558s ]
INFO: [ app_begin ] --END-- [ RunTime:0.000638s ]
INFO: [ view_parse ] --START--
INFO: [ template_filter ] --START--
INFO: Run Behavior\ContentReplaceBehavior [ RunTime:0.000126s ]
INFO: [ template_filter ] --END-- [ RunTime:0.000240s ]
NOTIC: [8] Undefined variable: navs D:\phpStudy\WWW\ThinkPHP-for-Web\Apps\Runtime\Cache\Admin\859e94050170c96367cb52465a51a945.php 第 77 行.
NOTIC: [8] Undefined variable: admincount D:\phpStudy\WWW\ThinkPHP-for-Web\Apps\Runtime\Cache\Admin\859e94050170c96367cb52465a51a945.php 第 114 行.
NOTIC: [8] Undefined variable: newscount D:\phpStudy\WWW\ThinkPHP-for-Web\Apps\Runtime\Cache\Admin\859e94050170c96367cb52465a51a945.php 第 136 行.
NOTIC: [8] Undefined variable: news D:\phpStudy\WWW\ThinkPHP-for-Web\Apps\Runtime\Cache\Admin\859e94050170c96367cb52465a51a945.php 第 158 行.
NOTIC: [8] Undefined variable: news D:\phpStudy\WWW\ThinkPHP-for-Web\Apps\Runtime\Cache\Admin\859e94050170c96367cb52465a51a945.php 第 163 行.
NOTIC: [8] Undefined variable: news D:\phpStudy\WWW\ThinkPHP-for-Web\Apps\Runtime\Cache\Admin\859e94050170c96367cb52465a51a945.php 第 167 行.
NOTIC: [8] Undefined variable: positioncount D:\phpStudy\WWW\ThinkPHP-for-Web\Apps\Runtime\Cache\Admin\859e94050170c96367cb52465a51a945.php 第 180 行.
INFO: Run Behavior\ParseTemplateBehavior [ RunTime:0.208019s ]
INFO: [ view_parse ] --END-- [ RunTime:0.208087s ]
INFO: [ view_filter ] --START--
INFO: Run Behavior\WriteHtmlCacheBehavior [ RunTime:0.000650s ]
INFO: [ view_filter ] --END-- [ RunTime:0.000701s ]
INFO: [ app_end ] --START--
INFO: Run Behavior\ShowPageTraceBehavior [ RunTime:0.001107s ]
INFO: [ app_end ] --END-- [ RunTime:0.001161s ]

[ 2017-03-17T08:10:16+08:00 ] ::1 /index.php?m=admin&c=index&a=index
INFO: [ app_init ] --START--
INFO: Run Behavior\BuildLiteBehavior [ RunTime:0.000015s ]
INFO: [ app_init ] --END-- [ RunTime:0.000578s ]
INFO: [ app_begin ] --START--
INFO: Run Behavior\ReadHtmlCacheBehavior [ RunTime:0.000891s ]
INFO: [ app_begin ] --END-- [ RunTime:0.000953s ]
INFO: [ view_parse ] --START--
INFO: [ template_filter ] --START--
INFO: Run Behavior\ContentReplaceBehavior [ RunTime:0.000054s ]
INFO: [ template_filter ] --END-- [ RunTime:0.000103s ]

[ 2017-03-17T08:10:24+08:00 ] ::1 /index.php?m=admin&c=index&a=index
INFO: [ app_init ] --START--
INFO: Run Behavior\BuildLiteBehavior [ RunTime:0.000015s ]
INFO: [ app_init ] --END-- [ RunTime:0.000566s ]
INFO: [ app_begin ] --START--
INFO: Run Behavior\ReadHtmlCacheBehavior [ RunTime:0.000905s ]
INFO: [ app_begin ] --END-- [ RunTime:0.000969s ]
INFO: [ view_parse ] --START--
INFO: [ template_filter ] --START--
INFO: Run Behavior\ContentReplaceBehavior [ RunTime:0.000065s ]
INFO: [ template_filter ] --END-- [ RunTime:0.000117s ]

[ 2017-03-17T08:10:32+08:00 ] ::1 /index.php?m=admin&c=index&a=index
INFO: [ app_init ] --START--
INFO: Run Behavior\BuildLiteBehavior [ RunTime:0.000014s ]
INFO: [ app_init ] --END-- [ RunTime:0.000493s ]
INFO: [ app_begin ] --START--
INFO: Run Behavior\ReadHtmlCacheBehavior [ RunTime:0.000764s ]
INFO: [ app_begin ] --END-- [ RunTime:0.000825s ]
INFO: [ view_parse ] --START--
INFO: [ template_filter ] --START--
INFO: Run Behavior\ContentReplaceBehavior [ RunTime:0.000054s ]
INFO: [ template_filter ] --END-- [ RunTime:0.000105s ]
NOTIC: [8] Undefined variable: navs D:\phpStudy\WWW\ThinkPHP-for-Web\Apps\Runtime\Cache\Admin\859e94050170c96367cb52465a51a945.php 第 77 行.
NOTIC: [8] Undefined variable: admincount D:\phpStudy\WWW\ThinkPHP-for-Web\Apps\Runtime\Cache\Admin\859e94050170c96367cb52465a51a945.php 第 114 行.
NOTIC: [8] Undefined variable: newscount D:\phpStudy\WWW\ThinkPHP-for-Web\Apps\Runtime\Cache\Admin\859e94050170c96367cb52465a51a945.php 第 136 行.
NOTIC: [8] Undefined variable: news D:\phpStudy\WWW\ThinkPHP-for-Web\Apps\Runtime\Cache\Admin\859e94050170c96367cb52465a51a945.php 第 158 行.
NOTIC: [8] Undefined variable: news D:\phpStudy\WWW\ThinkPHP-for-Web\Apps\Runtime\Cache\Admin\859e94050170c96367cb52465a51a945.php 第 163 行.
NOTIC: [8] Undefined variable: news D:\phpStudy\WWW\ThinkPHP-for-Web\Apps\Runtime\Cache\Admin\859e94050170c96367cb52465a51a945.php 第 167 行.
NOTIC: [8] Undefined variable: positioncount D:\phpStudy\WWW\ThinkPHP-for-Web\Apps\Runtime\Cache\Admin\859e94050170c96367cb52465a51a945.php 第 180 行.
INFO: Run Behavior\ParseTemplateBehavior [ RunTime:0.044042s ]
INFO: [ view_parse ] --END-- [ RunTime:0.044096s ]
INFO: [ view_filter ] --START--
INFO: Run Behavior\WriteHtmlCacheBehavior [ RunTime:0.000506s ]
INFO: [ view_filter ] --END-- [ RunTime:0.000547s ]
INFO: [ app_end ] --START--
INFO: Run Behavior\ShowPageTraceBehavior [ RunTime:0.000668s ]
INFO: [ app_end ] --END-- [ RunTime:0.000712s ]

[ 2017-03-17T08:10:45+08:00 ] ::1 /index.php?m=admin&c=index&a=index
INFO: [ app_init ] --START--
INFO: Run Behavior\BuildLiteBehavior [ RunTime:0.000013s ]
INFO: [ app_init ] --END-- [ RunTime:0.000482s ]
INFO: [ app_begin ] --START--
INFO: Run Behavior\ReadHtmlCacheBehavior [ RunTime:0.000966s ]
INFO: [ app_begin ] --END-- [ RunTime:0.001068s ]
INFO: [ view_parse ] --START--
INFO: [ template_filter ] --START--
INFO: Run Behavior\ContentReplaceBehavior [ RunTime:0.000054s ]
INFO: [ template_filter ] --END-- [ RunTime:0.000101s ]
NOTIC: [8] Undefined variable: navs D:\phpStudy\WWW\ThinkPHP-for-Web\Apps\Runtime\Cache\Admin\859e94050170c96367cb52465a51a945.php 第 77 行.
NOTIC: [8] Undefined variable: admincount D:\phpStudy\WWW\ThinkPHP-for-Web\Apps\Runtime\Cache\Admin\859e94050170c96367cb52465a51a945.php 第 114 行.
NOTIC: [8] Undefined variable: newscount D:\phpStudy\WWW\ThinkPHP-for-Web\Apps\Runtime\Cache\Admin\859e94050170c96367cb52465a51a945.php 第 136 行.
NOTIC: [8] Undefined variable: news D:\phpStudy\WWW\ThinkPHP-for-Web\Apps\Runtime\Cache\Admin\859e94050170c96367cb52465a51a945.php 第 158 行.
NOTIC: [8] Undefined variable: news D:\phpStudy\WWW\ThinkPHP-for-Web\Apps\Runtime\Cache\Admin\859e94050170c96367cb52465a51a945.php 第 163 行.
NOTIC: [8] Undefined variable: news D:\phpStudy\WWW\ThinkPHP-for-Web\Apps\Runtime\Cache\Admin\859e94050170c96367cb52465a51a945.php 第 167 行.
NOTIC: [8] Undefined variable: positioncount D:\phpStudy\WWW\ThinkPHP-for-Web\Apps\Runtime\Cache\Admin\859e94050170c96367cb52465a51a945.php 第 180 行.
INFO: Run Behavior\ParseTemplateBehavior [ RunTime:0.045702s ]
INFO: [ view_parse ] --END-- [ RunTime:0.045755s ]
INFO: [ view_filter ] --START--
INFO: Run Behavior\WriteHtmlCacheBehavior [ RunTime:0.000515s ]
INFO: [ view_filter ] --END-- [ RunTime:0.000554s ]
INFO: [ app_end ] --START--
INFO: Run Behavior\ShowPageTraceBehavior [ RunTime:0.000736s ]
INFO: [ app_end ] --END-- [ RunTime:0.000779s ]

[ 2017-03-17T08:11:55+08:00 ] ::1 /index.php?m=admin&c=login&a=loginOut
INFO: [ app_init ] --START--
INFO: Run Behavior\BuildLiteBehavior [ RunTime:0.000014s ]
INFO: [ app_init ] --END-- [ RunTime:0.000481s ]
INFO: [ app_begin ] --START--
INFO: Run Behavior\ReadHtmlCacheBehavior [ RunTime:0.000759s ]
INFO: [ app_begin ] --END-- [ RunTime:0.000813s ]
NOTIC: [8] Undefined variable: module D:\phpStudy\WWW\ThinkPHP-for-Web\ThinkPHP\Common\functions.php 第 990 行.
NOTIC: [8] Undefined variable: var D:\phpStudy\WWW\ThinkPHP-for-Web\ThinkPHP\Common\functions.php 第 990 行.
NOTIC: [2] array_reverse() expects parameter 1 to be array, null given D:\phpStudy\WWW\ThinkPHP-for-Web\ThinkPHP\Common\functions.php 第 990 行.
NOTIC: [2] http_build_query(): Parameter 1 expected to be Array or Object.  Incorrect value given D:\phpStudy\WWW\ThinkPHP-for-Web\ThinkPHP\Common\functions.php 第 990 行.

[ 2017-03-17T08:11:55+08:00 ] ::1 /index.php?m=&&m=admin&c=login&a=index
INFO: [ app_init ] --START--
INFO: Run Behavior\BuildLiteBehavior [ RunTime:0.000012s ]
INFO: [ app_init ] --END-- [ RunTime:0.000374s ]
INFO: [ app_begin ] --START--
INFO: Run Behavior\ReadHtmlCacheBehavior [ RunTime:0.000624s ]
INFO: [ app_begin ] --END-- [ RunTime:0.000675s ]
INFO: [ view_parse ] --START--
INFO: [ template_filter ] --START--
INFO: Run Behavior\ContentReplaceBehavior [ RunTime:0.000085s ]
INFO: [ template_filter ] --END-- [ RunTime:0.000233s ]
INFO: Run Behavior\ParseTemplateBehavior [ RunTime:0.023468s ]
INFO: [ view_parse ] --END-- [ RunTime:0.023559s ]
INFO: [ view_filter ] --START--
INFO: Run Behavior\WriteHtmlCacheBehavior [ RunTime:0.000513s ]
INFO: [ view_filter ] --END-- [ RunTime:0.000555s ]
INFO: [ app_end ] --START--
INFO: Run Behavior\ShowPageTraceBehavior [ RunTime:0.000681s ]
INFO: [ app_end ] --END-- [ RunTime:0.000725s ]

[ 2017-03-17T08:11:56+08:00 ] ::1 /index.php?m=&&m=admin&c=login&a=index
INFO: [ app_init ] --START--
INFO: Run Behavior\BuildLiteBehavior [ RunTime:0.000013s ]
INFO: [ app_init ] --END-- [ RunTime:0.000440s ]
INFO: [ app_begin ] --START--
INFO: Run Behavior\ReadHtmlCacheBehavior [ RunTime:0.000769s ]
INFO: [ app_begin ] --END-- [ RunTime:0.000864s ]
INFO: [ view_parse ] --START--
INFO: [ template_filter ] --START--
INFO: Run Behavior\ContentReplaceBehavior [ RunTime:0.000070s ]
INFO: [ template_filter ] --END-- [ RunTime:0.000200s ]
INFO: Run Behavior\ParseTemplateBehavior [ RunTime:0.007917s ]
INFO: [ view_parse ] --END-- [ RunTime:0.008033s ]
INFO: [ view_filter ] --START--
INFO: Run Behavior\WriteHtmlCacheBehavior [ RunTime:0.000319s ]
INFO: [ view_filter ] --END-- [ RunTime:0.000356s ]
INFO: [ app_end ] --START--
INFO: Run Behavior\ShowPageTraceBehavior [ RunTime:0.000526s ]
INFO: [ app_end ] --END-- [ RunTime:0.000568s ]

[ 2017-03-17T08:12:02+08:00 ] ::1 /index.php?m=admin&c=login&a=check
INFO: [ app_init ] --START--
INFO: Run Behavior\BuildLiteBehavior [ RunTime:0.000033s ]
INFO: [ app_init ] --END-- [ RunTime:0.000636s ]
INFO: [ app_begin ] --START--
INFO: Run Behavior\ReadHtmlCacheBehavior [ RunTime:0.001198s ]
INFO: [ app_begin ] --END-- [ RunTime:0.001354s ]
SQL: SELECT * FROM `cms_admin` WHERE ( username="admin" ) LIMIT 1   [ RunTime:0.0009s ]

[ 2017-03-17T08:12:04+08:00 ] ::1 /index.php?m=admin&c=index&a=index
INFO: [ app_init ] --START--
INFO: Run Behavior\BuildLiteBehavior [ RunTime:0.000015s ]
INFO: [ app_init ] --END-- [ RunTime:0.000481s ]
INFO: [ app_begin ] --START--
INFO: Run Behavior\ReadHtmlCacheBehavior [ RunTime:0.000861s ]
INFO: [ app_begin ] --END-- [ RunTime:0.000976s ]
INFO: [ view_parse ] --START--
INFO: [ template_filter ] --START--
INFO: Run Behavior\ContentReplaceBehavior [ RunTime:0.000056s ]
INFO: [ template_filter ] --END-- [ RunTime:0.000104s ]
NOTIC: [8] Undefined variable: navs D:\phpStudy\WWW\ThinkPHP-for-Web\Apps\Runtime\Cache\Admin\859e94050170c96367cb52465a51a945.php 第 77 行.
NOTIC: [8] Undefined variable: admincount D:\phpStudy\WWW\ThinkPHP-for-Web\Apps\Runtime\Cache\Admin\859e94050170c96367cb52465a51a945.php 第 114 行.
NOTIC: [8] Undefined variable: newscount D:\phpStudy\WWW\ThinkPHP-for-Web\Apps\Runtime\Cache\Admin\859e94050170c96367cb52465a51a945.php 第 136 行.
NOTIC: [8] Undefined variable: news D:\phpStudy\WWW\ThinkPHP-for-Web\Apps\Runtime\Cache\Admin\859e94050170c96367cb52465a51a945.php 第 158 行.
NOTIC: [8] Undefined variable: news D:\phpStudy\WWW\ThinkPHP-for-Web\Apps\Runtime\Cache\Admin\859e94050170c96367cb52465a51a945.php 第 163 行.
NOTIC: [8] Undefined variable: news D:\phpStudy\WWW\ThinkPHP-for-Web\Apps\Runtime\Cache\Admin\859e94050170c96367cb52465a51a945.php 第 167 行.
NOTIC: [8] Undefined variable: positioncount D:\phpStudy\WWW\ThinkPHP-for-Web\Apps\Runtime\Cache\Admin\859e94050170c96367cb52465a51a945.php 第 180 行.
INFO: Run Behavior\ParseTemplateBehavior [ RunTime:0.059524s ]
INFO: [ view_parse ] --END-- [ RunTime:0.059593s ]
INFO: [ view_filter ] --START--
INFO: Run Behavior\WriteHtmlCacheBehavior [ RunTime:0.000311s ]
INFO: [ view_filter ] --END-- [ RunTime:0.000351s ]
INFO: [ app_end ] --START--
INFO: Run Behavior\ShowPageTraceBehavior [ RunTime:0.000487s ]
INFO: [ app_end ] --END-- [ RunTime:0.000527s ]

