[ 2017-03-20T09:11:03+08:00 ] ::1 /index.php?m=admin&c=login&a=check
INFO: [ app_begin ] --START--
INFO: Run Behavior\ReadHtmlCacheBehavior [ RunTime:0.000601s ]
INFO: [ app_begin ] --END-- [ RunTime:0.001063s ]
SQL: SELECT * FROM `cms_admin` WHERE ( username="admin" ) LIMIT 1   [ RunTime:0.0331s ]

[ 2017-03-20T09:28:02+08:00 ] ::1 /admin.php?c=image&a=kindupload&dir=image
NOTIC: 建议使用E方法替代throw_exception

[ 2017-03-20T09:28:07+08:00 ] ::1 /admin.php?c=image&a=kindupload&dir=image
NOTIC: 建议使用E方法替代throw_exception

[ 2017-03-20T09:29:10+08:00 ] ::1 /admin.php?c=image&a=kindupload&dir=image
NOTIC: 建议使用E方法替代throw_exception

[ 2017-03-20T11:38:52+08:00 ] ::1 /admin.php?c=content&a=add
ERR: 1054:Unknown column 'menu' in 'order clause'
 [ SQL语句 ] : SELECT * FROM `cms_menu` WHERE `status` <> -1 AND `type` = 0 ORDER BY listorder ,menu+id  

[ 2017-03-20T12:27:39+08:00 ] ::1 /admin.php?c=content&a=add
ERR: 1054:Unknown column 'menu' in 'order clause'
 [ SQL语句 ] : SELECT * FROM `cms_menu` WHERE `status` <> -1 AND `type` = 0 ORDER BY listorder ,menu+id  

[ 2017-03-20T12:49:46+08:00 ] ::1 /admin.php?c=menu&a=add
INFO: [ app_begin ] --START--
INFO: Run Behavior\ReadHtmlCacheBehavior [ RunTime:0.000672s ]
INFO: [ app_begin ] --END-- [ RunTime:0.001100s ]
NOTIC: [8] Undefined index: menu_id D:\phpStudy\WWW\ThinkPHP-for-Web\Apps\Admin\Controller\MenuController.class.php 第 53 行.
SQL: INSERT INTO `cms_menu` (`name`,`type`,`m`,`c`,`f`,`status`) VALUES ('文章','0','admin','content','index','1') [ RunTime:0.0401s ]

[ 2017-03-20T12:50:11+08:00 ] ::1 /admin.php?c=menu&a=add
INFO: [ app_begin ] --START--
INFO: Run Behavior\ReadHtmlCacheBehavior [ RunTime:0.000877s ]
INFO: [ app_begin ] --END-- [ RunTime:0.001413s ]
NOTIC: [8] Undefined index: menu_id D:\phpStudy\WWW\ThinkPHP-for-Web\Apps\Admin\Controller\MenuController.class.php 第 53 行.
SQL: INSERT INTO `cms_menu` (`name`,`type`,`m`,`c`,`f`,`status`) VALUES ('推荐位','1','admin','content','index','1') [ RunTime:0.0007s ]

[ 2017-03-20T12:51:25+08:00 ] ::1 /admin.php?c=menu&a=add
INFO: [ app_begin ] --START--
INFO: Run Behavior\ReadHtmlCacheBehavior [ RunTime:0.000468s ]
INFO: [ app_begin ] --END-- [ RunTime:0.000817s ]
SQL: UPDATE `cms_menu` SET `name`='推荐位',`type`='0',`m`='admin',`c`='content',`f`='index',`status`='1' WHERE ( menu_id=31 ) [ RunTime:0.0148s ]

[ 2017-03-20T13:05:38+08:00 ] ::1 /admin.php?c=content&a=add
ERR: 无法加载数据库驱动: Think\Db\Driver\

[ 2017-03-20T13:06:07+08:00 ] ::1 /admin.php?c=content&a=add
ERR: 无法加载数据库驱动: Think\Db\Driver\

[ 2017-03-20T13:06:09+08:00 ] ::1 /admin.php?c=content&a=add
ERR: 无法加载数据库驱动: Think\Db\Driver\

[ 2017-03-20T13:06:23+08:00 ] ::1 /admin.php?c=content&a=add
ERR: 无法加载数据库驱动: Think\Db\Driver\

[ 2017-03-20T13:06:34+08:00 ] ::1 /admin.php?c=content&a=add
ERR: 无法加载数据库驱动: Think\Db\Driver\

[ 2017-03-20T13:06:36+08:00 ] ::1 /admin.php?c=content&a=add
ERR: 无法加载数据库驱动: Think\Db\Driver\

[ 2017-03-20T13:06:36+08:00 ] ::1 /admin.php?c=content&a=add
ERR: 无法加载数据库驱动: Think\Db\Driver\

[ 2017-03-20T13:06:37+08:00 ] ::1 /admin.php?c=content&a=add
ERR: 无法加载数据库驱动: Think\Db\Driver\

[ 2017-03-20T13:06:38+08:00 ] ::1 /admin.php?c=content&a=add
ERR: 无法加载数据库驱动: Think\Db\Driver\

[ 2017-03-20T13:06:47+08:00 ] ::1 /admin.php?c=content&a=add
ERR: 无法加载数据库驱动: Think\Db\Driver\

[ 2017-03-20T13:06:51+08:00 ] ::1 /admin.php?c=content&a=index
ERR: 无法加载数据库驱动: Think\Db\Driver\

[ 2017-03-20T13:06:52+08:00 ] ::1 /admin.php?c=menu
ERR: 无法加载数据库驱动: Think\Db\Driver\

[ 2017-03-20T13:06:53+08:00 ] ::1 /admin.php?c=menu&a=edit&id=31
ERR: 无法加载数据库驱动: Think\Db\Driver\

[ 2017-03-20T13:06:53+08:00 ] ::1 /admin.php?c=menu&a=index
ERR: 无法加载数据库驱动: Think\Db\Driver\

[ 2017-03-20T13:06:59+08:00 ] ::1 /admin.php?c=menu&a=add
ERR: 无法加载数据库驱动: Think\Db\Driver\

[ 2017-03-20T13:07:10+08:00 ] ::1 /admin.php?c=content&a=add
ERR: 无法加载数据库驱动: Think\Db\Driver\

[ 2017-03-20T13:07:18+08:00 ] ::1 /admin.php
ERR: 无法加载数据库驱动: Think\Db\Driver\

[ 2017-03-20T13:07:35+08:00 ] ::1 /admin.php
ERR: 无法加载数据库驱动: Think\Db\Driver\

